{"meta": {"format": 3, "version": "7.10.5", "timestamp": "2025-11-20T13:57:11.773003", "branch_coverage": false, "show_contexts": false}, "files": {"app/__init__.py": {"executed_lines": [], "summary": {"covered_lines": 0, "num_statements": 5, "percent_covered": 0.0, "percent_covered_display": "0", "missing_lines": 5, "excluded_lines": 0}, "missing_lines": [5, 8, 9, 10, 12], "excluded_lines": [], "functions": {"": {"executed_lines": [], "summary": {"covered_lines": 0, "num_statements": 5, "percent_covered": 0.0, "percent_covered_display": "0", "missing_lines": 5, "excluded_lines": 0}, "missing_lines": [5, 8, 9, 10, 12], "excluded_lines": []}}, "classes": {"": {"executed_lines": [], "summary": {"covered_lines": 0, "num_statements": 5, "percent_covered": 0.0, "percent_covered_display": "0", "missing_lines": 5, "excluded_lines": 0}, "missing_lines": [5, 8, 9, 10, 12], "excluded_lines": []}}}, "app/main.py": {"executed_lines": [5, 20, 22, 23, 24, 26, 27, 28, 29, 30, 31, 37, 39, 40, 42, 45, 50, 53, 63, 64, 103, 104, 161, 162, 178, 179, 187, 188, 207, 208, 223, 224, 279, 282, 283, 289, 299, 302, 314, 317, 320], "summary": {"covered_lines": 40, "num_statements": 144, "percent_covered": 27.77777777777778, "percent_covered_display": "28", "missing_lines": 104, "excluded_lines": 0}, "missing_lines": [46, 67, 68, 69, 70, 73, 74, 75, 76, 77, 78, 79, 82, 83, 86, 87, 88, 89, 90, 91, 92, 94, 95, 96, 97, 98, 100, 113, 114, 115, 118, 119, 120, 121, 123, 127, 128, 129, 132, 133, 138, 139, 140, 141, 142, 144, 145, 146, 148, 149, 150, 152, 158, 164, 165, 168, 169, 170, 173, 174, 175, 181, 182, 183, 184, 197, 198, 199, 201, 202, 203, 204, 210, 212, 213, 214, 217, 218, 219, 220, 244, 245, 247, 248, 250, 252, 253, 254, 256, 257, 263, 264, 268, 271, 272, 273, 274, 276, 304, 305, 308, 309, 310, 311], "excluded_lines": [], "functions": {"_initialize_application": {"executed_lines": [], "summary": {"covered_lines": 0, "num_statements": 26, "percent_covered": 0.0, "percent_covered_display": "0", "missing_lines": 26, "excluded_lines": 0}, "missing_lines": [67, 68, 69, 70, 73, 74, 75, 76, 77, 78, 79, 82, 83, 86, 87, 88, 89, 90, 91, 92, 94, 95, 96, 97, 98, 100], "excluded_lines": []}, "_start_domain_bootstrap": {"executed_lines": [], "summary": {"covered_lines": 0, "num_statements": 26, "percent_covered": 0.0, "percent_covered_display": "0", "missing_lines": 26, "excluded_lines": 0}, "missing_lines": [113, 114, 115, 118, 119, 120, 121, 123, 127, 128, 129, 132, 133, 138, 139, 140, 141, 142, 144, 145, 146, 148, 149, 150, 152, 158], "excluded_lines": []}, "_cleanup_playlist_routes": {"executed_lines": [], "summary": {"covered_lines": 0, "num_statements": 8, "percent_covered": 0.0, "percent_covered_display": "0", "missing_lines": 8, "excluded_lines": 0}, "missing_lines": [164, 165, 168, 169, 170, 173, 174, 175], "excluded_lines": []}, "_cleanup_application": {"executed_lines": [], "summary": {"covered_lines": 0, "num_statements": 4, "percent_covered": 0.0, "percent_covered_display": "0", "missing_lines": 4, "excluded_lines": 0}, "missing_lines": [181, 182, 183, 184], "excluded_lines": []}, "_cleanup_domain": {"executed_lines": [], "summary": {"covered_lines": 0, "num_statements": 7, "percent_covered": 0.0, "percent_covered_display": "0", "missing_lines": 7, "excluded_lines": 0}, "missing_lines": [197, 198, 199, 201, 202, 203, 204], "excluded_lines": []}, "_cleanup_socketio": {"executed_lines": [], "summary": {"covered_lines": 0, "num_statements": 8, "percent_covered": 0.0, "percent_covered_display": "0", "missing_lines": 8, "excluded_lines": 0}, "missing_lines": [210, 212, 213, 214, 217, 218, 219, 220], "excluded_lines": []}, "lifespan": {"executed_lines": [], "summary": {"covered_lines": 0, "num_statements": 18, "percent_covered": 0.0, "percent_covered_display": "0", "missing_lines": 18, "excluded_lines": 0}, "missing_lines": [244, 245, 247, 248, 250, 252, 253, 254, 256, 257, 263, 264, 268, 271, 272, 273, 274, 276], "excluded_lines": []}, "custom_openapi": {"executed_lines": [], "summary": {"covered_lines": 0, "num_statements": 6, "percent_covered": 0.0, "percent_covered_display": "0", "missing_lines": 6, "excluded_lines": 0}, "missing_lines": [304, 305, 308, 309, 310, 311], "excluded_lines": []}, "": {"executed_lines": [5, 20, 22, 23, 24, 26, 27, 28, 29, 30, 31, 37, 39, 40, 42, 45, 50, 53, 63, 64, 103, 104, 161, 162, 178, 179, 187, 188, 207, 208, 223, 224, 279, 282, 283, 289, 299, 302, 314, 317, 320], "summary": {"covered_lines": 40, "num_statements": 41, "percent_covered": 97.5609756097561, "percent_covered_display": "98", "missing_lines": 1, "excluded_lines": 0}, "missing_lines": [46], "excluded_lines": []}}, "classes": {"": {"executed_lines": [5, 20, 22, 23, 24, 26, 27, 28, 29, 30, 31, 37, 39, 40, 42, 45, 50, 53, 63, 64, 103, 104, 161, 162, 178, 179, 187, 188, 207, 208, 223, 224, 279, 282, 283, 289, 299, 302, 314, 317, 320], "summary": {"covered_lines": 40, "num_statements": 144, "percent_covered": 27.77777777777778, "percent_covered_display": "28", "missing_lines": 104, "excluded_lines": 0}, "missing_lines": [46, 67, 68, 69, 70, 73, 74, 75, 76, 77, 78, 79, 82, 83, 86, 87, 88, 89, 90, 91, 92, 94, 95, 96, 97, 98, 100, 113, 114, 115, 118, 119, 120, 121, 123, 127, 128, 129, 132, 133, 138, 139, 140, 141, 142, 144, 145, 146, 148, 149, 150, 152, 158, 164, 165, 168, 169, 170, 173, 174, 175, 181, 182, 183, 184, 197, 198, 199, 201, 202, 203, 204, 210, 212, 213, 214, 217, 218, 219, 220, 244, 245, 247, 248, 250, 252, 253, 254, 256, 257, 263, 264, 268, 271, 272, 273, 274, 276, 304, 305, 308, 309, 310, 311], "excluded_lines": []}}}, "app/src/__init__.py": {"executed_lines": [5, 7, 8, 9, 12, 14], "summary": {"covered_lines": 5, "num_statements": 5, "percent_covered": 100.0, "percent_covered_display": "100", "missing_lines": 0, "excluded_lines": 0}, "missing_lines": [], "excluded_lines": [], "functions": {"": {"executed_lines": [5, 7, 8, 9, 12, 14], "summary": {"covered_lines": 5, "num_statements": 5, "percent_covered": 100.0, "percent_covered_display": "100", "missing_lines": 0, "excluded_lines": 0}, "missing_lines": [], "excluded_lines": []}}, "classes": {"": {"executed_lines": [5, 7, 8, 9, 12, 14], "summary": {"covered_lines": 5, "num_statements": 5, "percent_covered": 100.0, "percent_covered_display": "100", "missing_lines": 0, "excluded_lines": 0}, "missing_lines": [], "excluded_lines": []}}}, "app/src/api/endpoints/nfc_api_routes.py": {"executed_lines": [5, 12, 13, 14, 15, 17, 18, 19, 20, 22, 26, 27, 28, 29, 32, 33, 34, 37, 43, 44, 45, 46, 47, 48, 51, 52, 53, 54, 57, 58, 73, 81, 82, 83, 84, 86, 89, 90, 91, 96, 97, 98, 99, 102, 111, 112, 113, 119, 197, 198, 199, 205, 207, 213, 214, 215, 281, 282, 283, 285, 286, 288, 290, 298, 299, 301, 320, 321, 322, 327, 328, 329, 330, 333, 340, 341, 342, 343, 344, 348, 474, 475, 476, 564, 566], "summary": {"covered_lines": 79, "num_statements": 209, "percent_covered": 37.79904306220096, "percent_covered_display": "38", "missing_lines": 130, "excluded_lines": 0}, "missing_lines": [126, 127, 130, 131, 132, 133, 134, 137, 143, 145, 146, 152, 153, 156, 157, 161, 162, 163, 164, 165, 170, 171, 172, 175, 180, 181, 192, 221, 222, 223, 224, 225, 226, 232, 235, 237, 238, 239, 240, 241, 245, 246, 247, 248, 254, 255, 256, 259, 264, 265, 275, 306, 307, 315, 355, 356, 357, 358, 359, 360, 367, 368, 369, 373, 374, 375, 376, 378, 384, 385, 386, 387, 388, 389, 390, 392, 396, 397, 398, 404, 406, 407, 410, 411, 417, 418, 419, 422, 428, 430, 431, 435, 436, 439, 440, 446, 447, 448, 451, 456, 457, 468, 486, 487, 490, 491, 492, 493, 494, 495, 501, 504, 505, 506, 508, 510, 511, 512, 516, 519, 520, 526, 527, 534, 535, 536, 541, 547, 548, 558], "excluded_lines": [], "functions": {"NFCAPIRoutes.__init__": {"executed_lines": [81, 82, 83, 84], "summary": {"covered_lines": 4, "num_statements": 4, "percent_covered": 100.0, "percent_covered_display": "100", "missing_lines": 0, "excluded_lines": 0}, "missing_lines": [], "excluded_lines": []}, "NFCAPIRoutes._register_routes": {"executed_lines": [89, 90, 91, 197, 198, 199, 281, 282, 283, 320, 321, 322, 474, 475, 476], "summary": {"covered_lines": 15, "num_statements": 15, "percent_covered": 100.0, "percent_covered_display": "100", "missing_lines": 0, "excluded_lines": 0}, "missing_lines": [], "excluded_lines": []}, "NFCAPIRoutes._register_routes.associate_tag_with_playlist": {"executed_lines": [96, 97, 98, 99, 102, 111, 112, 113, 119], "summary": {"covered_lines": 9, "num_statements": 36, "percent_covered": 25.0, "percent_covered_display": "25", "missing_lines": 27, "excluded_lines": 0}, "missing_lines": [126, 127, 130, 131, 132, 133, 134, 137, 143, 145, 146, 152, 153, 156, 157, 161, 162, 163, 164, 165, 170, 171, 172, 175, 180, 181, 192], "excluded_lines": []}, "NFCAPIRoutes._register_routes.remove_tag_association": {"executed_lines": [205, 207, 213, 214, 215], "summary": {"covered_lines": 5, "num_statements": 29, "percent_covered": 17.24137931034483, "percent_covered_display": "17", "missing_lines": 24, "excluded_lines": 0}, "missing_lines": [221, 222, 223, 224, 225, 226, 232, 235, 237, 238, 239, 240, 241, 245, 246, 247, 248, 254, 255, 256, 259, 264, 265, 275], "excluded_lines": []}, "NFCAPIRoutes._register_routes.get_nfc_status": {"executed_lines": [285, 286, 288, 290, 298, 299, 301], "summary": {"covered_lines": 7, "num_statements": 10, "percent_covered": 70.0, "percent_covered_display": "70", "missing_lines": 3, "excluded_lines": 0}, "missing_lines": [306, 307, 315], "excluded_lines": []}, "NFCAPIRoutes._register_routes.start_nfc_scan": {"executed_lines": [327, 328, 329, 330, 333, 340, 341, 342, 343, 344, 348], "summary": {"covered_lines": 11, "num_statements": 59, "percent_covered": 18.64406779661017, "percent_covered_display": "19", "missing_lines": 48, "excluded_lines": 0}, "missing_lines": [355, 356, 357, 358, 359, 360, 367, 368, 369, 373, 374, 375, 376, 378, 384, 385, 386, 387, 388, 389, 390, 392, 396, 397, 398, 404, 406, 407, 410, 411, 417, 418, 419, 422, 428, 430, 431, 435, 436, 439, 440, 446, 447, 448, 451, 456, 457, 468], "excluded_lines": []}, "NFCAPIRoutes._register_routes.cancel_association_session": {"executed_lines": [], "summary": {"covered_lines": 0, "num_statements": 28, "percent_covered": 0.0, "percent_covered_display": "0", "missing_lines": 28, "excluded_lines": 0}, "missing_lines": [486, 487, 490, 491, 492, 493, 494, 495, 501, 504, 505, 506, 508, 510, 511, 512, 516, 519, 520, 526, 527, 534, 535, 536, 541, 547, 548, 558], "excluded_lines": []}, "NFCAPIRoutes.get_router": {"executed_lines": [566], "summary": {"covered_lines": 1, "num_statements": 1, "percent_covered": 100.0, "percent_covered_display": "100", "missing_lines": 0, "excluded_lines": 0}, "missing_lines": [], "excluded_lines": []}, "": {"executed_lines": [5, 12, 13, 14, 15, 17, 18, 19, 20, 22, 26, 27, 28, 29, 32, 33, 34, 37, 43, 44, 45, 46, 47, 48, 51, 52, 53, 54, 57, 58, 73, 86, 564], "summary": {"covered_lines": 27, "num_statements": 27, "percent_covered": 100.0, "percent_covered_display": "100", "missing_lines": 0, "excluded_lines": 0}, "missing_lines": [], "excluded_lines": []}}, "classes": {"NFCAssociateRequest": {"executed_lines": [], "summary": {"covered_lines": 0, "num_statements": 0, "percent_covered": 100.0, "percent_covered_display": "100", "missing_lines": 0, "excluded_lines": 0}, "missing_lines": [], "excluded_lines": []}, "NFCScanRequest": {"executed_lines": [], "summary": {"covered_lines": 0, "num_statements": 0, "percent_covered": 100.0, "percent_covered_display": "100", "missing_lines": 0, "excluded_lines": 0}, "missing_lines": [], "excluded_lines": []}, "NFCStatusResponse": {"executed_lines": [], "summary": {"covered_lines": 0, "num_statements": 0, "percent_covered": 100.0, "percent_covered_display": "100", "missing_lines": 0, "excluded_lines": 0}, "missing_lines": [], "excluded_lines": []}, "NFCScanResponse": {"executed_lines": [], "summary": {"covered_lines": 0, "num_statements": 0, "percent_covered": 100.0, "percent_covered_display": "100", "missing_lines": 0, "excluded_lines": 0}, "missing_lines": [], "excluded_lines": []}, "NFCAPIRoutes": {"executed_lines": [81, 82, 83, 84, 89, 90, 91, 96, 97, 98, 99, 102, 111, 112, 113, 119, 197, 198, 199, 205, 207, 213, 214, 215, 281, 282, 283, 285, 286, 288, 290, 298, 299, 301, 320, 321, 322, 327, 328, 329, 330, 333, 340, 341, 342, 343, 344, 348, 474, 475, 476, 566], "summary": {"covered_lines": 52, "num_statements": 182, "percent_covered": 28.571428571428573, "percent_covered_display": "29", "missing_lines": 130, "excluded_lines": 0}, "missing_lines": [126, 127, 130, 131, 132, 133, 134, 137, 143, 145, 146, 152, 153, 156, 157, 161, 162, 163, 164, 165, 170, 171, 172, 175, 180, 181, 192, 221, 222, 223, 224, 225, 226, 232, 235, 237, 238, 239, 240, 241, 245, 246, 247, 248, 254, 255, 256, 259, 264, 265, 275, 306, 307, 315, 355, 356, 357, 358, 359, 360, 367, 368, 369, 373, 374, 375, 376, 378, 384, 385, 386, 387, 388, 389, 390, 392, 396, 397, 398, 404, 406, 407, 410, 411, 417, 418, 419, 422, 428, 430, 431, 435, 436, 439, 440, 446, 447, 448, 451, 456, 457, 468, 486, 487, 490, 491, 492, 493, 494, 495, 501, 504, 505, 506, 508, 510, 511, 512, 516, 519, 520, 526, 527, 534, 535, 536, 541, 547, 548, 558], "excluded_lines": []}, "": {"executed_lines": [5, 12, 13, 14, 15, 17, 18, 19, 20, 22, 26, 27, 28, 29, 32, 33, 34, 37, 43, 44, 45, 46, 47, 48, 51, 52, 53, 54, 57, 58, 73, 86, 564], "summary": {"covered_lines": 27, "num_statements": 27, "percent_covered": 100.0, "percent_covered_display": "100", "missing_lines": 0, "excluded_lines": 0}, "missing_lines": [], "excluded_lines": []}}}, "app/src/api/endpoints/player_api_routes.py": {"executed_lines": [5, 13, 14, 15, 17, 18, 19, 21, 24, 25, 26, 31, 32, 33, 36, 37, 38, 41, 42, 57, 65, 66, 67, 68, 69, 71, 74, 75, 76, 81, 83, 84, 85, 93, 96, 103, 104, 107, 111, 132, 133, 134, 139, 141, 142, 143, 151, 153, 154, 157, 161, 183, 184, 185, 190, 192, 193, 194, 202, 204, 205, 208, 209, 212, 216, 238, 239, 240, 245, 247, 248, 250, 251, 254, 260, 265, 289, 290, 291, 296, 298, 299, 301, 302, 305, 311, 316, 348, 349, 350, 355, 357, 358, 360, 361, 364, 368, 400, 401, 402, 404, 406, 408, 409, 410, 434, 435, 436, 441, 443, 445, 446, 449, 450, 453, 457, 488, 489, 490, 495, 497, 499, 501, 505, 506, 508, 540, 542], "summary": {"covered_lines": 122, "num_statements": 175, "percent_covered": 69.71428571428571, "percent_covered_display": "70", "missing_lines": 53, "excluded_lines": 1}, "missing_lines": [86, 97, 98, 118, 119, 126, 127, 128, 144, 169, 170, 177, 178, 179, 195, 224, 225, 232, 233, 234, 274, 275, 276, 283, 284, 285, 325, 326, 327, 334, 335, 344, 377, 378, 379, 386, 387, 396, 416, 421, 422, 430, 465, 466, 473, 474, 484, 516, 517, 518, 525, 526, 536], "excluded_lines": [38], "functions": {"PlayerAPIRoutes.__init__": {"executed_lines": [65, 66, 67, 68, 69], "summary": {"covered_lines": 5, "num_statements": 5, "percent_covered": 100.0, "percent_covered_display": "100", "missing_lines": 0, "excluded_lines": 0}, "missing_lines": [], "excluded_lines": []}, "PlayerAPIRoutes._register_routes": {"executed_lines": [74, 75, 76, 132, 133, 134, 183, 184, 185, 238, 239, 240, 289, 290, 291, 348, 349, 350, 400, 401, 402, 434, 435, 436, 488, 489, 490], "summary": {"covered_lines": 27, "num_statements": 27, "percent_covered": 100.0, "percent_covered_display": "100", "missing_lines": 0, "excluded_lines": 0}, "missing_lines": [], "excluded_lines": []}, "PlayerAPIRoutes._register_routes.play_player": {"executed_lines": [81, 83, 84, 85, 93, 96, 103, 104, 107, 111], "summary": {"covered_lines": 10, "num_statements": 18, "percent_covered": 55.55555555555556, "percent_covered_display": "56", "missing_lines": 8, "excluded_lines": 0}, "missing_lines": [86, 97, 98, 118, 119, 126, 127, 128], "excluded_lines": []}, "PlayerAPIRoutes._register_routes.pause_player": {"executed_lines": [139, 141, 142, 143, 151, 153, 154, 157, 161], "summary": {"covered_lines": 9, "num_statements": 15, "percent_covered": 60.0, "percent_covered_display": "60", "missing_lines": 6, "excluded_lines": 0}, "missing_lines": [144, 169, 170, 177, 178, 179], "excluded_lines": []}, "PlayerAPIRoutes._register_routes.stop_player": {"executed_lines": [190, 192, 193, 194, 202, 204, 205, 208, 209, 212, 216], "summary": {"covered_lines": 11, "num_statements": 17, "percent_covered": 64.70588235294117, "percent_covered_display": "65", "missing_lines": 6, "excluded_lines": 0}, "missing_lines": [195, 224, 225, 232, 233, 234], "excluded_lines": []}, "PlayerAPIRoutes._register_routes.next_track": {"executed_lines": [245, 247, 248, 250, 251, 254, 260, 265], "summary": {"covered_lines": 8, "num_statements": 14, "percent_covered": 57.142857142857146, "percent_covered_display": "57", "missing_lines": 6, "excluded_lines": 0}, "missing_lines": [274, 275, 276, 283, 284, 285], "excluded_lines": []}, "PlayerAPIRoutes._register_routes.previous_track": {"executed_lines": [296, 298, 299, 301, 302, 305, 311, 316], "summary": {"covered_lines": 8, "num_statements": 14, "percent_covered": 57.142857142857146, "percent_covered_display": "57", "missing_lines": 6, "excluded_lines": 0}, "missing_lines": [325, 326, 327, 334, 335, 344], "excluded_lines": []}, "PlayerAPIRoutes._register_routes.toggle_playback": {"executed_lines": [355, 357, 358, 360, 361, 364, 368], "summary": {"covered_lines": 7, "num_statements": 13, "percent_covered": 53.84615384615385, "percent_covered_display": "54", "missing_lines": 6, "excluded_lines": 0}, "missing_lines": [377, 378, 379, 386, 387, 396], "excluded_lines": []}, "PlayerAPIRoutes._register_routes.get_player_status": {"executed_lines": [404, 406, 408, 409, 410], "summary": {"covered_lines": 5, "num_statements": 9, "percent_covered": 55.55555555555556, "percent_covered_display": "56", "missing_lines": 4, "excluded_lines": 0}, "missing_lines": [416, 421, 422, 430], "excluded_lines": []}, "PlayerAPIRoutes._register_routes.seek_player": {"executed_lines": [441, 443, 445, 446, 449, 450, 453, 457], "summary": {"covered_lines": 8, "num_statements": 13, "percent_covered": 61.53846153846154, "percent_covered_display": "62", "missing_lines": 5, "excluded_lines": 0}, "missing_lines": [465, 466, 473, 474, 484], "excluded_lines": []}, "PlayerAPIRoutes._register_routes.set_volume": {"executed_lines": [495, 497, 499, 501, 505, 506, 508], "summary": {"covered_lines": 7, "num_statements": 13, "percent_covered": 53.84615384615385, "percent_covered_display": "54", "missing_lines": 6, "excluded_lines": 0}, "missing_lines": [516, 517, 518, 525, 526, 536], "excluded_lines": []}, "PlayerAPIRoutes.get_router": {"executed_lines": [542], "summary": {"covered_lines": 1, "num_statements": 1, "percent_covered": 100.0, "percent_covered_display": "100", "missing_lines": 0, "excluded_lines": 0}, "missing_lines": [], "excluded_lines": []}, "": {"executed_lines": [5, 13, 14, 15, 17, 18, 19, 21, 24, 25, 26, 31, 32, 33, 36, 37, 38, 41, 42, 57, 71, 540], "summary": {"covered_lines": 16, "num_statements": 16, "percent_covered": 100.0, "percent_covered_display": "100", "missing_lines": 0, "excluded_lines": 1}, "missing_lines": [], "excluded_lines": [38]}}, "classes": {"SeekRequest": {"executed_lines": [], "summary": {"covered_lines": 0, "num_statements": 0, "percent_covered": 100.0, "percent_covered_display": "100", "missing_lines": 0, "excluded_lines": 0}, "missing_lines": [], "excluded_lines": []}, "VolumeRequest": {"executed_lines": [], "summary": {"covered_lines": 0, "num_statements": 0, "percent_covered": 100.0, "percent_covered_display": "100", "missing_lines": 0, "excluded_lines": 0}, "missing_lines": [], "excluded_lines": []}, "PlayerControlRequest": {"executed_lines": [], "summary": {"covered_lines": 0, "num_statements": 0, "percent_covered": 100.0, "percent_covered_display": "100", "missing_lines": 0, "excluded_lines": 0}, "missing_lines": [], "excluded_lines": []}, "PlayerAPIRoutes": {"executed_lines": [65, 66, 67, 68, 69, 74, 75, 76, 81, 83, 84, 85, 93, 96, 103, 104, 107, 111, 132, 133, 134, 139, 141, 142, 143, 151, 153, 154, 157, 161, 183, 184, 185, 190, 192, 193, 194, 202, 204, 205, 208, 209, 212, 216, 238, 239, 240, 245, 247, 248, 250, 251, 254, 260, 265, 289, 290, 291, 296, 298, 299, 301, 302, 305, 311, 316, 348, 349, 350, 355, 357, 358, 360, 361, 364, 368, 400, 401, 402, 404, 406, 408, 409, 410, 434, 435, 436, 441, 443, 445, 446, 449, 450, 453, 457, 488, 489, 490, 495, 497, 499, 501, 505, 506, 508, 542], "summary": {"covered_lines": 106, "num_statements": 159, "percent_covered": 66.66666666666667, "percent_covered_display": "67", "missing_lines": 53, "excluded_lines": 0}, "missing_lines": [86, 97, 98, 118, 119, 126, 127, 128, 144, 169, 170, 177, 178, 179, 195, 224, 225, 232, 233, 234, 274, 275, 276, 283, 284, 285, 325, 326, 327, 334, 335, 344, 377, 378, 379, 386, 387, 396, 416, 421, 422, 430, 465, 466, 473, 474, 484, 516, 517, 518, 525, 526, 536], "excluded_lines": []}, "": {"executed_lines": [5, 13, 14, 15, 17, 18, 19, 21, 24, 25, 26, 31, 32, 33, 36, 37, 38, 41, 42, 57, 71, 540], "summary": {"covered_lines": 16, "num_statements": 16, "percent_covered": 100.0, "percent_covered_display": "100", "missing_lines": 0, "excluded_lines": 1}, "missing_lines": [], "excluded_lines": [38]}}}, "app/src/api/endpoints/playlist/__init__.py": {"executed_lines": [5, 20, 22, 23, 24, 25, 26, 27, 30, 31, 45, 63, 67, 68, 71, 74, 79, 80, 84, 85, 87, 96, 100], "summary": {"covered_lines": 21, "num_statements": 21, "percent_covered": 100.0, "percent_covered_display": "100", "missing_lines": 0, "excluded_lines": 1}, "missing_lines": [], "excluded_lines": [65], "functions": {"PlaylistAPIRoutes.__init__": {"executed_lines": [63, 67, 68, 71, 74, 79, 80, 84, 85], "summary": {"covered_lines": 9, "num_statements": 9, "percent_covered": 100.0, "percent_covered_display": "100", "missing_lines": 0, "excluded_lines": 1}, "missing_lines": [], "excluded_lines": [65]}, "PlaylistAPIRoutes.get_router": {"executed_lines": [96], "summary": {"covered_lines": 1, "num_statements": 1, "percent_covered": 100.0, "percent_covered_display": "100", "missing_lines": 0, "excluded_lines": 0}, "missing_lines": [], "excluded_lines": []}, "": {"executed_lines": [5, 20, 22, 23, 24, 25, 26, 27, 30, 31, 45, 87, 100], "summary": {"covered_lines": 11, "num_statements": 11, "percent_covered": 100.0, "percent_covered_display": "100", "missing_lines": 0, "excluded_lines": 0}, "missing_lines": [], "excluded_lines": []}}, "classes": {"PlaylistAPIRoutes": {"executed_lines": [63, 67, 68, 71, 74, 79, 80, 84, 85, 96], "summary": {"covered_lines": 10, "num_statements": 10, "percent_covered": 100.0, "percent_covered_display": "100", "missing_lines": 0, "excluded_lines": 1}, "missing_lines": [], "excluded_lines": [65]}, "": {"executed_lines": [5, 20, 22, 23, 24, 25, 26, 27, 30, 31, 45, 87, 100], "summary": {"covered_lines": 11, "num_statements": 11, "percent_covered": 100.0, "percent_covered_display": "100", "missing_lines": 0, "excluded_lines": 0}, "missing_lines": [], "excluded_lines": []}}}, "app/src/api/endpoints/playlist/playlist_nfc_api.py": {"executed_lines": [5, 11, 12, 14, 15, 17, 20, 21, 27, 35, 36, 37, 39, 46, 47, 48, 86, 87, 88, 126, 127, 128], "summary": {"covered_lines": 20, "num_statements": 62, "percent_covered": 32.25806451612903, "percent_covered_display": "32", "missing_lines": 42, "excluded_lines": 0}, "missing_lines": [50, 51, 52, 54, 55, 61, 63, 65, 67, 72, 76, 78, 79, 80, 81, 90, 91, 92, 94, 95, 101, 103, 105, 107, 112, 116, 118, 119, 120, 121, 130, 131, 132, 138, 140, 141, 146, 151, 153, 154, 155, 156], "excluded_lines": [], "functions": {"PlaylistNfcAPI.__init__": {"executed_lines": [35, 36, 37], "summary": {"covered_lines": 3, "num_statements": 3, "percent_covered": 100.0, "percent_covered_display": "100", "missing_lines": 0, "excluded_lines": 0}, "missing_lines": [], "excluded_lines": []}, "PlaylistNfcAPI._register_routes": {"executed_lines": [46, 47, 48, 86, 87, 88, 126, 127, 128], "summary": {"covered_lines": 9, "num_statements": 9, "percent_covered": 100.0, "percent_covered_display": "100", "missing_lines": 0, "excluded_lines": 0}, "missing_lines": [], "excluded_lines": []}, "PlaylistNfcAPI._register_routes.associate_nfc_tag": {"executed_lines": [], "summary": {"covered_lines": 0, "num_statements": 15, "percent_covered": 0.0, "percent_covered_display": "0", "missing_lines": 15, "excluded_lines": 0}, "missing_lines": [50, 51, 52, 54, 55, 61, 63, 65, 67, 72, 76, 78, 79, 80, 81], "excluded_lines": []}, "PlaylistNfcAPI._register_routes.remove_nfc_association": {"executed_lines": [], "summary": {"covered_lines": 0, "num_statements": 15, "percent_covered": 0.0, "percent_covered_display": "0", "missing_lines": 15, "excluded_lines": 0}, "missing_lines": [90, 91, 92, 94, 95, 101, 103, 105, 107, 112, 116, 118, 119, 120, 121], "excluded_lines": []}, "PlaylistNfcAPI._register_routes.get_nfc_playlist": {"executed_lines": [], "summary": {"covered_lines": 0, "num_statements": 12, "percent_covered": 0.0, "percent_covered_display": "0", "missing_lines": 12, "excluded_lines": 0}, "missing_lines": [130, 131, 132, 138, 140, 141, 146, 151, 153, 154, 155, 156], "excluded_lines": []}, "": {"executed_lines": [5, 11, 12, 14, 15, 17, 20, 21, 27, 39], "summary": {"covered_lines": 8, "num_statements": 8, "percent_covered": 100.0, "percent_covered_display": "100", "missing_lines": 0, "excluded_lines": 0}, "missing_lines": [], "excluded_lines": []}}, "classes": {"PlaylistNfcAPI": {"executed_lines": [35, 36, 37, 46, 47, 48, 86, 87, 88, 126, 127, 128], "summary": {"covered_lines": 12, "num_statements": 54, "percent_covered": 22.22222222222222, "percent_covered_display": "22", "missing_lines": 42, "excluded_lines": 0}, "missing_lines": [50, 51, 52, 54, 55, 61, 63, 65, 67, 72, 76, 78, 79, 80, 81, 90, 91, 92, 94, 95, 101, 103, 105, 107, 112, 116, 118, 119, 120, 121, 130, 131, 132, 138, 140, 141, 146, 151, 153, 154, 155, 156], "excluded_lines": []}, "": {"executed_lines": [5, 11, 12, 14, 15, 17, 20, 21, 27, 39], "summary": {"covered_lines": 8, "num_statements": 8, "percent_covered": 100.0, "percent_covered_display": "100", "missing_lines": 0, "excluded_lines": 0}, "missing_lines": [], "excluded_lines": []}}}, "app/src/api/endpoints/playlist/playlist_playback_api.py": {"executed_lines": [5, 11, 12, 14, 15, 17, 20, 21, 27, 36, 37, 38, 39, 41, 48, 49, 50, 52, 53, 59, 60, 61, 177, 178, 179, 181, 182, 189, 191, 193, 197], "summary": {"covered_lines": 29, "num_statements": 74, "percent_covered": 39.189189189189186, "percent_covered_display": "39", "missing_lines": 45, "excluded_lines": 0}, "missing_lines": [71, 73, 74, 81, 84, 85, 86, 87, 88, 89, 96, 97, 98, 99, 106, 107, 108, 109, 115, 119, 122, 123, 127, 128, 129, 132, 133, 134, 137, 144, 145, 146, 150, 157, 159, 160, 161, 171, 183, 205, 209, 211, 212, 213, 220], "excluded_lines": [], "functions": {"PlaylistPlaybackAPI.__init__": {"executed_lines": [36, 37, 38, 39], "summary": {"covered_lines": 4, "num_statements": 4, "percent_covered": 100.0, "percent_covered_display": "100", "missing_lines": 0, "excluded_lines": 0}, "missing_lines": [], "excluded_lines": []}, "PlaylistPlaybackAPI._register_routes": {"executed_lines": [48, 49, 50, 177, 178, 179], "summary": {"covered_lines": 6, "num_statements": 6, "percent_covered": 100.0, "percent_covered_display": "100", "missing_lines": 0, "excluded_lines": 0}, "missing_lines": [], "excluded_lines": []}, "PlaylistPlaybackAPI._register_routes.start_playlist": {"executed_lines": [52, 53, 59, 60, 61], "summary": {"covered_lines": 5, "num_statements": 43, "percent_covered": 11.627906976744185, "percent_covered_display": "12", "missing_lines": 38, "excluded_lines": 0}, "missing_lines": [71, 73, 74, 81, 84, 85, 86, 87, 88, 89, 96, 97, 98, 99, 106, 107, 108, 109, 115, 119, 122, 123, 127, 128, 129, 132, 133, 134, 137, 144, 145, 146, 150, 157, 159, 160, 161, 171], "excluded_lines": []}, "PlaylistPlaybackAPI._register_routes.sync_playlists": {"executed_lines": [181, 182, 189, 191, 193, 197], "summary": {"covered_lines": 6, "num_statements": 13, "percent_covered": 46.15384615384615, "percent_covered_display": "46", "missing_lines": 7, "excluded_lines": 0}, "missing_lines": [183, 205, 209, 211, 212, 213, 220], "excluded_lines": []}, "": {"executed_lines": [5, 11, 12, 14, 15, 17, 20, 21, 27, 41], "summary": {"covered_lines": 8, "num_statements": 8, "percent_covered": 100.0, "percent_covered_display": "100", "missing_lines": 0, "excluded_lines": 0}, "missing_lines": [], "excluded_lines": []}}, "classes": {"PlaylistPlaybackAPI": {"executed_lines": [36, 37, 38, 39, 48, 49, 50, 52, 53, 59, 60, 61, 177, 178, 179, 181, 182, 189, 191, 193, 197], "summary": {"covered_lines": 21, "num_statements": 66, "percent_covered": 31.818181818181817, "percent_covered_display": "32", "missing_lines": 45, "excluded_lines": 0}, "missing_lines": [71, 73, 74, 81, 84, 85, 86, 87, 88, 89, 96, 97, 98, 99, 106, 107, 108, 109, 115, 119, 122, 123, 127, 128, 129, 132, 133, 134, 137, 144, 145, 146, 150, 157, 159, 160, 161, 171, 183, 205, 209, 211, 212, 213, 220], "excluded_lines": []}, "": {"executed_lines": [5, 11, 12, 14, 15, 17, 20, 21, 27, 41], "summary": {"covered_lines": 8, "num_statements": 8, "percent_covered": 100.0, "percent_covered_display": "100", "missing_lines": 0, "excluded_lines": 0}, "missing_lines": [], "excluded_lines": []}}}, "app/src/api/endpoints/playlist/playlist_read_api.py": {"executed_lines": [5, 11, 12, 14, 15, 16, 18, 21, 22, 30, 37, 38, 40, 47, 48, 53, 55, 60, 62, 66, 72, 73, 75, 83, 106, 113, 121, 122, 123, 125, 126, 129, 131, 132, 133, 138, 145, 148], "summary": {"covered_lines": 36, "num_statements": 47, "percent_covered": 76.59574468085107, "percent_covered_display": "77", "missing_lines": 11, "excluded_lines": 0}, "missing_lines": [63, 88, 90, 91, 92, 101, 153, 155, 156, 157, 165], "excluded_lines": [], "functions": {"PlaylistReadAPI.__init__": {"executed_lines": [37, 38], "summary": {"covered_lines": 2, "num_statements": 2, "percent_covered": 100.0, "percent_covered_display": "100", "missing_lines": 0, "excluded_lines": 0}, "missing_lines": [], "excluded_lines": []}, "PlaylistReadAPI._register_routes": {"executed_lines": [47, 48, 106, 113, 121, 122, 123], "summary": {"covered_lines": 7, "num_statements": 7, "percent_covered": 100.0, "percent_covered_display": "100", "missing_lines": 0, "excluded_lines": 0}, "missing_lines": [], "excluded_lines": []}, "PlaylistReadAPI._register_routes.list_playlists_impl": {"executed_lines": [53, 55, 60, 62, 66, 72, 73, 75, 83], "summary": {"covered_lines": 9, "num_statements": 15, "percent_covered": 60.0, "percent_covered_display": "60", "missing_lines": 6, "excluded_lines": 0}, "missing_lines": [63, 88, 90, 91, 92, 101], "excluded_lines": []}, "PlaylistReadAPI._register_routes.get_playlist": {"executed_lines": [125, 126, 129, 131, 132, 133, 138, 145, 148], "summary": {"covered_lines": 9, "num_statements": 14, "percent_covered": 64.28571428571429, "percent_covered_display": "64", "missing_lines": 5, "excluded_lines": 0}, "missing_lines": [153, 155, 156, 157, 165], "excluded_lines": []}, "": {"executed_lines": [5, 11, 12, 14, 15, 16, 18, 21, 22, 30, 40], "summary": {"covered_lines": 9, "num_statements": 9, "percent_covered": 100.0, "percent_covered_display": "100", "missing_lines": 0, "excluded_lines": 0}, "missing_lines": [], "excluded_lines": []}}, "classes": {"PlaylistReadAPI": {"executed_lines": [37, 38, 47, 48, 53, 55, 60, 62, 66, 72, 73, 75, 83, 106, 113, 121, 122, 123, 125, 126, 129, 131, 132, 133, 138, 145, 148], "summary": {"covered_lines": 27, "num_statements": 38, "percent_covered": 71.05263157894737, "percent_covered_display": "71", "missing_lines": 11, "excluded_lines": 0}, "missing_lines": [63, 88, 90, 91, 92, 101, 153, 155, 156, 157, 165], "excluded_lines": []}, "": {"executed_lines": [5, 11, 12, 14, 15, 16, 18, 21, 22, 30, 40], "summary": {"covered_lines": 9, "num_statements": 9, "percent_covered": 100.0, "percent_covered_display": "100", "missing_lines": 0, "excluded_lines": 0}, "missing_lines": [], "excluded_lines": []}}}, "app/src/api/endpoints/playlist/playlist_track_api.py": {"executed_lines": [5, 11, 12, 14, 15, 17, 20, 21, 27, 36, 37, 38, 39, 41, 48, 49, 50, 52, 53, 54, 57, 58, 64, 66, 68, 72, 99, 100, 101, 103, 104, 105, 108, 109, 113, 118, 120, 122, 126, 153, 154, 155, 157, 158, 159, 160, 161, 162, 164, 165, 170, 177, 181, 182], "summary": {"covered_lines": 52, "num_statements": 71, "percent_covered": 73.2394366197183, "percent_covered_display": "73", "missing_lines": 19, "excluded_lines": 0}, "missing_lines": [77, 81, 83, 84, 85, 95, 131, 135, 137, 138, 139, 149, 171, 187, 191, 193, 194, 195, 206], "excluded_lines": [], "functions": {"PlaylistTrackAPI.__init__": {"executed_lines": [36, 37, 38, 39], "summary": {"covered_lines": 4, "num_statements": 4, "percent_covered": 100.0, "percent_covered_display": "100", "missing_lines": 0, "excluded_lines": 0}, "missing_lines": [], "excluded_lines": []}, "PlaylistTrackAPI._register_routes": {"executed_lines": [48, 49, 50, 99, 100, 101, 153, 154, 155], "summary": {"covered_lines": 9, "num_statements": 9, "percent_covered": 100.0, "percent_covered_display": "100", "missing_lines": 0, "excluded_lines": 0}, "missing_lines": [], "excluded_lines": []}, "PlaylistTrackAPI._register_routes.reorder_tracks": {"executed_lines": [52, 53, 54, 57, 58, 64, 66, 68, 72], "summary": {"covered_lines": 9, "num_statements": 15, "percent_covered": 60.0, "percent_covered_display": "60", "missing_lines": 6, "excluded_lines": 0}, "missing_lines": [77, 81, 83, 84, 85, 95], "excluded_lines": []}, "PlaylistTrackAPI._register_routes.delete_tracks": {"executed_lines": [103, 104, 105, 108, 109, 113, 118, 120, 122, 126], "summary": {"covered_lines": 10, "num_statements": 16, "percent_covered": 62.5, "percent_covered_display": "62", "missing_lines": 6, "excluded_lines": 0}, "missing_lines": [131, 135, 137, 138, 139, 149], "excluded_lines": []}, "PlaylistTrackAPI._register_routes.move_track_between_playlists": {"executed_lines": [157, 158, 159, 160, 161, 162, 164, 165, 170, 177, 181, 182], "summary": {"covered_lines": 12, "num_statements": 19, "percent_covered": 63.1578947368421, "percent_covered_display": "63", "missing_lines": 7, "excluded_lines": 0}, "missing_lines": [171, 187, 191, 193, 194, 195, 206], "excluded_lines": []}, "": {"executed_lines": [5, 11, 12, 14, 15, 17, 20, 21, 27, 41], "summary": {"covered_lines": 8, "num_statements": 8, "percent_covered": 100.0, "percent_covered_display": "100", "missing_lines": 0, "excluded_lines": 0}, "missing_lines": [], "excluded_lines": []}}, "classes": {"PlaylistTrackAPI": {"executed_lines": [36, 37, 38, 39, 48, 49, 50, 52, 53, 54, 57, 58, 64, 66, 68, 72, 99, 100, 101, 103, 104, 105, 108, 109, 113, 118, 120, 122, 126, 153, 154, 155, 157, 158, 159, 160, 161, 162, 164, 165, 170, 177, 181, 182], "summary": {"covered_lines": 44, "num_statements": 63, "percent_covered": 69.84126984126983, "percent_covered_display": "70", "missing_lines": 19, "excluded_lines": 0}, "missing_lines": [77, 81, 83, 84, 85, 95, 131, 135, 137, 138, 139, 149, 171, 187, 191, 193, 194, 195, 206], "excluded_lines": []}, "": {"executed_lines": [5, 11, 12, 14, 15, 17, 20, 21, 27, 41], "summary": {"covered_lines": 8, "num_statements": 8, "percent_covered": 100.0, "percent_covered_display": "100", "missing_lines": 0, "excluded_lines": 0}, "missing_lines": [], "excluded_lines": []}}}, "app/src/api/endpoints/playlist/playlist_upload_api.py": {"executed_lines": [5, 11, 12, 14, 15, 17, 20, 21, 27, 36, 37, 38, 39, 41, 48, 49, 50, 52, 53, 54, 55, 56, 58, 59, 63, 69, 73, 88, 89, 90, 92, 93, 99, 106, 121, 122, 123, 125, 126, 127, 129, 131, 138, 145, 146, 152, 153, 154, 166, 167, 170, 178, 187, 189, 204, 205, 206, 208, 209, 215, 217], "summary": {"covered_lines": 59, "num_statements": 89, "percent_covered": 66.29213483146067, "percent_covered_display": "66", "missing_lines": 30, "excluded_lines": 0}, "missing_lines": [64, 78, 80, 81, 82, 83, 94, 111, 113, 114, 115, 116, 132, 171, 173, 174, 175, 176, 179, 194, 196, 197, 198, 199, 210, 222, 224, 225, 226, 227], "excluded_lines": [], "functions": {"PlaylistUploadAPI.__init__": {"executed_lines": [36, 37, 38, 39], "summary": {"covered_lines": 4, "num_statements": 4, "percent_covered": 100.0, "percent_covered_display": "100", "missing_lines": 0, "excluded_lines": 0}, "missing_lines": [], "excluded_lines": []}, "PlaylistUploadAPI._register_routes": {"executed_lines": [48, 49, 50, 88, 89, 90, 121, 122, 123, 204, 205, 206], "summary": {"covered_lines": 12, "num_statements": 12, "percent_covered": 100.0, "percent_covered_display": "100", "missing_lines": 0, "excluded_lines": 0}, "missing_lines": [], "excluded_lines": []}, "PlaylistUploadAPI._register_routes.init_upload_session": {"executed_lines": [52, 53, 54, 55, 56, 58, 59, 63, 69, 73], "summary": {"covered_lines": 10, "num_statements": 16, "percent_covered": 62.5, "percent_covered_display": "62", "missing_lines": 6, "excluded_lines": 0}, "missing_lines": [64, 78, 80, 81, 82, 83], "excluded_lines": []}, "PlaylistUploadAPI._register_routes.upload_chunk": {"executed_lines": [92, 93, 99, 106], "summary": {"covered_lines": 4, "num_statements": 10, "percent_covered": 40.0, "percent_covered_display": "40", "missing_lines": 6, "excluded_lines": 0}, "missing_lines": [94, 111, 113, 114, 115, 116], "excluded_lines": []}, "PlaylistUploadAPI._register_routes.finalize_upload": {"executed_lines": [125, 126, 127, 129, 131, 138, 145, 146, 152, 153, 154, 166, 167, 170, 178, 187, 189], "summary": {"covered_lines": 17, "num_statements": 29, "percent_covered": 58.62068965517241, "percent_covered_display": "59", "missing_lines": 12, "excluded_lines": 0}, "missing_lines": [132, 171, 173, 174, 175, 176, 179, 194, 196, 197, 198, 199], "excluded_lines": []}, "PlaylistUploadAPI._register_routes.get_upload_status": {"executed_lines": [208, 209, 215, 217], "summary": {"covered_lines": 4, "num_statements": 10, "percent_covered": 40.0, "percent_covered_display": "40", "missing_lines": 6, "excluded_lines": 0}, "missing_lines": [210, 222, 224, 225, 226, 227], "excluded_lines": []}, "": {"executed_lines": [5, 11, 12, 14, 15, 17, 20, 21, 27, 41], "summary": {"covered_lines": 8, "num_statements": 8, "percent_covered": 100.0, "percent_covered_display": "100", "missing_lines": 0, "excluded_lines": 0}, "missing_lines": [], "excluded_lines": []}}, "classes": {"PlaylistUploadAPI": {"executed_lines": [36, 37, 38, 39, 48, 49, 50, 52, 53, 54, 55, 56, 58, 59, 63, 69, 73, 88, 89, 90, 92, 93, 99, 106, 121, 122, 123, 125, 126, 127, 129, 131, 138, 145, 146, 152, 153, 154, 166, 167, 170, 178, 187, 189, 204, 205, 206, 208, 209, 215, 217], "summary": {"covered_lines": 51, "num_statements": 81, "percent_covered": 62.96296296296296, "percent_covered_display": "63", "missing_lines": 30, "excluded_lines": 0}, "missing_lines": [64, 78, 80, 81, 82, 83, 94, 111, 113, 114, 115, 116, 132, 171, 173, 174, 175, 176, 179, 194, 196, 197, 198, 199, 210, 222, 224, 225, 226, 227], "excluded_lines": []}, "": {"executed_lines": [5, 11, 12, 14, 15, 17, 20, 21, 27, 41], "summary": {"covered_lines": 8, "num_statements": 8, "percent_covered": 100.0, "percent_covered_display": "100", "missing_lines": 0, "excluded_lines": 0}, "missing_lines": [], "excluded_lines": []}}}, "app/src/api/endpoints/playlist/playlist_write_api.py": {"executed_lines": [5, 11, 12, 13, 15, 16, 17, 19, 22, 23, 29, 38, 39, 40, 41, 43, 50, 51, 52, 53, 55, 57, 61, 62, 66, 67, 68, 70, 73, 76, 79, 80, 82, 85, 87, 120, 121, 122, 124, 125, 126, 127, 129, 133, 135, 139, 141, 144, 172, 173, 174, 176, 177, 180, 182, 184, 186], "summary": {"covered_lines": 55, "num_statements": 76, "percent_covered": 72.36842105263158, "percent_covered_display": "72", "missing_lines": 21, "excluded_lines": 0}, "missing_lines": [94, 95, 101, 103, 104, 105, 114, 130, 136, 150, 154, 156, 157, 158, 168, 189, 193, 195, 196, 197, 206], "excluded_lines": [], "functions": {"PlaylistWriteAPI.__init__": {"executed_lines": [38, 39, 40, 41], "summary": {"covered_lines": 4, "num_statements": 4, "percent_covered": 100.0, "percent_covered_display": "100", "missing_lines": 0, "excluded_lines": 0}, "missing_lines": [], "excluded_lines": []}, "PlaylistWriteAPI._register_routes": {"executed_lines": [50, 51, 52, 53, 120, 121, 122, 172, 173, 174], "summary": {"covered_lines": 10, "num_statements": 10, "percent_covered": 100.0, "percent_covered_display": "100", "missing_lines": 0, "excluded_lines": 0}, "missing_lines": [], "excluded_lines": []}, "PlaylistWriteAPI._register_routes.create_playlist": {"executed_lines": [55, 57, 61, 62, 66, 67, 68, 70, 73, 76, 79, 80, 82, 85, 87], "summary": {"covered_lines": 15, "num_statements": 22, "percent_covered": 68.18181818181819, "percent_covered_display": "68", "missing_lines": 7, "excluded_lines": 0}, "missing_lines": [94, 95, 101, 103, 104, 105, 114], "excluded_lines": []}, "PlaylistWriteAPI._register_routes.update_playlist": {"executed_lines": [124, 125, 126, 127, 129, 133, 135, 139, 141, 144], "summary": {"covered_lines": 10, "num_statements": 18, "percent_covered": 55.55555555555556, "percent_covered_display": "56", "missing_lines": 8, "excluded_lines": 0}, "missing_lines": [130, 136, 150, 154, 156, 157, 158, 168], "excluded_lines": []}, "PlaylistWriteAPI._register_routes.delete_playlist": {"executed_lines": [176, 177, 180, 182, 184, 186], "summary": {"covered_lines": 6, "num_statements": 12, "percent_covered": 50.0, "percent_covered_display": "50", "missing_lines": 6, "excluded_lines": 0}, "missing_lines": [189, 193, 195, 196, 197, 206], "excluded_lines": []}, "": {"executed_lines": [5, 11, 12, 13, 15, 16, 17, 19, 22, 23, 29, 43], "summary": {"covered_lines": 10, "num_statements": 10, "percent_covered": 100.0, "percent_covered_display": "100", "missing_lines": 0, "excluded_lines": 0}, "missing_lines": [], "excluded_lines": []}}, "classes": {"PlaylistWriteAPI": {"executed_lines": [38, 39, 40, 41, 50, 51, 52, 53, 55, 57, 61, 62, 66, 67, 68, 70, 73, 76, 79, 80, 82, 85, 87, 120, 121, 122, 124, 125, 126, 127, 129, 133, 135, 139, 141, 144, 172, 173, 174, 176, 177, 180, 182, 184, 186], "summary": {"covered_lines": 45, "num_statements": 66, "percent_covered": 68.18181818181819, "percent_covered_display": "68", "missing_lines": 21, "excluded_lines": 0}, "missing_lines": [94, 95, 101, 103, 104, 105, 114, 130, 136, 150, 154, 156, 157, 158, 168, 189, 193, 195, 196, 197, 206], "excluded_lines": []}, "": {"executed_lines": [5, 11, 12, 13, 15, 16, 17, 19, 22, 23, 29, 43], "summary": {"covered_lines": 10, "num_statements": 10, "percent_covered": 100.0, "percent_covered_display": "100", "missing_lines": 0, "excluded_lines": 0}, "missing_lines": [], "excluded_lines": []}}}, "app/src/api/endpoints/system_api_routes.py": {"executed_lines": [5, 12, 13, 14, 15, 17, 18, 20, 23, 24, 40, 47, 48, 49, 50, 52, 55, 56, 57, 86, 87, 88, 90, 91, 94, 96, 97, 98, 140, 141, 142, 147, 154, 167, 168, 169, 171, 172, 175, 176, 177, 178, 181, 191, 203, 204, 205, 206, 212, 213, 214, 215, 216, 217, 218, 223, 236, 258, 260, 261, 284, 285, 286, 288, 289, 291, 292, 295, 302, 303, 304, 318, 319, 333, 334, 335, 337, 338, 340, 341, 342, 345, 346, 351, 353, 358, 359, 361, 365, 366, 367, 368, 369, 379, 461, 463], "summary": {"covered_lines": 92, "num_statements": 207, "percent_covered": 44.44444444444444, "percent_covered_display": "44", "missing_lines": 115, "excluded_lines": 5}, "missing_lines": [59, 60, 61, 62, 68, 69, 72, 73, 74, 75, 76, 77, 79, 80, 81, 108, 109, 110, 111, 112, 114, 124, 125, 127, 128, 129, 130, 132, 133, 134, 135, 137, 143, 144, 145, 160, 161, 162, 192, 193, 194, 199, 207, 208, 209, 219, 237, 238, 240, 242, 243, 244, 245, 246, 249, 250, 251, 252, 253, 254, 255, 256, 277, 278, 279, 305, 307, 308, 309, 310, 311, 315, 326, 327, 328, 347, 348, 371, 372, 373, 380, 382, 383, 385, 386, 387, 389, 390, 392, 393, 394, 400, 402, 403, 408, 414, 415, 416, 421, 422, 423, 425, 426, 428, 429, 430, 436, 438, 440, 441, 443, 448, 454, 455, 456], "excluded_lines": [177, 178, 200, 220, 316], "functions": {"SystemAPIRoutes.__init__": {"executed_lines": [47, 48, 49, 50], "summary": {"covered_lines": 4, "num_statements": 4, "percent_covered": 100.0, "percent_covered_display": "100", "missing_lines": 0, "excluded_lines": 0}, "missing_lines": [], "excluded_lines": []}, "SystemAPIRoutes._register_routes": {"executed_lines": [55, 56, 57, 86, 87, 88, 167, 168, 169, 284, 285, 286, 333, 334, 335, 379], "summary": {"covered_lines": 16, "num_statements": 25, "percent_covered": 64.0, "percent_covered_display": "64", "missing_lines": 9, "excluded_lines": 0}, "missing_lines": [380, 382, 383, 385, 386, 387, 421, 422, 423], "excluded_lines": []}, "SystemAPIRoutes._register_routes.get_playback_status": {"executed_lines": [], "summary": {"covered_lines": 0, "num_statements": 15, "percent_covered": 0.0, "percent_covered_display": "0", "missing_lines": 15, "excluded_lines": 0}, "missing_lines": [59, 60, 61, 62, 68, 69, 72, 73, 74, 75, 76, 77, 79, 80, 81], "excluded_lines": []}, "SystemAPIRoutes._register_routes.health_check": {"executed_lines": [90, 91, 94, 96, 97, 98, 140, 141, 142, 147, 154], "summary": {"covered_lines": 11, "num_statements": 34, "percent_covered": 32.35294117647059, "percent_covered_display": "32", "missing_lines": 23, "excluded_lines": 0}, "missing_lines": [108, 109, 110, 111, 112, 114, 124, 125, 127, 128, 129, 130, 132, 133, 134, 135, 137, 143, 144, 145, 160, 161, 162], "excluded_lines": []}, "SystemAPIRoutes._register_routes.get_system_info": {"executed_lines": [171, 172, 175, 176, 177, 178, 181, 191, 203, 204, 205, 206, 212, 213, 214, 215, 216, 217, 218, 223, 236, 258, 260, 261], "summary": {"covered_lines": 22, "num_statements": 49, "percent_covered": 44.89795918367347, "percent_covered_display": "45", "missing_lines": 27, "excluded_lines": 4}, "missing_lines": [192, 193, 194, 199, 207, 208, 209, 219, 237, 238, 240, 242, 243, 244, 245, 246, 249, 250, 251, 252, 253, 254, 255, 256, 277, 278, 279], "excluded_lines": [177, 178, 200, 220]}, "SystemAPIRoutes._register_routes.get_system_logs": {"executed_lines": [288, 289, 291, 292, 295, 302, 303, 304, 318, 319], "summary": {"covered_lines": 10, "num_statements": 20, "percent_covered": 50.0, "percent_covered_display": "50", "missing_lines": 10, "excluded_lines": 1}, "missing_lines": [305, 307, 308, 309, 310, 311, 315, 326, 327, 328], "excluded_lines": [316]}, "SystemAPIRoutes._register_routes.restart_system": {"executed_lines": [337, 338, 340, 341, 342, 345, 351, 353, 358, 359, 361, 365, 366, 367, 368, 369], "summary": {"covered_lines": 16, "num_statements": 19, "percent_covered": 84.21052631578948, "percent_covered_display": "84", "missing_lines": 3, "excluded_lines": 0}, "missing_lines": [371, 372, 373], "excluded_lines": []}, "SystemAPIRoutes._register_routes.restart_system.delayed_restart": {"executed_lines": [346], "summary": {"covered_lines": 1, "num_statements": 3, "percent_covered": 33.333333333333336, "percent_covered_display": "33", "missing_lines": 2, "excluded_lines": 0}, "missing_lines": [347, 348], "excluded_lines": []}, "SystemAPIRoutes._register_routes.set_led_brightness": {"executed_lines": [], "summary": {"covered_lines": 0, "num_statements": 12, "percent_covered": 0.0, "percent_covered_display": "0", "missing_lines": 12, "excluded_lines": 0}, "missing_lines": [389, 390, 392, 393, 394, 400, 402, 403, 408, 414, 415, 416], "excluded_lines": []}, "SystemAPIRoutes._register_routes.reload_led_config": {"executed_lines": [], "summary": {"covered_lines": 0, "num_statements": 14, "percent_covered": 0.0, "percent_covered_display": "0", "missing_lines": 14, "excluded_lines": 0}, "missing_lines": [425, 426, 428, 429, 430, 436, 438, 440, 441, 443, 448, 454, 455, 456], "excluded_lines": []}, "SystemAPIRoutes.get_router": {"executed_lines": [463], "summary": {"covered_lines": 1, "num_statements": 1, "percent_covered": 100.0, "percent_covered_display": "100", "missing_lines": 0, "excluded_lines": 0}, "missing_lines": [], "excluded_lines": []}, "": {"executed_lines": [5, 12, 13, 14, 15, 17, 18, 20, 23, 24, 40, 52, 461], "summary": {"covered_lines": 11, "num_statements": 11, "percent_covered": 100.0, "percent_covered_display": "100", "missing_lines": 0, "excluded_lines": 0}, "missing_lines": [], "excluded_lines": []}}, "classes": {"SystemAPIRoutes": {"executed_lines": [47, 48, 49, 50, 55, 56, 57, 86, 87, 88, 90, 91, 94, 96, 97, 98, 140, 141, 142, 147, 154, 167, 168, 169, 171, 172, 175, 176, 177, 178, 181, 191, 203, 204, 205, 206, 212, 213, 214, 215, 216, 217, 218, 223, 236, 258, 260, 261, 284, 285, 286, 288, 289, 291, 292, 295, 302, 303, 304, 318, 319, 333, 334, 335, 337, 338, 340, 341, 342, 345, 346, 351, 353, 358, 359, 361, 365, 366, 367, 368, 369, 379, 463], "summary": {"covered_lines": 81, "num_statements": 196, "percent_covered": 41.326530612244895, "percent_covered_display": "41", "missing_lines": 115, "excluded_lines": 5}, "missing_lines": [59, 60, 61, 62, 68, 69, 72, 73, 74, 75, 76, 77, 79, 80, 81, 108, 109, 110, 111, 112, 114, 124, 125, 127, 128, 129, 130, 132, 133, 134, 135, 137, 143, 144, 145, 160, 161, 162, 192, 193, 194, 199, 207, 208, 209, 219, 237, 238, 240, 242, 243, 244, 245, 246, 249, 250, 251, 252, 253, 254, 255, 256, 277, 278, 279, 305, 307, 308, 309, 310, 311, 315, 326, 327, 328, 347, 348, 371, 372, 373, 380, 382, 383, 385, 386, 387, 389, 390, 392, 393, 394, 400, 402, 403, 408, 414, 415, 416, 421, 422, 423, 425, 426, 428, 429, 430, 436, 438, 440, 441, 443, 448, 454, 455, 456], "excluded_lines": [177, 178, 200, 220, 316]}, "SystemAPIRoutes._register_routes.SetBrightnessRequest": {"executed_lines": [], "summary": {"covered_lines": 0, "num_statements": 0, "percent_covered": 100.0, "percent_covered_display": "100", "missing_lines": 0, "excluded_lines": 0}, "missing_lines": [], "excluded_lines": []}, "": {"executed_lines": [5, 12, 13, 14, 15, 17, 18, 20, 23, 24, 40, 52, 461], "summary": {"covered_lines": 11, "num_statements": 11, "percent_covered": 100.0, "percent_covered_display": "100", "missing_lines": 0, "excluded_lines": 0}, "missing_lines": [], "excluded_lines": []}}}, "app/src/api/endpoints/upload_api_routes.py": {"executed_lines": [5, 12, 13, 14, 16, 17, 19, 22, 23, 38, 49, 225, 239], "summary": {"covered_lines": 11, "num_statements": 99, "percent_covered": 11.11111111111111, "percent_covered_display": "11", "missing_lines": 88, "excluded_lines": 0}, "missing_lines": [45, 46, 47, 52, 53, 54, 60, 62, 63, 64, 71, 72, 75, 76, 77, 79, 99, 100, 101, 102, 104, 105, 110, 111, 112, 117, 118, 119, 121, 123, 124, 125, 132, 133, 134, 135, 141, 142, 145, 146, 148, 152, 153, 154, 159, 160, 161, 166, 168, 169, 170, 176, 178, 179, 181, 182, 183, 185, 186, 187, 188, 189, 190, 194, 196, 197, 198, 203, 204, 207, 208, 209, 210, 212, 213, 218, 219, 220, 227, 228, 230, 231, 232, 233, 234, 235, 237, 241], "excluded_lines": [], "functions": {"UploadAPIRoutes.__init__": {"executed_lines": [], "summary": {"covered_lines": 0, "num_statements": 3, "percent_covered": 0.0, "percent_covered_display": "0", "missing_lines": 3, "excluded_lines": 0}, "missing_lines": [45, 46, 47], "excluded_lines": []}, "UploadAPIRoutes._register_routes": {"executed_lines": [], "summary": {"covered_lines": 0, "num_statements": 9, "percent_covered": 0.0, "percent_covered_display": "0", "missing_lines": 9, "excluded_lines": 0}, "missing_lines": [52, 53, 54, 117, 118, 119, 159, 160, 161], "excluded_lines": []}, "UploadAPIRoutes._register_routes.list_upload_sessions": {"executed_lines": [], "summary": {"covered_lines": 0, "num_statements": 19, "percent_covered": 0.0, "percent_covered_display": "0", "missing_lines": 19, "excluded_lines": 0}, "missing_lines": [60, 62, 63, 64, 71, 72, 75, 76, 77, 79, 99, 100, 101, 102, 104, 105, 110, 111, 112], "excluded_lines": []}, "UploadAPIRoutes._register_routes.delete_upload_session": {"executed_lines": [], "summary": {"covered_lines": 0, "num_statements": 16, "percent_covered": 0.0, "percent_covered_display": "0", "missing_lines": 16, "excluded_lines": 0}, "missing_lines": [121, 123, 124, 125, 132, 133, 134, 135, 141, 142, 145, 146, 148, 152, 153, 154], "excluded_lines": []}, "UploadAPIRoutes._register_routes.cleanup_stale_sessions": {"executed_lines": [], "summary": {"covered_lines": 0, "num_statements": 31, "percent_covered": 0.0, "percent_covered_display": "0", "missing_lines": 31, "excluded_lines": 0}, "missing_lines": [166, 168, 169, 170, 176, 178, 179, 181, 182, 183, 185, 186, 187, 188, 189, 190, 194, 196, 197, 198, 203, 204, 207, 208, 209, 210, 212, 213, 218, 219, 220], "excluded_lines": []}, "UploadAPIRoutes._determine_session_status": {"executed_lines": [], "summary": {"covered_lines": 0, "num_statements": 9, "percent_covered": 0.0, "percent_covered_display": "0", "missing_lines": 9, "excluded_lines": 0}, "missing_lines": [227, 228, 230, 231, 232, 233, 234, 235, 237], "excluded_lines": []}, "UploadAPIRoutes.get_router": {"executed_lines": [], "summary": {"covered_lines": 0, "num_statements": 1, "percent_covered": 0.0, "percent_covered_display": "0", "missing_lines": 1, "excluded_lines": 0}, "missing_lines": [241], "excluded_lines": []}, "": {"executed_lines": [5, 12, 13, 14, 16, 17, 19, 22, 23, 38, 49, 225, 239], "summary": {"covered_lines": 11, "num_statements": 11, "percent_covered": 100.0, "percent_covered_display": "100", "missing_lines": 0, "excluded_lines": 0}, "missing_lines": [], "excluded_lines": []}}, "classes": {"UploadAPIRoutes": {"executed_lines": [], "summary": {"covered_lines": 0, "num_statements": 88, "percent_covered": 0.0, "percent_covered_display": "0", "missing_lines": 88, "excluded_lines": 0}, "missing_lines": [45, 46, 47, 52, 53, 54, 60, 62, 63, 64, 71, 72, 75, 76, 77, 79, 99, 100, 101, 102, 104, 105, 110, 111, 112, 117, 118, 119, 121, 123, 124, 125, 132, 133, 134, 135, 141, 142, 145, 146, 148, 152, 153, 154, 159, 160, 161, 166, 168, 169, 170, 176, 178, 179, 181, 182, 183, 185, 186, 187, 188, 189, 190, 194, 196, 197, 198, 203, 204, 207, 208, 209, 210, 212, 213, 218, 219, 220, 227, 228, 230, 231, 232, 233, 234, 235, 237, 241], "excluded_lines": []}, "": {"executed_lines": [5, 12, 13, 14, 16, 17, 19, 22, 23, 38, 49, 225, 239], "summary": {"covered_lines": 11, "num_statements": 11, "percent_covered": 100.0, "percent_covered_display": "100", "missing_lines": 0, "excluded_lines": 0}, "missing_lines": [], "excluded_lines": []}}}, "app/src/api/endpoints/web_api_routes.py": {"executed_lines": [5, 12, 13, 14, 15, 17, 20, 21, 36, 49, 115], "summary": {"covered_lines": 9, "num_statements": 46, "percent_covered": 19.565217391304348, "percent_covered_display": "20", "missing_lines": 37, "excluded_lines": 0}, "missing_lines": [42, 43, 46, 47, 59, 60, 61, 62, 65, 66, 67, 70, 71, 73, 74, 75, 77, 78, 79, 82, 83, 92, 93, 96, 97, 98, 101, 102, 103, 105, 106, 107, 109, 111, 112, 113, 121], "excluded_lines": [], "functions": {"WebAPIRoutes.__init__": {"executed_lines": [], "summary": {"covered_lines": 0, "num_statements": 4, "percent_covered": 0.0, "percent_covered_display": "0", "missing_lines": 4, "excluded_lines": 0}, "missing_lines": [42, 43, 46, 47], "excluded_lines": []}, "WebAPIRoutes.register_with_app": {"executed_lines": [], "summary": {"covered_lines": 0, "num_statements": 15, "percent_covered": 0.0, "percent_covered_display": "0", "missing_lines": 15, "excluded_lines": 0}, "missing_lines": [59, 60, 61, 62, 65, 66, 67, 70, 71, 82, 83, 109, 111, 112, 113], "excluded_lines": []}, "WebAPIRoutes.register_with_app.serve_spa_index": {"executed_lines": [], "summary": {"covered_lines": 0, "num_statements": 6, "percent_covered": 0.0, "percent_covered_display": "0", "missing_lines": 6, "excluded_lines": 0}, "missing_lines": [73, 74, 75, 77, 78, 79], "excluded_lines": []}, "WebAPIRoutes.register_with_app.serve_spa": {"executed_lines": [], "summary": {"covered_lines": 0, "num_statements": 11, "percent_covered": 0.0, "percent_covered_display": "0", "missing_lines": 11, "excluded_lines": 0}, "missing_lines": [92, 93, 96, 97, 98, 101, 102, 103, 105, 106, 107], "excluded_lines": []}, "WebAPIRoutes.get_router": {"executed_lines": [], "summary": {"covered_lines": 0, "num_statements": 1, "percent_covered": 0.0, "percent_covered_display": "0", "missing_lines": 1, "excluded_lines": 0}, "missing_lines": [121], "excluded_lines": []}, "": {"executed_lines": [5, 12, 13, 14, 15, 17, 20, 21, 36, 49, 115], "summary": {"covered_lines": 9, "num_statements": 9, "percent_covered": 100.0, "percent_covered_display": "100", "missing_lines": 0, "excluded_lines": 0}, "missing_lines": [], "excluded_lines": []}}, "classes": {"WebAPIRoutes": {"executed_lines": [], "summary": {"covered_lines": 0, "num_statements": 37, "percent_covered": 0.0, "percent_covered_display": "0", "missing_lines": 37, "excluded_lines": 0}, "missing_lines": [42, 43, 46, 47, 59, 60, 61, 62, 65, 66, 67, 70, 71, 73, 74, 75, 77, 78, 79, 82, 83, 92, 93, 96, 97, 98, 101, 102, 103, 105, 106, 107, 109, 111, 112, 113, 121], "excluded_lines": []}, "": {"executed_lines": [5, 12, 13, 14, 15, 17, 20, 21, 36, 49, 115], "summary": {"covered_lines": 9, "num_statements": 9, "percent_covered": 100.0, "percent_covered_display": "100", "missing_lines": 0, "excluded_lines": 0}, "missing_lines": [], "excluded_lines": []}}}, "app/src/api/endpoints/youtube_api_routes.py": {"executed_lines": [5, 12, 13, 14, 16, 17, 18, 20, 23, 24, 25, 28, 29, 44, 50, 51, 52, 54, 57, 58, 59, 61, 62, 64, 65, 71, 72, 73, 110, 111, 112, 118, 119, 122, 123, 124, 172, 173, 174, 176, 177, 179, 185, 186, 193, 194, 196, 197, 209, 221, 223], "summary": {"covered_lines": 48, "num_statements": 74, "percent_covered": 64.86486486486487, "percent_covered_display": "65", "missing_lines": 26, "excluded_lines": 0}, "missing_lines": [66, 87, 88, 89, 95, 96, 98, 103, 104, 105, 146, 147, 148, 154, 155, 158, 160, 165, 166, 167, 180, 187, 203, 214, 215, 216], "excluded_lines": [], "functions": {"YouTubeAPIRoutes.__init__": {"executed_lines": [50, 51, 52], "summary": {"covered_lines": 3, "num_statements": 3, "percent_covered": 100.0, "percent_covered_display": "100", "missing_lines": 0, "excluded_lines": 0}, "missing_lines": [], "excluded_lines": []}, "YouTubeAPIRoutes._register_routes": {"executed_lines": [57, 58, 59, 110, 111, 112, 172, 173, 174], "summary": {"covered_lines": 9, "num_statements": 9, "percent_covered": 100.0, "percent_covered_display": "100", "missing_lines": 0, "excluded_lines": 0}, "missing_lines": [], "excluded_lines": []}, "YouTubeAPIRoutes._register_routes.download_youtube": {"executed_lines": [61, 62, 64, 65, 71, 72, 73], "summary": {"covered_lines": 7, "num_statements": 17, "percent_covered": 41.1764705882353, "percent_covered_display": "41", "missing_lines": 10, "excluded_lines": 0}, "missing_lines": [66, 87, 88, 89, 95, 96, 98, 103, 104, 105], "excluded_lines": []}, "YouTubeAPIRoutes._register_routes.search_youtube": {"executed_lines": [118, 119, 122, 123, 124], "summary": {"covered_lines": 5, "num_statements": 15, "percent_covered": 33.333333333333336, "percent_covered_display": "33", "missing_lines": 10, "excluded_lines": 0}, "missing_lines": [146, 147, 148, 154, 155, 158, 160, 165, 166, 167], "excluded_lines": []}, "YouTubeAPIRoutes._register_routes.get_youtube_status": {"executed_lines": [176, 177, 179, 185, 186, 193, 194, 196, 197, 209], "summary": {"covered_lines": 10, "num_statements": 16, "percent_covered": 62.5, "percent_covered_display": "62", "missing_lines": 6, "excluded_lines": 0}, "missing_lines": [180, 187, 203, 214, 215, 216], "excluded_lines": []}, "YouTubeAPIRoutes.get_router": {"executed_lines": [223], "summary": {"covered_lines": 1, "num_statements": 1, "percent_covered": 100.0, "percent_covered_display": "100", "missing_lines": 0, "excluded_lines": 0}, "missing_lines": [], "excluded_lines": []}, "": {"executed_lines": [5, 12, 13, 14, 16, 17, 18, 20, 23, 24, 25, 28, 29, 44, 54, 221], "summary": {"covered_lines": 13, "num_statements": 13, "percent_covered": 100.0, "percent_covered_display": "100", "missing_lines": 0, "excluded_lines": 0}, "missing_lines": [], "excluded_lines": []}}, "classes": {"YouTubeDownloadRequest": {"executed_lines": [], "summary": {"covered_lines": 0, "num_statements": 0, "percent_covered": 100.0, "percent_covered_display": "100", "missing_lines": 0, "excluded_lines": 0}, "missing_lines": [], "excluded_lines": []}, "YouTubeAPIRoutes": {"executed_lines": [50, 51, 52, 57, 58, 59, 61, 62, 64, 65, 71, 72, 73, 110, 111, 112, 118, 119, 122, 123, 124, 172, 173, 174, 176, 177, 179, 185, 186, 193, 194, 196, 197, 209, 223], "summary": {"covered_lines": 35, "num_statements": 61, "percent_covered": 57.377049180327866, "percent_covered_display": "57", "missing_lines": 26, "excluded_lines": 0}, "missing_lines": [66, 87, 88, 89, 95, 96, 98, 103, 104, 105, 146, 147, 148, 154, 155, 158, 160, 165, 166, 167, 180, 187, 203, 214, 215, 216], "excluded_lines": []}, "": {"executed_lines": [5, 12, 13, 14, 16, 17, 18, 20, 23, 24, 25, 28, 29, 44, 54, 221], "summary": {"covered_lines": 13, "num_statements": 13, "percent_covered": 100.0, "percent_covered_display": "100", "missing_lines": 0, "excluded_lines": 0}, "missing_lines": [], "excluded_lines": []}}}, "app/src/api/services/player_broadcasting_service.py": {"executed_lines": [5, 11, 12, 13, 14, 15, 17, 20, 21, 39, 45, 47, 48, 55, 57, 62, 67, 72, 73, 80, 81, 87, 95, 96, 98, 99, 105, 106, 111, 116, 121, 122, 128, 129, 134, 141, 142, 144, 145, 167, 168, 190, 191, 215], "summary": {"covered_lines": 42, "num_statements": 68, "percent_covered": 61.76470588235294, "percent_covered_display": "62", "missing_lines": 26, "excluded_lines": 0}, "missing_lines": [69, 70, 92, 93, 118, 119, 139, 151, 152, 157, 162, 164, 165, 174, 175, 180, 185, 187, 188, 198, 199, 205, 210, 212, 213, 221], "excluded_lines": [], "functions": {"PlayerBroadcastingService.__init__": {"executed_lines": [45], "summary": {"covered_lines": 1, "num_statements": 1, "percent_covered": 100.0, "percent_covered_display": "100", "missing_lines": 0, "excluded_lines": 0}, "missing_lines": [], "excluded_lines": []}, "PlayerBroadcastingService.broadcast_playback_state_changed": {"executed_lines": [55, 57, 62, 67], "summary": {"covered_lines": 4, "num_statements": 6, "percent_covered": 66.66666666666667, "percent_covered_display": "67", "missing_lines": 2, "excluded_lines": 0}, "missing_lines": [69, 70], "excluded_lines": []}, "PlayerBroadcastingService.broadcast_track_changed": {"executed_lines": [80, 81, 87, 95, 96], "summary": {"covered_lines": 5, "num_statements": 7, "percent_covered": 71.42857142857143, "percent_covered_display": "71", "missing_lines": 2, "excluded_lines": 0}, "missing_lines": [92, 93], "excluded_lines": []}, "PlayerBroadcastingService.broadcast_volume_changed": {"executed_lines": [105, 106, 111, 116], "summary": {"covered_lines": 4, "num_statements": 6, "percent_covered": 66.66666666666667, "percent_covered_display": "67", "missing_lines": 2, "excluded_lines": 0}, "missing_lines": [118, 119], "excluded_lines": []}, "PlayerBroadcastingService.broadcast_position_changed": {"executed_lines": [128, 129, 134, 141, 142], "summary": {"covered_lines": 5, "num_statements": 6, "percent_covered": 83.33333333333333, "percent_covered_display": "83", "missing_lines": 1, "excluded_lines": 0}, "missing_lines": [139], "excluded_lines": []}, "PlayerBroadcastingService.broadcast_player_status": {"executed_lines": [], "summary": {"covered_lines": 0, "num_statements": 6, "percent_covered": 0.0, "percent_covered_display": "0", "missing_lines": 6, "excluded_lines": 0}, "missing_lines": [151, 152, 157, 162, 164, 165], "excluded_lines": []}, "PlayerBroadcastingService.broadcast_progress_update": {"executed_lines": [], "summary": {"covered_lines": 0, "num_statements": 6, "percent_covered": 0.0, "percent_covered_display": "0", "missing_lines": 6, "excluded_lines": 0}, "missing_lines": [174, 175, 180, 185, 187, 188], "excluded_lines": []}, "PlayerBroadcastingService.broadcast_player_error": {"executed_lines": [], "summary": {"covered_lines": 0, "num_statements": 6, "percent_covered": 0.0, "percent_covered_display": "0", "missing_lines": 6, "excluded_lines": 0}, "missing_lines": [198, 199, 205, 210, 212, 213], "excluded_lines": []}, "PlayerBroadcastingService.get_global_sequence": {"executed_lines": [], "summary": {"covered_lines": 0, "num_statements": 1, "percent_covered": 0.0, "percent_covered_display": "0", "missing_lines": 1, "excluded_lines": 0}, "missing_lines": [221], "excluded_lines": []}, "": {"executed_lines": [5, 11, 12, 13, 14, 15, 17, 20, 21, 39, 47, 48, 72, 73, 98, 99, 121, 122, 144, 145, 167, 168, 190, 191, 215], "summary": {"covered_lines": 23, "num_statements": 23, "percent_covered": 100.0, "percent_covered_display": "100", "missing_lines": 0, "excluded_lines": 0}, "missing_lines": [], "excluded_lines": []}}, "classes": {"PlayerBroadcastingService": {"executed_lines": [45, 55, 57, 62, 67, 80, 81, 87, 95, 96, 105, 106, 111, 116, 128, 129, 134, 141, 142], "summary": {"covered_lines": 19, "num_statements": 45, "percent_covered": 42.22222222222222, "percent_covered_display": "42", "missing_lines": 26, "excluded_lines": 0}, "missing_lines": [69, 70, 92, 93, 118, 119, 139, 151, 152, 157, 162, 164, 165, 174, 175, 180, 185, 187, 188, 198, 199, 205, 210, 212, 213, 221], "excluded_lines": []}, "": {"executed_lines": [5, 11, 12, 13, 14, 15, 17, 20, 21, 39, 47, 48, 72, 73, 98, 99, 121, 122, 144, 145, 167, 168, 190, 191, 215], "summary": {"covered_lines": 23, "num_statements": 23, "percent_covered": 100.0, "percent_covered_display": "100", "missing_lines": 0, "excluded_lines": 0}, "missing_lines": [], "excluded_lines": []}}}, "app/src/api/services/player_operations_service.py": {"executed_lines": [5, 11, 12, 13, 14, 15, 17, 19, 22, 23, 26, 27, 45, 51, 52, 54, 55, 64, 65, 67, 68, 71, 72, 73, 76, 83, 85, 92, 93, 99, 101, 103, 104, 105, 124, 125, 131, 133, 135, 136, 137, 156, 157, 213, 214, 223, 225, 227, 232, 233, 239, 240, 249, 251, 253, 258, 259, 265, 275, 276, 279, 281], "summary": {"covered_lines": 60, "num_statements": 112, "percent_covered": 53.57142857142857, "percent_covered_display": "54", "missing_lines": 52, "excluded_lines": 0}, "missing_lines": [77, 87, 88, 90, 111, 112, 117, 118, 119, 143, 144, 149, 150, 151, 163, 165, 167, 168, 174, 175, 176, 179, 181, 182, 183, 186, 187, 190, 191, 193, 194, 195, 201, 206, 207, 208, 228, 229, 230, 235, 236, 237, 254, 255, 256, 261, 262, 263, 290, 291, 294, 295], "excluded_lines": [], "functions": {"PlayerOperationsService.__init__": {"executed_lines": [51, 52], "summary": {"covered_lines": 2, "num_statements": 2, "percent_covered": 100.0, "percent_covered_display": "100", "missing_lines": 0, "excluded_lines": 0}, "missing_lines": [], "excluded_lines": []}, "PlayerOperationsService.check_rate_limit_use_case": {"executed_lines": [64, 65, 67, 68, 71, 72, 73, 76, 83, 85], "summary": {"covered_lines": 10, "num_statements": 14, "percent_covered": 71.42857142857143, "percent_covered_display": "71", "missing_lines": 4, "excluded_lines": 0}, "missing_lines": [77, 87, 88, 90], "excluded_lines": []}, "PlayerOperationsService.next_track_use_case": {"executed_lines": [99, 101, 103, 104, 105], "summary": {"covered_lines": 5, "num_statements": 10, "percent_covered": 50.0, "percent_covered_display": "50", "missing_lines": 5, "excluded_lines": 0}, "missing_lines": [111, 112, 117, 118, 119], "excluded_lines": []}, "PlayerOperationsService.previous_track_use_case": {"executed_lines": [131, 133, 135, 136, 137], "summary": {"covered_lines": 5, "num_statements": 10, "percent_covered": 50.0, "percent_covered_display": "50", "missing_lines": 5, "excluded_lines": 0}, "missing_lines": [143, 144, 149, 150, 151], "excluded_lines": []}, "PlayerOperationsService.toggle_playback_use_case": {"executed_lines": [], "summary": {"covered_lines": 0, "num_statements": 22, "percent_covered": 0.0, "percent_covered_display": "0", "missing_lines": 22, "excluded_lines": 0}, "missing_lines": [163, 165, 167, 168, 174, 175, 176, 179, 181, 182, 183, 186, 187, 190, 191, 193, 194, 195, 201, 206, 207, 208], "excluded_lines": []}, "PlayerOperationsService.stop_progress_service_use_case": {"executed_lines": [223, 225, 227, 232, 233], "summary": {"covered_lines": 5, "num_statements": 11, "percent_covered": 45.45454545454545, "percent_covered_display": "45", "missing_lines": 6, "excluded_lines": 0}, "missing_lines": [228, 229, 230, 235, 236, 237], "excluded_lines": []}, "PlayerOperationsService.trigger_immediate_progress_use_case": {"executed_lines": [249, 251, 253, 258, 259], "summary": {"covered_lines": 5, "num_statements": 11, "percent_covered": 45.45454545454545, "percent_covered_display": "45", "missing_lines": 6, "excluded_lines": 0}, "missing_lines": [254, 255, 256, 261, 262, 263], "excluded_lines": []}, "PlayerOperationsService._get_client_id": {"executed_lines": [275, 276, 279], "summary": {"covered_lines": 3, "num_statements": 3, "percent_covered": 100.0, "percent_covered_display": "100", "missing_lines": 0, "excluded_lines": 0}, "missing_lines": [], "excluded_lines": []}, "PlayerOperationsService._validate_client_op_id": {"executed_lines": [], "summary": {"covered_lines": 0, "num_statements": 4, "percent_covered": 0.0, "percent_covered_display": "0", "missing_lines": 4, "excluded_lines": 0}, "missing_lines": [290, 291, 294, 295], "excluded_lines": []}, "": {"executed_lines": [5, 11, 12, 13, 14, 15, 17, 19, 22, 23, 26, 27, 45, 54, 55, 92, 93, 124, 125, 156, 157, 213, 214, 239, 240, 265, 281], "summary": {"covered_lines": 25, "num_statements": 25, "percent_covered": 100.0, "percent_covered_display": "100", "missing_lines": 0, "excluded_lines": 0}, "missing_lines": [], "excluded_lines": []}}, "classes": {"PlayerOperationsService": {"executed_lines": [51, 52, 64, 65, 67, 68, 71, 72, 73, 76, 83, 85, 99, 101, 103, 104, 105, 131, 133, 135, 136, 137, 223, 225, 227, 232, 233, 249, 251, 253, 258, 259, 275, 276, 279], "summary": {"covered_lines": 35, "num_statements": 87, "percent_covered": 40.229885057471265, "percent_covered_display": "40", "missing_lines": 52, "excluded_lines": 0}, "missing_lines": [77, 87, 88, 90, 111, 112, 117, 118, 119, 143, 144, 149, 150, 151, 163, 165, 167, 168, 174, 175, 176, 179, 181, 182, 183, 186, 187, 190, 191, 193, 194, 195, 201, 206, 207, 208, 228, 229, 230, 235, 236, 237, 254, 255, 256, 261, 262, 263, 290, 291, 294, 295], "excluded_lines": []}, "": {"executed_lines": [5, 11, 12, 13, 14, 15, 17, 19, 22, 23, 26, 27, 45, 54, 55, 92, 93, 124, 125, 156, 157, 213, 214, 239, 240, 265, 281], "summary": {"covered_lines": 25, "num_statements": 25, "percent_covered": 100.0, "percent_covered_display": "100", "missing_lines": 0, "excluded_lines": 0}, "missing_lines": [], "excluded_lines": []}}}, "app/src/api/services/playlist_broadcasting_service.py": {"executed_lines": [5, 11, 12, 13, 14, 15, 17, 20, 21, 38, 45, 46, 48, 49, 56, 57, 63, 68, 73, 74, 85, 87, 88, 89, 91, 102, 107, 109, 114, 119, 120, 126, 127, 132, 137, 142, 143, 150, 151, 157, 162, 167, 168, 175, 176, 182, 187, 192, 193, 204, 206, 207, 208, 210, 225, 231, 236, 241, 242, 268, 269, 293, 294, 316, 317, 323, 324, 329, 334, 339, 348, 351, 352, 353, 354, 355, 364, 370], "summary": {"covered_lines": 76, "num_statements": 120, "percent_covered": 63.333333333333336, "percent_covered_display": "63", "missing_lines": 44, "excluded_lines": 0}, "missing_lines": [70, 71, 93, 99, 116, 117, 139, 140, 164, 165, 189, 190, 212, 217, 222, 238, 239, 249, 250, 255, 256, 258, 263, 265, 266, 276, 277, 283, 288, 290, 291, 300, 301, 306, 311, 313, 314, 336, 337, 349, 358, 360, 361, 362], "excluded_lines": [], "functions": {"PlaylistBroadcastingService.__init__": {"executed_lines": [45, 46], "summary": {"covered_lines": 2, "num_statements": 2, "percent_covered": 100.0, "percent_covered_display": "100", "missing_lines": 0, "excluded_lines": 0}, "missing_lines": [], "excluded_lines": []}, "PlaylistBroadcastingService.broadcast_playlist_created": {"executed_lines": [56, 57, 63, 68], "summary": {"covered_lines": 4, "num_statements": 6, "percent_covered": 66.66666666666667, "percent_covered_display": "67", "missing_lines": 2, "excluded_lines": 0}, "missing_lines": [70, 71], "excluded_lines": []}, "PlaylistBroadcastingService.broadcast_playlist_updated": {"executed_lines": [85, 87, 88, 89, 91, 102, 107, 109, 114], "summary": {"covered_lines": 9, "num_statements": 13, "percent_covered": 69.23076923076923, "percent_covered_display": "69", "missing_lines": 4, "excluded_lines": 0}, "missing_lines": [93, 99, 116, 117], "excluded_lines": []}, "PlaylistBroadcastingService.broadcast_playlist_deleted": {"executed_lines": [126, 127, 132, 137], "summary": {"covered_lines": 4, "num_statements": 6, "percent_covered": 66.66666666666667, "percent_covered_display": "67", "missing_lines": 2, "excluded_lines": 0}, "missing_lines": [139, 140], "excluded_lines": []}, "PlaylistBroadcastingService.broadcast_track_added": {"executed_lines": [150, 151, 157, 162], "summary": {"covered_lines": 4, "num_statements": 6, "percent_covered": 66.66666666666667, "percent_covered_display": "67", "missing_lines": 2, "excluded_lines": 0}, "missing_lines": [164, 165], "excluded_lines": []}, "PlaylistBroadcastingService.broadcast_tracks_deleted": {"executed_lines": [175, 176, 182, 187], "summary": {"covered_lines": 4, "num_statements": 6, "percent_covered": 66.66666666666667, "percent_covered_display": "67", "missing_lines": 2, "excluded_lines": 0}, "missing_lines": [189, 190], "excluded_lines": []}, "PlaylistBroadcastingService.broadcast_tracks_reordered": {"executed_lines": [204, 206, 207, 208, 210, 225, 231, 236], "summary": {"covered_lines": 8, "num_statements": 13, "percent_covered": 61.53846153846154, "percent_covered_display": "62", "missing_lines": 5, "excluded_lines": 0}, "missing_lines": [212, 217, 222, 238, 239], "excluded_lines": []}, "PlaylistBroadcastingService.broadcast_playlist_started": {"executed_lines": [], "summary": {"covered_lines": 0, "num_statements": 8, "percent_covered": 0.0, "percent_covered_display": "0", "missing_lines": 8, "excluded_lines": 0}, "missing_lines": [249, 250, 255, 256, 258, 263, 265, 266], "excluded_lines": []}, "PlaylistBroadcastingService.broadcast_nfc_associated": {"executed_lines": [], "summary": {"covered_lines": 0, "num_statements": 6, "percent_covered": 0.0, "percent_covered_display": "0", "missing_lines": 6, "excluded_lines": 0}, "missing_lines": [276, 277, 283, 288, 290, 291], "excluded_lines": []}, "PlaylistBroadcastingService.broadcast_nfc_disassociated": {"executed_lines": [], "summary": {"covered_lines": 0, "num_statements": 6, "percent_covered": 0.0, "percent_covered_display": "0", "missing_lines": 6, "excluded_lines": 0}, "missing_lines": [300, 301, 306, 311, 313, 314], "excluded_lines": []}, "PlaylistBroadcastingService.broadcast_playlists_synced": {"executed_lines": [323, 324, 329, 334], "summary": {"covered_lines": 4, "num_statements": 6, "percent_covered": 66.66666666666667, "percent_covered_display": "67", "missing_lines": 2, "excluded_lines": 0}, "missing_lines": [336, 337], "excluded_lines": []}, "PlaylistBroadcastingService._get_full_playlist_data": {"executed_lines": [348, 351, 352, 353, 354, 355], "summary": {"covered_lines": 6, "num_statements": 11, "percent_covered": 54.54545454545455, "percent_covered_display": "55", "missing_lines": 5, "excluded_lines": 0}, "missing_lines": [349, 358, 360, 361, 362], "excluded_lines": []}, "PlaylistBroadcastingService.get_global_sequence": {"executed_lines": [370], "summary": {"covered_lines": 1, "num_statements": 1, "percent_covered": 100.0, "percent_covered_display": "100", "missing_lines": 0, "excluded_lines": 0}, "missing_lines": [], "excluded_lines": []}, "": {"executed_lines": [5, 11, 12, 13, 14, 15, 17, 20, 21, 38, 48, 49, 73, 74, 119, 120, 142, 143, 167, 168, 192, 193, 241, 242, 268, 269, 293, 294, 316, 317, 339, 364], "summary": {"covered_lines": 30, "num_statements": 30, "percent_covered": 100.0, "percent_covered_display": "100", "missing_lines": 0, "excluded_lines": 0}, "missing_lines": [], "excluded_lines": []}}, "classes": {"PlaylistBroadcastingService": {"executed_lines": [45, 46, 56, 57, 63, 68, 85, 87, 88, 89, 91, 102, 107, 109, 114, 126, 127, 132, 137, 150, 151, 157, 162, 175, 176, 182, 187, 204, 206, 207, 208, 210, 225, 231, 236, 323, 324, 329, 334, 348, 351, 352, 353, 354, 355, 370], "summary": {"covered_lines": 46, "num_statements": 90, "percent_covered": 51.111111111111114, "percent_covered_display": "51", "missing_lines": 44, "excluded_lines": 0}, "missing_lines": [70, 71, 93, 99, 116, 117, 139, 140, 164, 165, 189, 190, 212, 217, 222, 238, 239, 249, 250, 255, 256, 258, 263, 265, 266, 276, 277, 283, 288, 290, 291, 300, 301, 306, 311, 313, 314, 336, 337, 349, 358, 360, 361, 362], "excluded_lines": []}, "": {"executed_lines": [5, 11, 12, 13, 14, 15, 17, 20, 21, 38, 48, 49, 73, 74, 119, 120, 142, 143, 167, 168, 192, 193, 241, 242, 268, 269, 293, 294, 316, 317, 339, 364], "summary": {"covered_lines": 30, "num_statements": 30, "percent_covered": 100.0, "percent_covered_display": "100", "missing_lines": 0, "excluded_lines": 0}, "missing_lines": [], "excluded_lines": []}}}, "app/src/api/services/playlist_operations_service.py": {"executed_lines": [5, 12, 13, 15, 16, 17, 18, 24, 27, 28, 46, 53, 54, 56, 57, 127, 128, 165, 166, 183, 184, 200, 201, 218, 219, 235, 236, 260, 261, 267, 269, 270, 272, 286, 287, 305, 313, 322, 323], "summary": {"covered_lines": 37, "num_statements": 125, "percent_covered": 29.6, "percent_covered_display": "30", "missing_lines": 88, "excluded_lines": 0}, "missing_lines": [67, 69, 70, 71, 74, 75, 76, 86, 89, 90, 95, 97, 99, 100, 101, 104, 105, 107, 108, 109, 115, 117, 118, 123, 124, 125, 138, 140, 141, 142, 145, 152, 153, 154, 159, 161, 162, 163, 176, 177, 179, 180, 181, 193, 194, 196, 197, 198, 211, 212, 214, 215, 216, 228, 229, 231, 232, 233, 245, 247, 248, 250, 251, 252, 254, 256, 257, 258, 278, 279, 280, 318, 319, 320, 332, 333, 334, 336, 337, 344, 345, 346, 348, 349, 359, 366, 367, 368], "excluded_lines": [], "functions": {"PlaylistOperationsService.__init__": {"executed_lines": [53, 54], "summary": {"covered_lines": 2, "num_statements": 2, "percent_covered": 100.0, "percent_covered_display": "100", "missing_lines": 0, "excluded_lines": 0}, "missing_lines": [], "excluded_lines": []}, "PlaylistOperationsService.reorder_tracks_use_case": {"executed_lines": [], "summary": {"covered_lines": 0, "num_statements": 26, "percent_covered": 0.0, "percent_covered_display": "0", "missing_lines": 26, "excluded_lines": 0}, "missing_lines": [67, 69, 70, 71, 74, 75, 76, 86, 89, 90, 95, 97, 99, 100, 101, 104, 105, 107, 108, 109, 115, 117, 118, 123, 124, 125], "excluded_lines": []}, "PlaylistOperationsService.delete_tracks_use_case": {"executed_lines": [], "summary": {"covered_lines": 0, "num_statements": 12, "percent_covered": 0.0, "percent_covered_display": "0", "missing_lines": 12, "excluded_lines": 0}, "missing_lines": [138, 140, 141, 142, 145, 152, 153, 154, 159, 161, 162, 163], "excluded_lines": []}, "PlaylistOperationsService.update_playlist_use_case": {"executed_lines": [], "summary": {"covered_lines": 0, "num_statements": 5, "percent_covered": 0.0, "percent_covered_display": "0", "missing_lines": 5, "excluded_lines": 0}, "missing_lines": [176, 177, 179, 180, 181], "excluded_lines": []}, "PlaylistOperationsService.delete_playlist_use_case": {"executed_lines": [], "summary": {"covered_lines": 0, "num_statements": 5, "percent_covered": 0.0, "percent_covered_display": "0", "missing_lines": 5, "excluded_lines": 0}, "missing_lines": [193, 194, 196, 197, 198], "excluded_lines": []}, "PlaylistOperationsService.associate_nfc_tag_use_case": {"executed_lines": [], "summary": {"covered_lines": 0, "num_statements": 5, "percent_covered": 0.0, "percent_covered_display": "0", "missing_lines": 5, "excluded_lines": 0}, "missing_lines": [211, 212, 214, 215, 216], "excluded_lines": []}, "PlaylistOperationsService.disassociate_nfc_tag_use_case": {"executed_lines": [], "summary": {"covered_lines": 0, "num_statements": 5, "percent_covered": 0.0, "percent_covered_display": "0", "missing_lines": 5, "excluded_lines": 0}, "missing_lines": [228, 229, 23
[...]
"covered_lines": 38, "num_statements": 259, "percent_covered": 14.671814671814673, "percent_covered_display": "15", "missing_lines": 221, "excluded_lines": 1}, "missing_lines": [44, 45, 46, 47, 48, 49, 50, 51, 52, 53, 54, 57, 58, 60, 64, 65, 67, 68, 70, 74, 75, 76, 78, 79, 80, 86, 87, 88, 90, 91, 93, 94, 95, 96, 97, 101, 102, 103, 104, 109, 112, 113, 115, 116, 119, 121, 122, 125, 126, 129, 130, 131, 134, 135, 136, 139, 140, 144, 149, 151, 152, 154, 156, 157, 159, 161, 162, 163, 166, 167, 168, 171, 172, 173, 177, 178, 181, 184, 185, 186, 188, 189, 190, 192, 193, 196, 197, 199, 200, 203, 204, 207, 210, 213, 214, 215, 217, 219, 224, 225, 226, 227, 228, 232, 233, 236, 237, 238, 240, 241, 244, 245, 247, 251, 252, 254, 255, 262, 263, 264, 265, 267, 268, 269, 270, 271, 273, 278, 279, 280, 283, 284, 286, 287, 289, 290, 292, 298, 303, 308, 313, 317, 318, 319, 320, 326, 327, 328, 329, 331, 342, 354, 355, 356, 357, 358, 360, 362, 368, 369, 370, 371, 373, 374, 375, 380, 381, 383, 384, 385, 387, 388, 389, 392, 393, 395, 397, 403, 408, 410, 411, 415, 416, 419, 420, 423, 424, 427, 429, 430, 431, 433, 434, 438, 440, 441, 444, 445, 449, 451, 452, 454, 457, 458, 461, 463, 465, 467, 468, 477, 479, 480, 482, 484, 485, 486, 490, 496, 497, 499, 500], "excluded_lines": [99], "functions": {"TrackProgressService.__init__": {"executed_lines": [], "summary": {"covered_lines": 0, "num_statements": 14, "percent_covered": 0.0, "percent_covered_display": "0", "missing_lines": 14, "excluded_lines": 0}, "missing_lines": [44, 45, 46, 47, 48, 49, 50, 51, 52, 53, 54, 57, 58, 60], "excluded_lines": []}, "TrackProgressService._detect_controller_type": {"executed_lines": [], "summary": {"covered_lines": 0, "num_statements": 5, "percent_covered": 0.0, "percent_covered_display": "0", "missing_lines": 5, "excluded_lines": 0}, "missing_lines": [64, 65, 67, 68, 70], "excluded_lines": []}, "TrackProgressService.start": {"executed_lines": [], "summary": {"covered_lines": 0, "num_statements": 6, "percent_covered": 0.0, "percent_covered_display": "0", "missing_lines": 6, "excluded_lines": 0}, "missing_lines": [74, 75, 76, 78, 79, 80], "excluded_lines": []}, "TrackProgressService.stop": {"executed_lines": [], "summary": {"covered_lines": 0, "num_statements": 14, "percent_covered": 0.0, "percent_covered_display": "0", "missing_lines": 14, "excluded_lines": 1}, "missing_lines": [86, 87, 88, 90, 91, 93, 94, 95, 96, 97, 101, 102, 103, 104], "excluded_lines": [99]}, "TrackProgressService._progress_loop": {"executed_lines": [], "summary": {"covered_lines": 0, "num_statements": 19, "percent_covered": 0.0, "percent_covered_display": "0", "missing_lines": 19, "excluded_lines": 0}, "missing_lines": [109, 112, 113, 115, 116, 119, 121, 122, 125, 126, 129, 130, 131, 134, 135, 136, 139, 140, 144], "excluded_lines": []}, "TrackProgressService._emit_progress": {"executed_lines": [], "summary": {"covered_lines": 0, "num_statements": 69, "percent_covered": 0.0, "percent_covered_display": "0", "missing_lines": 69, "excluded_lines": 0}, "missing_lines": [149, 151, 152, 154, 156, 157, 159, 161, 162, 163, 166, 167, 168, 171, 172, 173, 177, 178, 181, 184, 185, 186, 188, 189, 190, 192, 193, 196, 197, 199, 200, 203, 204, 207, 210, 213, 214, 215, 217, 219, 224, 225, 226, 227, 228, 232, 233, 236, 237, 238, 240, 241, 244, 245, 247, 251, 252, 254, 255, 262, 263, 264, 265, 267, 268, 269, 270, 271, 273], "excluded_lines": []}, "TrackProgressService._validate_position_data": {"executed_lines": [], "summary": {"covered_lines": 0, "num_statements": 10, "percent_covered": 0.0, "percent_covered_display": "0", "missing_lines": 10, "excluded_lines": 0}, "missing_lines": [278, 279, 280, 283, 284, 286, 287, 289, 290, 292], "excluded_lines": []}, "TrackProgressService._safe_operation_context": {"executed_lines": [], "summary": {"covered_lines": 0, "num_statements": 1, "percent_covered": 0.0, "percent_covered_display": "0", "missing_lines": 1, "excluded_lines": 0}, "missing_lines": [298], "excluded_lines": []}, "TrackProgressService.emit_immediate_position": {"executed_lines": [], "summary": {"covered_lines": 0, "num_statements": 1, "percent_covered": 0.0, "percent_covered_display": "0", "missing_lines": 1, "excluded_lines": 0}, "missing_lines": [303], "excluded_lines": []}, "TrackProgressService.is_running": {"executed_lines": [], "summary": {"covered_lines": 0, "num_statements": 1, "percent_covered": 0.0, "percent_covered_display": "0", "missing_lines": 1, "excluded_lines": 0}, "missing_lines": [308], "excluded_lines": []}, "TrackProgressService.error_count": {"executed_lines": [], "summary": {"covered_lines": 0, "num_statements": 1, "percent_covered": 0.0, "percent_covered_display": "0", "missing_lines": 1, "excluded_lines": 0}, "missing_lines": [313], "excluded_lines": []}, "TrackProgressService.reset_error_count": {"executed_lines": [], "summary": {"covered_lines": 0, "num_statements": 4, "percent_covered": 0.0, "percent_covered_display": "0", "missing_lines": 4, "excluded_lines": 0}, "missing_lines": [317, 318, 319, 320], "excluded_lines": []}, "TrackProgressService.configure_error_handling": {"executed_lines": [], "summary": {"covered_lines": 0, "num_statements": 5, "percent_covered": 0.0, "percent_covered_display": "0", "missing_lines": 5, "excluded_lines": 0}, "missing_lines": [326, 327, 328, 329, 331], "excluded_lines": []}, "TrackProgressService._reset_diagnostic_attributes": {"executed_lines": [], "summary": {"covered_lines": 0, "num_statements": 15, "percent_covered": 0.0, "percent_covered_display": "0", "missing_lines": 15, "excluded_lines": 0}, "missing_lines": [342, 354, 355, 356, 357, 358, 360, 362, 368, 369, 370, 371, 373, 374, 375], "excluded_lines": []}, "TrackProgressService._check_for_track_change": {"executed_lines": [], "summary": {"covered_lines": 0, "num_statements": 13, "percent_covered": 0.0, "percent_covered_display": "0", "missing_lines": 13, "excluded_lines": 0}, "missing_lines": [380, 381, 383, 384, 385, 387, 388, 389, 392, 393, 395, 397, 403], "excluded_lines": []}, "TrackProgressService._check_for_track_end": {"executed_lines": [], "summary": {"covered_lines": 0, "num_statements": 31, "percent_covered": 0.0, "percent_covered_display": "0", "missing_lines": 31, "excluded_lines": 0}, "missing_lines": [408, 410, 411, 415, 416, 419, 420, 423, 424, 427, 429, 430, 431, 433, 434, 438, 440, 441, 444, 445, 449, 451, 452, 454, 457, 458, 461, 463, 465, 467, 468], "excluded_lines": []}, "TrackProgressService._broadcast_player_state_after_auto_advance": {"executed_lines": [], "summary": {"covered_lines": 0, "num_statements": 12, "percent_covered": 0.0, "percent_covered_display": "0", "missing_lines": 12, "excluded_lines": 0}, "missing_lines": [477, 479, 480, 482, 484, 485, 486, 490, 496, 497, 499, 500], "excluded_lines": []}, "": {"executed_lines": [5, 12, 13, 14, 15, 17, 18, 19, 20, 21, 23, 26, 27, 34, 62, 72, 83, 84, 106, 107, 146, 147, 275, 294, 295, 296, 300, 301, 305, 306, 310, 311, 315, 322, 335, 377, 378, 406, 470, 471], "summary": {"covered_lines": 38, "num_statements": 38, "percent_covered": 100.0, "percent_covered_display": "100", "missing_lines": 0, "excluded_lines": 0}, "missing_lines": [], "excluded_lines": []}}, "classes": {"TrackProgressService": {"executed_lines": [], "summary": {"covered_lines": 0, "num_statements": 221, "percent_covered": 0.0, "percent_covered_display": "0", "missing_lines": 221, "excluded_lines": 1}, "missing_lines": [44, 45, 46, 47, 48, 49, 50, 51, 52, 53, 54, 57, 58, 60, 64, 65, 67, 68, 70, 74, 75, 76, 78, 79, 80, 86, 87, 88, 90, 91, 93, 94, 95, 96, 97, 101, 102, 103, 104, 109, 112, 113, 115, 116, 119, 121, 122, 125, 126, 129, 130, 131, 134, 135, 136, 139, 140, 144, 149, 151, 152, 154, 156, 157, 159, 161, 162, 163, 166, 167, 168, 171, 172, 173, 177, 178, 181, 184, 185, 186, 188, 189, 190, 192, 193, 196, 197, 199, 200, 203, 204, 207, 210, 213, 214, 215, 217, 219, 224, 225, 226, 227, 228, 232, 233, 236, 237, 238, 240, 241, 244, 245, 247, 251, 252, 254, 255, 262, 263, 264, 265, 267, 268, 269, 270, 271, 273, 278, 279, 280, 283, 284, 286, 287, 289, 290, 292, 298, 303, 308, 313, 317, 318, 319, 320, 326, 327, 328, 329, 331, 342, 354, 355, 356, 357, 358, 360, 362, 368, 369, 370, 371, 373, 374, 375, 380, 381, 383, 384, 385, 387, 388, 389, 392, 393, 395, 397, 403, 408, 410, 411, 415, 416, 419, 420, 423, 424, 427, 429, 430, 431, 433, 434, 438, 440, 441, 444, 445, 449, 451, 452, 454, 457, 458, 461, 463, 465, 467, 468, 477, 479, 480, 482, 484, 485, 486, 490, 496, 497, 499, 500], "excluded_lines": [99]}, "": {"executed_lines": [5, 12, 13, 14, 15, 17, 18, 19, 20, 21, 23, 26, 27, 34, 62, 72, 83, 84, 106, 107, 146, 147, 275, 294, 295, 296, 300, 301, 305, 306, 310, 311, 315, 322, 335, 377, 378, 406, 470, 471], "summary": {"covered_lines": 38, "num_statements": 38, "percent_covered": 100.0, "percent_covered_display": "100", "missing_lines": 0, "excluded_lines": 0}, "missing_lines": [], "excluded_lines": []}}}, "app/src/services/upload_service.py": {"executed_lines": [], "summary": {"covered_lines": 0, "num_statements": 56, "percent_covered": 0.0, "percent_covered_display": "0", "missing_lines": 56, "excluded_lines": 0}, "missing_lines": [12, 13, 15, 16, 17, 19, 20, 21, 23, 26, 34, 38, 39, 40, 42, 46, 48, 54, 55, 57, 58, 60, 61, 69, 70, 71, 72, 78, 80, 81, 82, 97, 98, 100, 101, 105, 106, 111, 114, 115, 118, 119, 120, 121, 122, 123, 124, 125, 126, 128, 135, 136, 137, 138, 139, 140], "excluded_lines": [], "functions": {"UploadService.__init__": {"executed_lines": [], "summary": {"covered_lines": 0, "num_statements": 3, "percent_covered": 0.0, "percent_covered_display": "0", "missing_lines": 3, "excluded_lines": 0}, "missing_lines": [38, 39, 40], "excluded_lines": []}, "UploadService._allowed_file": {"executed_lines": [], "summary": {"covered_lines": 0, "num_statements": 1, "percent_covered": 0.0, "percent_covered_display": "0", "missing_lines": 1, "excluded_lines": 0}, "missing_lines": [46], "excluded_lines": []}, "UploadService._check_file_size": {"executed_lines": [], "summary": {"covered_lines": 0, "num_statements": 4, "percent_covered": 0.0, "percent_covered_display": "0", "missing_lines": 4, "excluded_lines": 0}, "missing_lines": [54, 55, 57, 58], "excluded_lines": []}, "UploadService.extract_metadata": {"executed_lines": [], "summary": {"covered_lines": 0, "num_statements": 5, "percent_covered": 0.0, "percent_covered_display": "0", "missing_lines": 5, "excluded_lines": 0}, "missing_lines": [69, 70, 71, 72, 78], "excluded_lines": []}, "UploadService.process_upload": {"executed_lines": [], "summary": {"covered_lines": 0, "num_statements": 18, "percent_covered": 0.0, "percent_covered_display": "0", "missing_lines": 18, "excluded_lines": 0}, "missing_lines": [97, 98, 100, 101, 105, 106, 111, 114, 115, 118, 119, 120, 121, 122, 123, 124, 125, 126], "excluded_lines": []}, "UploadService.cleanup_failed_upload": {"executed_lines": [], "summary": {"covered_lines": 0, "num_statements": 6, "percent_covered": 0.0, "percent_covered_display": "0", "missing_lines": 6, "excluded_lines": 0}, "missing_lines": [135, 136, 137, 138, 139, 140], "excluded_lines": []}, "": {"executed_lines": [], "summary": {"covered_lines": 0, "num_statements": 19, "percent_covered": 0.0, "percent_covered_display": "0", "missing_lines": 19, "excluded_lines": 0}, "missing_lines": [12, 13, 15, 16, 17, 19, 20, 21, 23, 26, 34, 42, 48, 60, 61, 80, 81, 82, 128], "excluded_lines": []}}, "classes": {"UploadService": {"executed_lines": [], "summary": {"covered_lines": 0, "num_statements": 37, "percent_covered": 0.0, "percent_covered_display": "0", "missing_lines": 37, "excluded_lines": 0}, "missing_lines": [38, 39, 40, 46, 54, 55, 57, 58, 69, 70, 71, 72, 78, 97, 98, 100, 101, 105, 106, 111, 114, 115, 118, 119, 120, 121, 122, 123, 124, 125, 126, 135, 136, 137, 138, 139, 140], "excluded_lines": []}, "": {"executed_lines": [], "summary": {"covered_lines": 0, "num_statements": 19, "percent_covered": 0.0, "percent_covered_display": "0", "missing_lines": 19, "excluded_lines": 0}, "missing_lines": [12, 13, 15, 16, 17, 19, 20, 21, 23, 26, 34, 42, 48, 60, 61, 80, 81, 82, 128], "excluded_lines": []}}}, "app/src/services/validation/__init__.py": {"executed_lines": [5, 7, 9], "summary": {"covered_lines": 2, "num_statements": 2, "percent_covered": 100.0, "percent_covered_display": "100", "missing_lines": 0, "excluded_lines": 0}, "missing_lines": [], "excluded_lines": [], "functions": {"": {"executed_lines": [5, 7, 9], "summary": {"covered_lines": 2, "num_statements": 2, "percent_covered": 100.0, "percent_covered_display": "100", "missing_lines": 0, "excluded_lines": 0}, "missing_lines": [], "excluded_lines": []}}, "classes": {"": {"executed_lines": [5, 7, 9], "summary": {"covered_lines": 2, "num_statements": 2, "percent_covered": 100.0, "percent_covered_display": "100", "missing_lines": 0, "excluded_lines": 0}, "missing_lines": [], "excluded_lines": []}}}, "app/src/services/validation/unified_validation_service.py": {"executed_lines": [5, 12, 13, 14, 15, 16, 17, 19, 22, 23, 25, 31, 32, 43, 44, 45, 46, 47, 49, 50, 60, 61, 81, 84, 85, 86, 97, 98, 99, 102, 103, 104, 106, 113, 117, 118, 119, 128, 129, 134, 136, 154, 156, 157, 158, 268, 269, 270, 306, 307, 358, 359, 389, 390, 392, 395, 397, 398, 440, 441, 449, 450], "summary": {"covered_lines": 58, "num_statements": 203, "percent_covered": 28.571428571428573, "percent_covered_display": "29", "missing_lines": 145, "excluded_lines": 1}, "missing_lines": [26, 27, 28, 87, 88, 89, 90, 91, 92, 94, 105, 107, 114, 120, 130, 131, 137, 139, 140, 141, 142, 145, 146, 147, 177, 180, 181, 182, 183, 184, 192, 193, 194, 197, 198, 201, 202, 203, 204, 205, 206, 212, 213, 216, 217, 219, 220, 222, 223, 231, 232, 237, 238, 239, 240, 246, 247, 249, 250, 251, 252, 255, 256, 261, 262, 263, 264, 266, 282, 283, 285, 286, 288, 289, 290, 291, 293, 294, 295, 296, 297, 299, 300, 302, 303, 304, 317, 320, 321, 322, 327, 328, 329, 334, 335, 336, 337, 338, 339, 340, 348, 349, 350, 353, 354, 356, 369, 372, 373, 374, 375, 376, 381, 382, 383, 384, 385, 387, 393, 400, 401, 404, 405, 406, 409, 434, 435, 436, 438, 443, 444, 447, 461, 462, 465, 467, 470, 471, 474, 475, 478, 479, 482, 483, 486], "excluded_lines": [136], "functions": {"ValidationError.__init__": {"executed_lines": [], "summary": {"covered_lines": 0, "num_statements": 3, "percent_covered": 0.0, "percent_covered_display": "0", "missing_lines": 3, "excluded_lines": 0}, "missing_lines": [26, 27, 28], "excluded_lines": []}, "UnifiedValidationService.validate_playlist_data": {"executed_lines": [81, 84, 85, 86, 97, 98, 99, 102, 103, 104, 106, 113, 117, 118, 119, 128, 129, 134, 136, 154], "summary": {"covered_lines": 19, "num_statements": 40, "percent_covered": 47.5, "percent_covered_display": "48", "missing_lines": 21, "excluded_lines": 1}, "missing_lines": [87, 88, 89, 90, 91, 92, 94, 105, 107, 114, 120, 130, 131, 137, 139, 140, 141, 142, 145, 146, 147], "excluded_lines": [136]}, "UnifiedValidationService.validate_track_data": {"executed_lines": [], "summary": {"covered_lines": 0, "num_statements": 44, "percent_covered": 0.0, "percent_covered_display": "0", "missing_lines": 44, "excluded_lines": 0}, "missing_lines": [177, 180, 181, 182, 183, 184, 192, 193, 194, 197, 198, 201, 202, 203, 204, 205, 206, 212, 213, 216, 217, 219, 220, 222, 223, 231, 232, 237, 238, 239, 240, 246, 247, 249, 250, 251, 252, 255, 256, 261, 262, 263, 264, 266], "excluded_lines": []}, "UnifiedValidationService.validate_audio_file": {"executed_lines": [], "summary": {"covered_lines": 0, "num_statements": 18, "percent_covered": 0.0, "percent_covered_display": "0", "missing_lines": 18, "excluded_lines": 0}, "missing_lines": [282, 283, 285, 286, 288, 289, 290, 291, 293, 294, 295, 296, 297, 299, 300, 302, 303, 304], "excluded_lines": []}, "UnifiedValidationService.validate_upload_session_data": {"executed_lines": [], "summary": {"covered_lines": 0, "num_statements": 20, "percent_covered": 0.0, "percent_covered_display": "0", "missing_lines": 20, "excluded_lines": 0}, "missing_lines": [317, 320, 321, 322, 327, 328, 329, 334, 335, 336, 337, 338, 339, 340, 348, 349, 350, 353, 354, 356], "excluded_lines": []}, "UnifiedValidationService.validate_nfc_association_data": {"executed_lines": [], "summary": {"covered_lines": 0, "num_statements": 12, "percent_covered": 0.0, "percent_covered_display": "0", "missing_lines": 12, "excluded_lines": 0}, "missing_lines": [369, 372, 373, 374, 375, 376, 381, 382, 383, 384, 385, 387], "excluded_lines": []}, "UnifiedValidationService._is_valid_string": {"executed_lines": [392, 395], "summary": {"covered_lines": 2, "num_statements": 3, "percent_covered": 66.66666666666667, "percent_covered_display": "67", "missing_lines": 1, "excluded_lines": 0}, "missing_lines": [393], "excluded_lines": []}, "UnifiedValidationService._is_valid_filename": {"executed_lines": [], "summary": {"covered_lines": 0, "num_statements": 10, "percent_covered": 0.0, "percent_covered_display": "0", "missing_lines": 10, "excluded_lines": 0}, "missing_lines": [400, 401, 404, 405, 406, 409, 434, 435, 436, 438], "excluded_lines": []}, "UnifiedValidationService._is_valid_id": {"executed_lines": [], "summary": {"covered_lines": 0, "num_statements": 3, "percent_covered": 0.0, "percent_covered_display": "0", "missing_lines": 3, "excluded_lines": 0}, "missing_lines": [443, 444, 447], "excluded_lines": []}, "UnifiedValidationService._has_audio_signature": {"executed_lines": [], "summary": {"covered_lines": 0, "num_statements": 13, "percent_covered": 0.0, "percent_covered_display": "0", "missing_lines": 13, "excluded_lines": 0}, "missing_lines": [461, 462, 465, 467, 470, 471, 474, 475, 478, 479, 482, 483, 486], "excluded_lines": []}, "": {"executed_lines": [5, 12, 13, 14, 15, 16, 17, 19, 22, 23, 25, 31, 32, 43, 44, 45, 46, 47, 49, 50, 60, 61, 156, 157, 158, 268, 269, 270, 306, 307, 358, 359, 389, 390, 397, 398, 440, 441, 449, 450], "summary": {"covered_lines": 37, "num_statements": 37, "percent_covered": 100.0, "percent_covered_display": "100", "missing_lines": 0, "excluded_lines": 0}, "missing_lines": [], "excluded_lines": []}}, "classes": {"ValidationError": {"executed_lines": [], "summary": {"covered_lines": 0, "num_statements": 3, "percent_covered": 0.0, "percent_covered_display": "0", "missing_lines": 3, "excluded_lines": 0}, "missing_lines": [26, 27, 28], "excluded_lines": []}, "UnifiedValidationService": {"executed_lines": [81, 84, 85, 86, 97, 98, 99, 102, 103, 104, 106, 113, 117, 118, 119, 128, 129, 134, 136, 154, 392, 395], "summary": {"covered_lines": 21, "num_statements": 163, "percent_covered": 12.883435582822086, "percent_covered_display": "13", "missing_lines": 142, "excluded_lines": 1}, "missing_lines": [87, 88, 89, 90, 91, 92, 94, 105, 107, 114, 120, 130, 131, 137, 139, 140, 141, 142, 145, 146, 147, 177, 180, 181, 182, 183, 184, 192, 193, 194, 197, 198, 201, 202, 203, 204, 205, 206, 212, 213, 216, 217, 219, 220, 222, 223, 231, 232, 237, 238, 239, 240, 246, 247, 249, 250, 251, 252, 255, 256, 261, 262, 263, 264, 266, 282, 283, 285, 286, 288, 289, 290, 291, 293, 294, 295, 296, 297, 299, 300, 302, 303, 304, 317, 320, 321, 322, 327, 328, 329, 334, 335, 336, 337, 338, 339, 340, 348, 349, 350, 353, 354, 356, 369, 372, 373, 374, 375, 376, 381, 382, 383, 384, 385, 387, 393, 400, 401, 404, 405, 406, 409, 434, 435, 436, 438, 443, 444, 447, 461, 462, 465, 467, 470, 471, 474, 475, 478, 479, 482, 483, 486], "excluded_lines": [136]}, "": {"executed_lines": [5, 12, 13, 14, 15, 16, 17, 19, 22, 23, 25, 31, 32, 43, 44, 45, 46, 47, 49, 50, 60, 61, 156, 157, 158, 268, 269, 270, 306, 307, 358, 359, 389, 390, 397, 398, 440, 441, 449, 450], "summary": {"covered_lines": 37, "num_statements": 37, "percent_covered": 100.0, "percent_covered_display": "100", "missing_lines": 0, "excluded_lines": 0}, "missing_lines": [], "excluded_lines": []}}}}, "totals": {"covered_lines": 5323, "num_statements": 15299, "percent_covered": 34.79312373357736, "percent_covered_display": "35", "missing_lines": 9976, "excluded_lines": 174}}