{"meta": {"format": 3, "version": "7.10.5", "timestamp": "2025-11-15T13:02:13.786199", "branch_coverage": false, "show_contexts": false}, "files": {"app/__init__.py": {"executed_lines": [], "summary": {"covered_lines": 0, "num_statements": 6, "percent_covered": 0.0, "percent_covered_display": "0", "missing_lines": 6, "excluded_lines": 0}, "missing_lines": [5, 6, 9, 10, 11, 13], "excluded_lines": [], "functions": {"": {"executed_lines": [], "summary": {"covered_lines": 0, "num_statements": 6, "percent_covered": 0.0, "percent_covered_display": "0", "missing_lines": 6, "excluded_lines": 0}, "missing_lines": [5, 6, 9, 10, 11, 13], "excluded_lines": []}}, "classes": {"": {"executed_lines": [], "summary": {"covered_lines": 0, "num_statements": 6, "percent_covered": 0.0, "percent_covered_display": "0", "missing_lines": 6, "excluded_lines": 0}, "missing_lines": [5, 6, 9, 10, 11, 13], "excluded_lines": []}}}, "app/main.py": {"executed_lines": [], "summary": {"covered_lines": 0, "num_statements": 144, "percent_covered": 0.0, "percent_covered_display": "0", "missing_lines": 144, "excluded_lines": 0}, "missing_lines": [20, 22, 23, 24, 26, 27, 28, 29, 30, 31, 37, 39, 40, 42, 45, 46, 50, 53, 62, 63, 66, 67, 68, 69, 72, 73, 74, 75, 76, 77, 78, 81, 82, 85, 86, 87, 88, 89, 90, 91, 93, 94, 95, 96, 97, 99, 102, 103, 112, 113, 114, 117, 118, 119, 120, 122, 126, 127, 128, 131, 132, 137, 138, 139, 140, 141, 143, 144, 145, 147, 148, 149, 151, 157, 160, 161, 163, 164, 167, 168, 169, 172, 173, 174, 177, 178, 180, 181, 182, 183, 186, 187, 196, 197, 198, 200, 201, 202, 203, 206, 207, 209, 211, 212, 213, 216, 217, 218, 219, 222, 223, 243, 244, 246, 247, 249, 251, 252, 253, 255, 256, 262, 263, 267, 270, 271, 272, 273, 275, 278, 281, 282, 288, 298, 300, 302, 303, 306, 307, 308, 309, 311, 314, 317], "excluded_lines": [], "functions": {"_initialize_application": {"executed_lines": [], "summary": {"covered_lines": 0, "num_statements": 26, "percent_covered": 0.0, "percent_covered_display": "0", "missing_lines": 26, "excluded_lines": 0}, "missing_lines": [66, 67, 68, 69, 72, 73, 74, 75, 76, 77, 78, 81, 82, 85, 86, 87, 88, 89, 90, 91, 93, 94, 95, 96, 97, 99], "excluded_lines": []}, "_start_domain_bootstrap": {"executed_lines": [], "summary": {"covered_lines": 0, "num_statements": 26, "percent_covered": 0.0, "percent_covered_display": "0", "missing_lines": 26, "excluded_lines": 0}, "missing_lines": [112, 113, 114, 117, 118, 119, 120, 122, 126, 127, 128, 131, 132, 137, 138, 139, 140, 141, 143, 144, 145, 147, 148, 149, 151, 157], "excluded_lines": []}, "_cleanup_playlist_routes": {"executed_lines": [], "summary": {"covered_lines": 0, "num_statements": 8, "percent_covered": 0.0, "percent_covered_display": "0", "missing_lines": 8, "excluded_lines": 0}, "missing_lines": [163, 164, 167, 168, 169, 172, 173, 174], "excluded_lines": []}, "_cleanup_application": {"executed_lines": [], "summary": {"covered_lines": 0, "num_statements": 4, "percent_covered": 0.0, "percent_covered_display": "0", "missing_lines": 4, "excluded_lines": 0}, "missing_lines": [180, 181, 182, 183], "excluded_lines": []}, "_cleanup_domain": {"executed_lines": [], "summary": {"covered_lines": 0, "num_statements": 7, "percent_covered": 0.0, "percent_covered_display": "0", "missing_lines": 7, "excluded_lines": 0}, "missing_lines": [196, 197, 198, 200, 201, 202, 203], "excluded_lines": []}, "_cleanup_socketio": {"executed_lines": [], "summary": {"covered_lines": 0, "num_statements": 8, "percent_covered": 0.0, "percent_covered_display": "0", "missing_lines": 8, "excluded_lines": 0}, "missing_lines": [209, 211, 212, 213, 216, 217, 218, 219], "excluded_lines": []}, "lifespan": {"executed_lines": [], "summary": {"covered_lines": 0, "num_statements": 18, "percent_covered": 0.0, "percent_covered_display": "0", "missing_lines": 18, "excluded_lines": 0}, "missing_lines": [243, 244, 246, 247, 249, 251, 252, 253, 255, 256, 262, 263, 267, 270, 271, 272, 273, 275], "excluded_lines": []}, "custom_openapi": {"executed_lines": [], "summary": {"covered_lines": 0, "num_statements": 6, "percent_covered": 0.0, "percent_covered_display": "0", "missing_lines": 6, "excluded_lines": 0}, "missing_lines": [302, 303, 306, 307, 308, 309], "excluded_lines": []}, "": {"executed_lines": [], "summary": {"covered_lines": 0, "num_statements": 41, "percent_covered": 0.0, "percent_covered_display": "0", "missing_lines": 41, "excluded_lines": 0}, "missing_lines": [20, 22, 23, 24, 26, 27, 28, 29, 30, 31, 37, 39, 40, 42, 45, 46, 50, 53, 62, 63, 102, 103, 160, 161, 177, 178, 186, 187, 206, 207, 222, 223, 278, 281, 282, 288, 298, 300, 311, 314, 317], "excluded_lines": []}}, "classes": {"": {"executed_lines": [], "summary": {"covered_lines": 0, "num_statements": 144, "percent_covered": 0.0, "percent_covered_display": "0", "missing_lines": 144, "excluded_lines": 0}, "missing_lines": [20, 22, 23, 24, 26, 27, 28, 29, 30, 31, 37, 39, 40, 42, 45, 46, 50, 53, 62, 63, 66, 67, 68, 69, 72, 73, 74, 75, 76, 77, 78, 81, 82, 85, 86, 87, 88, 89, 90, 91, 93, 94, 95, 96, 97, 99, 102, 103, 112, 113, 114, 117, 118, 119, 120, 122, 126, 127, 128, 131, 132, 137, 138, 139, 140, 141, 143, 144, 145, 147, 148, 149, 151, 157, 160, 161, 163, 164, 167, 168, 169, 172, 173, 174, 177, 178, 180, 181, 182, 183, 186, 187, 196, 197, 198, 200, 201, 202, 203, 206, 207, 209, 211, 212, 213, 216, 217, 218, 219, 222, 223, 243, 244, 246, 247, 249, 251, 252, 253, 255, 256, 262, 263, 267, 270, 271, 272, 273, 275, 278, 281, 282, 288, 298, 300, 302, 303, 306, 307, 308, 309, 311, 314, 317], "excluded_lines": []}}}, "app/src/__init__.py": {"executed_lines": [5, 7, 8, 9, 12, 14], "summary": {"covered_lines": 5, "num_statements": 5, "percent_covered": 100.0, "percent_covered_display": "100", "missing_lines": 0, "excluded_lines": 0}, "missing_lines": [], "excluded_lines": [], "functions": {"": {"executed_lines": [5, 7, 8, 9, 12, 14], "summary": {"covered_lines": 5, "num_statements": 5, "percent_covered": 100.0, "percent_covered_display": "100", "missing_lines": 0, "excluded_lines": 0}, "missing_lines": [], "excluded_lines": []}}, "classes": {"": {"executed_lines": [5, 7, 8, 9, 12, 14], "summary": {"covered_lines": 5, "num_statements": 5, "percent_covered": 100.0, "percent_covered_display": "100", "missing_lines": 0, "excluded_lines": 0}, "missing_lines": [], "excluded_lines": []}}}, "app/src/application/__init__.py": {"executed_lines": [], "summary": {"covered_lines": 0, "num_statements": 0, "percent_covered": 100.0, "percent_covered_display": "100", "missing_lines": 0, "excluded_lines": 0}, "missing_lines": [], "excluded_lines": [], "functions": {"": {"executed_lines": [], "summary": {"covered_lines": 0, "num_statements": 0, "percent_covered": 100.0, "percent_covered_display": "100", "missing_lines": 0, "excluded_lines": 0}, "missing_lines": [], "excluded_lines": []}}, "classes": {"": {"executed_lines": [], "summary": {"covered_lines": 0, "num_statements": 0, "percent_covered": 100.0, "percent_covered_display": "100", "missing_lines": 0, "excluded_lines": 0}, "missing_lines": [], "excluded_lines": []}}}, "app/src/application/bootstrap.py": {"executed_lines": [], "summary": {"covered_lines": 0, "num_statements": 172, "percent_covered": 0.0, "percent_covered_display": "0", "missing_lines": 172, "excluded_lines": 0}, "missing_lines": [11, 12, 15, 16, 17, 19, 22, 24, 27, 32, 40, 41, 44, 45, 48, 51, 52, 54, 57, 58, 60, 62, 63, 69, 70, 71, 73, 74, 75, 76, 78, 79, 80, 85, 86, 88, 90, 91, 95, 102, 104, 105, 106, 107, 108, 109, 110, 111, 112, 113, 114, 115, 116, 117, 118, 120, 121, 123, 130, 132, 133, 134, 135, 136, 137, 138, 139, 140, 141, 142, 144, 146, 147, 148, 149, 150, 152, 154, 161, 163, 164, 165, 166, 167, 168, 169, 171, 172, 173, 174, 175, 176, 178, 179, 184, 185, 187, 188, 189, 193, 194, 196, 199, 200, 202, 205, 206, 208, 211, 212, 213, 214, 215, 216, 217, 220, 222, 223, 225, 226, 228, 229, 231, 232, 235, 236, 237, 238, 239, 240, 242, 243, 244, 247, 249, 250, 252, 253, 256, 257, 258, 262, 263, 265, 267, 268, 270, 272, 281, 282, 283, 285, 289, 291, 308, 311, 313, 315, 318, 319, 322, 323, 325, 327, 329, 332, 335, 338, 339, 342, 343, 346], "excluded_lines": [], "functions": {"handle_errors": {"executed_lines": [], "summary": {"covered_lines": 0, "num_statements": 1, "percent_covered": 0.0, "percent_covered_display": "0", "missing_lines": 1, "excluded_lines": 0}, "missing_lines": [24], "excluded_lines": []}, "DomainBootstrap.__init__": {"executed_lines": [], "summary": {"covered_lines": 0, "num_statements": 11, "percent_covered": 0.0, "percent_covered_display": "0", "missing_lines": 11, "excluded_lines": 0}, "missing_lines": [40, 41, 44, 45, 48, 51, 52, 54, 57, 58, 60], "excluded_lines": []}, "DomainBootstrap.initialize": {"executed_lines": [], "summary": {"covered_lines": 0, "num_statements": 15, "percent_covered": 0.0, "percent_covered_display": "0", "missing_lines": 15, "excluded_lines": 0}, "missing_lines": [69, 70, 71, 73, 74, 75, 76, 78, 79, 80, 85, 86, 88, 90, 91], "excluded_lines": []}, "DomainBootstrap._initialize_led_with_retry": {"executed_lines": [], "summary": {"covered_lines": 0, "num_statements": 18, "percent_covered": 0.0, "percent_covered_display": "0", "missing_lines": 18, "excluded_lines": 0}, "missing_lines": [102, 104, 105, 106, 107, 108, 109, 110, 111, 112, 113, 114, 115, 116, 117, 118, 120, 121], "excluded_lines": []}, "DomainBootstrap._initialize_audio_with_retry": {"executed_lines": [], "summary": {"covered_lines": 0, "num_statements": 19, "percent_covered": 0.0, "percent_covered_display": "0", "missing_lines": 19, "excluded_lines": 0}, "missing_lines": [130, 132, 133, 134, 135, 136, 137, 138, 139, 140, 141, 142, 144, 146, 147, 148, 149, 150, 152], "excluded_lines": []}, "DomainBootstrap._initialize_physical_controls_with_retry": {"executed_lines": [], "summary": {"covered_lines": 0, "num_statements": 16, "percent_covered": 0.0, "percent_covered_display": "0", "missing_lines": 16, "excluded_lines": 0}, "missing_lines": [161, 163, 164, 165, 166, 167, 168, 169, 171, 172, 173, 174, 175, 176, 178, 179], "excluded_lines": []}, "DomainBootstrap.start": {"executed_lines": [], "summary": {"covered_lines": 0, "num_statements": 20, "percent_covered": 0.0, "percent_covered_display": "0", "missing_lines": 20, "excluded_lines": 0}, "missing_lines": [187, 188, 189, 193, 194, 196, 199, 200, 202, 205, 206, 208, 211, 212, 213, 214, 215, 216, 217, 220], "excluded_lines": []}, "DomainBootstrap.stop": {"executed_lines": [], "summary": {"covered_lines": 0, "num_statements": 16, "percent_covered": 0.0, "percent_covered_display": "0", "missing_lines": 16, "excluded_lines": 0}, "missing_lines": [225, 226, 228, 229, 231, 232, 235, 236, 237, 238, 239, 240, 242, 243, 244, 247], "excluded_lines": []}, "DomainBootstrap.cleanup": {"executed_lines": [], "summary": {"covered_lines": 0, "num_statements": 5, "percent_covered": 0.0, "percent_covered_display": "0", "missing_lines": 5, "excluded_lines": 0}, "missing_lines": [252, 253, 256, 257, 258], "excluded_lines": []}, "DomainBootstrap.is_initialized": {"executed_lines": [], "summary": {"covered_lines": 0, "num_statements": 1, "percent_covered": 0.0, "percent_covered_display": "0", "missing_lines": 1, "excluded_lines": 0}, "missing_lines": [265], "excluded_lines": []}, "DomainBootstrap.led_event_handler": {"executed_lines": [], "summary": {"covered_lines": 0, "num_statements": 1, "percent_covered": 0.0, "percent_covered_display": "0", "missing_lines": 1, "excluded_lines": 0}, "missing_lines": [270], "excluded_lines": []}, "DomainBootstrap.set_physical_controls_manager": {"executed_lines": [], "summary": {"covered_lines": 0, "num_statements": 4, "percent_covered": 0.0, "percent_covered_display": "0", "missing_lines": 4, "excluded_lines": 0}, "missing_lines": [281, 282, 283, 285], "excluded_lines": []}, "DomainBootstrap.get_system_status": {"executed_lines": [], "summary": {"covered_lines": 0, "num_statements": 1, "percent_covered": 0.0, "percent_covered_display": "0", "missing_lines": 1, "excluded_lines": 0}, "missing_lines": [291], "excluded_lines": []}, "DomainBootstrap._setup_error_callbacks": {"executed_lines": [], "summary": {"covered_lines": 0, "num_statements": 1, "percent_covered": 0.0, "percent_covered_display": "0", "missing_lines": 1, "excluded_lines": 0}, "missing_lines": [311], "excluded_lines": []}, "DomainBootstrap._handle_audio_error": {"executed_lines": [], "summary": {"covered_lines": 0, "num_statements": 6, "percent_covered": 0.0, "percent_covered_display": "0", "missing_lines": 6, "excluded_lines": 0}, "missing_lines": [315, 318, 319, 322, 323, 325], "excluded_lines": []}, "DomainBootstrap._handle_critical_error": {"executed_lines": [], "summary": {"covered_lines": 0, "num_statements": 8, "percent_covered": 0.0, "percent_covered_display": "0", "missing_lines": 8, "excluded_lines": 0}, "missing_lines": [329, 332, 335, 338, 339, 342, 343, 346], "excluded_lines": []}, "": {"executed_lines": [], "summary": {"covered_lines": 0, "num_statements": 29, "percent_covered": 0.0, "percent_covered_display": "0", "missing_lines": 29, "excluded_lines": 0}, "missing_lines": [11, 12, 15, 16, 17, 19, 22, 27, 32, 62, 63, 95, 123, 154, 184, 185, 222, 223, 249, 250, 262, 263, 267, 268, 272, 289, 308, 313, 327], "excluded_lines": []}}, "classes": {"DomainBootstrap": {"executed_lines": [], "summary": {"covered_lines": 0, "num_statements": 142, "percent_covered": 0.0, "percent_covered_display": "0", "missing_lines": 142, "excluded_lines": 0}, "missing_lines": [40, 41, 44, 45, 48, 51, 52, 54, 57, 58, 60, 69, 70, 71, 73, 74, 75, 76, 78, 79, 80, 85, 86, 88, 90, 91, 102, 104, 105, 106, 107, 108, 109, 110, 111, 112, 113, 114, 115, 116, 117, 118, 120, 121, 130, 132, 133, 134, 135, 136, 137, 138, 139, 140, 141, 142, 144, 146, 147, 148, 149, 150, 152, 161, 163, 164, 165, 166, 167, 168, 169, 171, 172, 173, 174, 175, 176, 178, 179, 187, 188, 189, 193, 194, 196, 199, 200, 202, 205, 206, 208, 211, 212, 213, 214, 215, 216, 217, 220, 225, 226, 228, 229, 231, 232, 235, 236, 237, 238, 239, 240, 242, 243, 244, 247, 252, 253, 256, 257, 258, 265, 270, 281, 282, 283, 285, 291, 311, 315, 318, 319, 322, 323, 325, 329, 332, 335, 338, 339, 342, 343, 346], "excluded_lines": []}, "": {"executed_lines": [], "summary": {"covered_lines": 0, "num_statements": 30, "percent_covered": 0.0, "percent_covered_display": "0", "missing_lines": 30, "excluded_lines": 0}, "missing_lines": [11, 12, 15, 16, 17, 19, 22, 24, 27, 32, 62, 63, 95, 123, 154, 184, 185, 222, 223, 249, 250, 262, 263, 267, 268, 272, 289, 308, 313, 327], "excluded_lines": []}}}, "app/src/application/controllers/__init__.py": {"executed_lines": [], "summary": {"covered_lines": 0, "num_statements": 9, "percent_covered": 0.0, "percent_covered_display": "0", "missing_lines": 9, "excluded_lines": 0}, "missing_lines": [29, 30, 31, 32, 33, 34, 35, 36, 38], "excluded_lines": [], "functions": {"": {"executed_lines": [], "summary": {"covered_lines": 0, "num_statements": 9, "percent_covered": 0.0, "percent_covered_display": "0", "missing_lines": 9, "excluded_lines": 0}, "missing_lines": [29, 30, 31, 32, 33, 34, 35, 36, 38], "excluded_lines": []}}, "classes": {"": {"executed_lines": [], "summary": {"covered_lines": 0, "num_statements": 9, "percent_covered": 0.0, "percent_covered_display": "0", "missing_lines": 9, "excluded_lines": 0}, "missing_lines": [29, 30, 31, 32, 33, 34, 35, 36, 38], "excluded_lines": []}}}, "app/src/application/controllers/audio_controller.py": {"executed_lines": [], "summary": {"covered_lines": 0, "num_statements": 141, "percent_covered": 0.0, "percent_covered_display": "0", "missing_lines": 141, "excluded_lines": 0}, "missing_lines": [12, 13, 15, 16, 18, 21, 29, 37, 38, 39, 42, 43, 44, 45, 47, 50, 51, 52, 54, 55, 58, 60, 61, 63, 65, 66, 68, 70, 71, 73, 74, 75, 77, 78, 79, 81, 83, 84, 86, 87, 88, 90, 92, 93, 95, 96, 97, 99, 101, 102, 104, 105, 106, 108, 110, 111, 113, 114, 115, 117, 118, 119, 120, 121, 123, 124, 126, 128, 130, 131, 133, 134, 135, 137, 138, 140, 141, 143, 144, 146, 148, 150, 151, 153, 154, 156, 157, 159, 161, 162, 163, 164, 166, 167, 168, 169, 171, 173, 174, 175, 177, 179, 181, 182, 184, 185, 186, 188, 190, 192, 193, 195, 196, 197, 199, 201, 203, 205, 206, 208, 210, 212, 213, 215, 217, 219, 220, 221, 223, 237, 239, 240, 241, 252, 254, 255, 256, 258, 260, 261, 262], "excluded_lines": [], "functions": {"AudioController.__init__": {"executed_lines": [], "summary": {"covered_lines": 0, "num_statements": 14, "percent_covered": 0.0, "percent_covered_display": "0", "missing_lines": 14, "excluded_lines": 0}, "missing_lines": [37, 38, 39, 42, 43, 44, 45, 47, 50, 51, 52, 54, 55, 58], "excluded_lines": []}, "AudioController.audio_service": {"executed_lines": [], "summary": {"covered_lines": 0, "num_statements": 1, "percent_covered": 0.0, "percent_covered_display": "0", "missing_lines": 1, "excluded_lines": 0}, "missing_lines": [63], "excluded_lines": []}, "AudioController.is_available": {"executed_lines": [], "summary": {"covered_lines": 0, "num_statements": 1, "percent_covered": 0.0, "percent_covered_display": "0", "missing_lines": 1, "excluded_lines": 0}, "missing_lines": [68], "excluded_lines": []}, "AudioController.play": {"executed_lines": [], "summary": {"covered_lines": 0, "num_statements": 7, "percent_covered": 0.0, "percent_covered_display": "0", "missing_lines": 7, "excluded_lines": 0}, "missing_lines": [73, 74, 75, 77, 78, 79, 81], "excluded_lines": []}, "AudioController.pause": {"executed_lines": [], "summary": {"covered_lines": 0, "num_statements": 4, "percent_covered": 0.0, "percent_covered_display": "0", "missing_lines": 4, "excluded_lines": 0}, "missing_lines": [86, 87, 88, 90], "excluded_lines": []}, "AudioController.resume": {"executed_lines": [], "summary": {"covered_lines": 0, "num_statements": 4, "percent_covered": 0.0, "percent_covered_display": "0", "missing_lines": 4, "excluded_lines": 0}, "missing_lines": [95, 96, 97, 99], "excluded_lines": []}, "AudioController.stop": {"executed_lines": [], "summary": {"covered_lines": 0, "num_statements": 4, "percent_covered": 0.0, "percent_covered_display": "0", "missing_lines": 4, "excluded_lines": 0}, "missing_lines": [104, 105, 106, 108], "excluded_lines": []}, "AudioController.toggle_play_pause": {"executed_lines": [], "summary": {"covered_lines": 0, "num_statements": 10, "percent_covered": 0.0, "percent_covered_display": "0", "missing_lines": 10, "excluded_lines": 0}, "missing_lines": [113, 114, 115, 117, 118, 119, 120, 121, 123, 124], "excluded_lines": []}, "AudioController.toggle_playback": {"executed_lines": [], "summary": {"covered_lines": 0, "num_statements": 1, "percent_covered": 0.0, "percent_covered_display": "0", "missing_lines": 1, "excluded_lines": 0}, "missing_lines": [128], "excluded_lines": []}, "AudioController.seek_to": {"executed_lines": [], "summary": {"covered_lines": 0, "num_statements": 5, "percent_covered": 0.0, "percent_covered_display": "0", "missing_lines": 5, "excluded_lines": 0}, "missing_lines": [133, 134, 135, 137, 138], "excluded_lines": []}, "AudioController.is_playing": {"executed_lines": [], "summary": {"covered_lines": 0, "num_statements": 3, "percent_covered": 0.0, "percent_covered_display": "0", "missing_lines": 3, "excluded_lines": 0}, "missing_lines": [143, 144, 146], "excluded_lines": []}, "AudioController.get_playback_state": {"executed_lines": [], "summary": {"covered_lines": 0, "num_statements": 4, "percent_covered": 0.0, "percent_covered_display": "0", "missing_lines": 4, "excluded_lines": 0}, "missing_lines": [150, 151, 153, 154], "excluded_lines": []}, "AudioController.set_volume": {"executed_lines": [], "summary": {"covered_lines": 0, "num_statements": 9, "percent_covered": 0.0, "percent_covered_display": "0", "missing_lines": 9, "excluded_lines": 0}, "missing_lines": [159, 161, 162, 163, 164, 166, 167, 168, 169], "excluded_lines": []}, "AudioController.get_current_volume": {"executed_lines": [], "summary": {"covered_lines": 0, "num_statements": 3, "percent_covered": 0.0, "percent_covered_display": "0", "missing_lines": 3, "excluded_lines": 0}, "missing_lines": [173, 174, 175], "excluded_lines": []}, "AudioController.get_volume": {"executed_lines": [], "summary": {"covered_lines": 0, "num_statements": 1, "percent_covered": 0.0, "percent_covered_display": "0", "missing_lines": 1, "excluded_lines": 0}, "missing_lines": [179], "excluded_lines": []}, "AudioController.volume_up": {"executed_lines": [], "summary": {"covered_lines": 0, "num_statements": 3, "percent_covered": 0.0, "percent_covered_display": "0", "missing_lines": 3, "excluded_lines": 0}, "missing_lines": [184, 185, 186], "excluded_lines": []}, "AudioController.increase_volume": {"executed_lines": [], "summary": {"covered_lines": 0, "num_statements": 1, "percent_covered": 0.0, "percent_covered_display": "0", "missing_lines": 1, "excluded_lines": 0}, "missing_lines": [190], "excluded_lines": []}, "AudioController.volume_down": {"executed_lines": [], "summary": {"covered_lines": 0, "num_statements": 3, "percent_covered": 0.0, "percent_covered_display": "0", "missing_lines": 3, "excluded_lines": 0}, "missing_lines": [195, 196, 197], "excluded_lines": []}, "AudioController.decrease_volume": {"executed_lines": [], "summary": {"covered_lines": 0, "num_statements": 1, "percent_covered": 0.0, "percent_covered_display": "0", "missing_lines": 1, "excluded_lines": 0}, "missing_lines": [201], "excluded_lines": []}, "AudioController.get_current_position": {"executed_lines": [], "summary": {"covered_lines": 0, "num_statements": 3, "percent_covered": 0.0, "percent_covered_display": "0", "missing_lines": 3, "excluded_lines": 0}, "missing_lines": [205, 206, 208], "excluded_lines": []}, "AudioController.get_duration": {"executed_lines": [], "summary": {"covered_lines": 0, "num_statements": 3, "percent_covered": 0.0, "percent_covered_display": "0", "missing_lines": 3, "excluded_lines": 0}, "missing_lines": [212, 213, 215], "excluded_lines": []}, "AudioController.get_playback_status": {"executed_lines": [], "summary": {"covered_lines": 0, "num_statements": 8, "percent_covered": 0.0, "percent_covered_display": "0", "missing_lines": 8, "excluded_lines": 0}, "missing_lines": [219, 220, 221, 223, 237, 239, 240, 241], "excluded_lines": []}, "AudioController.get_state": {"executed_lines": [], "summary": {"covered_lines": 0, "num_statements": 3, "percent_covered": 0.0, "percent_covered_display": "0", "missing_lines": 3, "excluded_lines": 0}, "missing_lines": [254, 255, 256], "excluded_lines": []}, "AudioController.get_current_file": {"executed_lines": [], "summary": {"covered_lines": 0, "num_statements": 3, "percent_covered": 0.0, "percent_covered_display": "0", "missing_lines": 3, "excluded_lines": 0}, "missing_lines": [260, 261, 262], "excluded_lines": []}, "": {"executed_lines": [], "summary": {"covered_lines": 0, "num_statements": 42, "percent_covered": 0.0, "percent_covered_display": "0", "missing_lines": 42, "excluded_lines": 0}, "missing_lines": [12, 13, 15, 16, 18, 21, 29, 60, 61, 65, 66, 70, 71, 83, 84, 92, 93, 101, 102, 110, 111, 126, 130, 131, 140, 141, 148, 156, 157, 171, 177, 181, 182, 188, 192, 193, 199, 203, 210, 217, 252, 258], "excluded_lines": []}}, "classes": {"AudioController": {"executed_lines": [], "summary": {"covered_lines": 0, "num_statements": 99, "percent_covered": 0.0, "percent_covered_display": "0", "missing_lines": 99, "excluded_lines": 0}, "missing_lines": [37, 38, 39, 42, 43, 44, 45, 47, 50, 51, 52, 54, 55, 58, 63, 68, 73, 74, 75, 77, 78, 79, 81, 86, 87, 88, 90, 95, 96, 97, 99, 104, 105, 106, 108, 113, 114, 115, 117, 118, 119, 120, 121, 123, 124, 128, 133, 134, 135, 137, 138, 143, 144, 146, 150, 151, 153, 154, 159, 161, 162, 163, 164, 166, 167, 168, 169, 173, 174, 175, 179, 184, 185, 186, 190, 195, 196, 197, 201, 205, 206, 208, 212, 213, 215, 219, 220, 221, 223, 237, 239, 240, 241, 254, 255, 256, 260, 261, 262], "excluded_lines": []}, "": {"executed_lines": [], "summary": {"covered_lines": 0, "num_statements": 42, "percent_covered": 0.0, "percent_covered_display": "0", "missing_lines": 42, "excluded_lines": 0}, "missing_lines": [12, 13, 15, 16, 18, 21, 29, 60, 61, 65, 66, 70, 71, 83, 84, 92, 93, 101, 102, 110, 111, 126, 130, 131, 140, 141, 148, 156, 157, 171, 177, 181, 182, 188, 192, 193, 199, 203, 210, 217, 252, 258], "excluded_lines": []}}}, "app/src/application/controllers/audio_player_controller.py": {"executed_lines": [], "summary": {"covered_lines": 0, "num_statements": 218, "percent_covered": 0.0, "percent_covered_display": "0", "missing_lines": 218, "excluded_lines": 0}, "missing_lines": [12, 13, 14, 16, 19, 21, 22, 23, 26, 42, 49, 50, 51, 52, 54, 58, 69, 70, 71, 73, 75, 76, 79, 81, 82, 84, 87, 88, 89, 90, 92, 93, 94, 95, 96, 98, 99, 101, 102, 103, 105, 112, 113, 114, 116, 118, 119, 120, 121, 122, 123, 124, 126, 128, 130, 131, 132, 133, 135, 136, 138, 139, 140, 142, 149, 150, 151, 153, 155, 156, 157, 158, 159, 160, 161, 163, 165, 167, 168, 169, 170, 172, 173, 175, 176, 177, 179, 186, 187, 189, 191, 192, 193, 194, 195, 196, 197, 199, 201, 203, 204, 205, 206, 208, 209, 210, 211, 212, 214, 221, 222, 223, 224, 226, 227, 231, 241, 242, 243, 245, 246, 248, 250, 251, 252, 253, 255, 257, 258, 259, 261, 268, 272, 279, 280, 282, 284, 285, 286, 287, 290, 291, 292, 294, 295, 297, 298, 299, 301, 303, 304, 305, 307, 314, 315, 317, 319, 320, 321, 323, 324, 325, 328, 329, 332, 333, 334, 335, 337, 339, 340, 341, 343, 353, 354, 355, 357, 358, 360, 361, 362, 363, 364, 365, 366, 368, 370, 371, 372, 374, 376, 377, 378, 382, 389, 399, 401, 403, 405, 407, 409, 411, 418, 419, 422, 423, 424, 426, 427, 428, 429, 432, 433, 434, 435, 436, 437, 439], "excluded_lines": [], "functions": {"AudioPlayer.__init__": {"executed_lines": [], "summary": {"covered_lines": 0, "num_statements": 5, "percent_covered": 0.0, "percent_covered_display": "0", "missing_lines": 5, "excluded_lines": 0}, "missing_lines": [49, 50, 51, 52, 54], "excluded_lines": []}, "AudioPlayer.play_file": {"executed_lines": [], "summary": {"covered_lines": 0, "num_statements": 24, "percent_covered": 0.0, "percent_covered_display": "0", "missing_lines": 24, "excluded_lines": 0}, "missing_lines": [69, 70, 71, 73, 75, 76, 79, 81, 82, 84, 87, 88, 89, 90, 92, 93, 94, 95, 96, 98, 99, 101, 102, 103], "excluded_lines": []}, "AudioPlayer.pause": {"executed_lines": [], "summary": {"covered_lines": 0, "num_statements": 22, "percent_covered": 0.0, "percent_covered_display": "0", "missing_lines": 22, "excluded_lines": 0}, "missing_lines": [112, 113, 114, 116, 118, 119, 120, 121, 122, 123, 124, 126, 128, 130, 131, 132, 133, 135, 136, 138, 139, 140], "excluded_lines": []}, "AudioPlayer.resume": {"executed_lines": [], "summary": {"covered_lines": 0, "num_statements": 22, "percent_covered": 0.0, "percent_covered_display": "0", "missing_lines": 22, "excluded_lines": 0}, "missing_lines": [149, 150, 151, 153, 155, 156, 157, 158, 159, 160, 161, 163, 165, 167, 168, 169, 170, 172, 173, 175, 176, 177], "excluded_lines": []}, "AudioPlayer.stop": {"executed_lines": [], "summary": {"covered_lines": 0, "num_statements": 21, "percent_covered": 0.0, "percent_covered_display": "0", "missing_lines": 21, "excluded_lines": 0}, "missing_lines": [186, 187, 189, 191, 192, 193, 194, 195, 196, 197, 199, 201, 203, 204, 205, 206, 208, 209, 210, 211, 212], "excluded_lines": []}, "AudioPlayer.toggle_pause": {"executed_lines": [], "summary": {"covered_lines": 0, "num_statements": 6, "percent_covered": 0.0, "percent_covered_display": "0", "missing_lines": 6, "excluded_lines": 0}, "missing_lines": [221, 222, 223, 224, 226, 227], "excluded_lines": []}, "AudioPlayer.set_volume": {"executed_lines": [], "summary": {"covered_lines": 0, "num_statements": 14, "percent_covered": 0.0, "percent_covered_display": "0", "missing_lines": 14, "excluded_lines": 0}, "missing_lines": [241, 242, 243, 245, 246, 248, 250, 251, 252, 253, 255, 257, 258, 259], "excluded_lines": []}, "AudioPlayer.get_volume": {"executed_lines": [], "summary": {"covered_lines": 0, "num_statements": 1, "percent_covered": 0.0, "percent_covered_display": "0", "missing_lines": 1, "excluded_lines": 0}, "missing_lines": [268], "excluded_lines": []}, "AudioPlayer.get_position": {"executed_lines": [], "summary": {"covered_lines": 0, "num_statements": 19, "percent_covered": 0.0, "percent_covered_display": "0", "missing_lines": 19, "excluded_lines": 0}, "missing_lines": [279, 280, 282, 284, 285, 286, 287, 290, 291, 292, 294, 295, 297, 298, 299, 301, 303, 304, 305], "excluded_lines": []}, "AudioPlayer.get_duration": {"executed_lines": [], "summary": {"covered_lines": 0, "num_statements": 19, "percent_covered": 0.0, "percent_covered_display": "0", "missing_lines": 19, "excluded_lines": 0}, "missing_lines": [314, 315, 317, 319, 320, 321, 323, 324, 325, 328, 329, 332, 333, 334, 335, 337, 339, 340, 341], "excluded_lines": []}, "AudioPlayer.seek": {"executed_lines": [], "summary": {"covered_lines": 0, "num_statements": 20, "percent_covered": 0.0, "percent_covered_display": "0", "missing_lines": 20, "excluded_lines": 0}, "missing_lines": [353, 354, 355, 357, 358, 360, 361, 362, 363, 364, 365, 366, 368, 370, 371, 372, 374, 376, 377, 378], "excluded_lines": []}, "AudioPlayer.get_state": {"executed_lines": [], "summary": {"covered_lines": 0, "num_statements": 1, "percent_covered": 0.0, "percent_covered_display": "0", "missing_lines": 1, "excluded_lines": 0}, "missing_lines": [389], "excluded_lines": []}, "AudioPlayer.is_playing": {"executed_lines": [], "summary": {"covered_lines": 0, "num_statements": 1, "percent_covered": 0.0, "percent_covered_display": "0", "missing_lines": 1, "excluded_lines": 0}, "missing_lines": [401], "excluded_lines": []}, "AudioPlayer.is_paused": {"executed_lines": [], "summary": {"covered_lines": 0, "num_statements": 1, "percent_covered": 0.0, "percent_covered_display": "0", "missing_lines": 1, "excluded_lines": 0}, "missing_lines": [405], "excluded_lines": []}, "AudioPlayer.is_stopped": {"executed_lines": [], "summary": {"covered_lines": 0, "num_statements": 1, "percent_covered": 0.0, "percent_covered_display": "0", "missing_lines": 1, "excluded_lines": 0}, "missing_lines": [409], "excluded_lines": []}, "AudioPlayer.has_finished": {"executed_lines": [], "summary": {"covered_lines": 0, "num_statements": 16, "percent_covered": 0.0, "percent_covered_display": "0", "missing_lines": 16, "excluded_lines": 0}, "missing_lines": [418, 419, 422, 423, 424, 426, 427, 428, 429, 432, 433, 434, 435, 436, 437, 439], "excluded_lines": []}, "": {"executed_lines": [], "summary": {"covered_lines": 0, "num_statements": 25, "percent_covered": 0.0, "percent_covered_display": "0", "missing_lines": 25, "excluded_lines": 0}, "missing_lines": [12, 13, 14, 16, 19, 21, 22, 23, 26, 42, 58, 105, 142, 179, 214, 231, 261, 272, 307, 343, 382, 399, 403, 407, 411], "excluded_lines": []}}, "classes": {"PlaybackState": {"executed_lines": [], "summary": {"covered_lines": 0, "num_statements": 0, "percent_covered": 100.0, "percent_covered_display": "100", "missing_lines": 0, "excluded_lines": 0}, "missing_lines": [], "excluded_lines": []}, "AudioPlayer": {"executed_lines": [], "summary": {"covered_lines": 0, "num_statements": 193, "percent_covered": 0.0, "percent_covered_display": "0", "missing_lines": 193, "excluded_lines": 0}, "missing_lines": [49, 50, 51, 52, 54, 69, 70, 71, 73, 75, 76, 79, 81, 82, 84, 87, 88, 89, 90, 92, 93, 94, 95, 96, 98, 99, 101, 102, 103, 112, 113, 114, 116, 118, 119, 120, 121, 122, 123, 124, 126, 128, 130, 131, 132, 133, 135, 136, 138, 139, 140, 149, 150, 151, 153, 155, 156, 157, 158, 159, 160, 161, 163, 165, 167, 168, 169, 170, 172, 173, 175, 176, 177, 186, 187, 189, 191, 192, 193, 194, 195, 196, 197, 199, 201, 203, 204, 205, 206, 208, 209, 210, 211, 212, 221, 222, 223, 224, 226, 227, 241, 242, 243, 245, 246, 248, 250, 251, 252, 253, 255, 257, 258, 259, 268, 279, 280, 282, 284, 285, 286, 287, 290, 291, 292, 294, 295, 297, 298, 299, 301, 303, 304, 305, 314, 315, 317, 319, 320, 321, 323, 324, 325, 328, 329, 332, 333, 334, 335, 337, 339, 340, 341, 353, 354, 355, 357, 358, 360, 361, 362, 363, 364, 365, 366, 368, 370, 371, 372, 374, 376, 377, 378, 389, 401, 405, 409, 418, 419, 422, 423, 424, 426, 427, 428, 429, 432, 433, 434, 435, 436, 437, 439], "excluded_lines": []}, "": {"executed_lines": [], "summary": {"covered_lines": 0, "num_statements": 25, "percent_covered": 0.0, "percent_covered_display": "0", "missing_lines": 25, "excluded_lines": 0}, "missing_lines": [12, 13, 14, 16, 19, 21, 22, 23, 26, 42, 58, 105, 142, 179, 214, 231, 261, 272, 307, 343, 382, 399, 403, 407, 411], "excluded_lines": []}}}, "app/src/application/controllers/physical_controls_controller.py": {"executed_lines": [], "summary": {"covered_lines": 0, "num_statements": 195, "percent_covered": 0.0, "percent_covered_display": "0", "missing_lines": 195, "excluded_lines": 0}, "missing_lines": [13, 15, 16, 20, 21, 22, 23, 24, 25, 27, 30, 37, 51, 55, 61, 63, 64, 67, 68, 69, 71, 72, 73, 74, 75, 78, 79, 80, 81, 82, 84, 85, 88, 95, 96, 101, 103, 105, 106, 112, 114, 115, 116, 117, 118, 121, 122, 123, 124, 125, 127, 128, 130, 131, 132, 135, 136, 137, 138, 141, 143, 144, 145, 147, 148, 149, 151, 153, 154, 157, 158, 159, 160, 164, 167, 172, 178, 183, 185, 186, 188, 189, 190, 191, 192, 193, 194, 196, 198, 204, 206, 212, 214, 215, 216, 219, 220, 221, 223, 224, 227, 228, 230, 231, 233, 235, 242, 243, 244, 245, 247, 248, 249, 251, 252, 254, 257, 259, 260, 261, 263, 264, 266, 267, 268, 270, 272, 274, 275, 281, 284, 286, 287, 288, 290, 294, 295, 296, 297, 298, 301, 307, 308, 309, 311, 312, 313, 315, 316, 317, 318, 319, 321, 323, 326, 327, 329, 332, 334, 335, 336, 337, 339, 342, 343, 345, 347, 348, 350, 352, 354, 355, 357, 360, 362, 363, 364, 365, 367, 370, 371, 373, 375, 376, 378, 380, 382, 388, 398, 399, 402, 403, 405, 407, 413], "excluded_lines": [], "functions": {"PhysicalControlsManager.__init__": {"executed_lines": [], "summary": {"covered_lines": 0, "num_statements": 25, "percent_covered": 0.0, "percent_covered_display": "0", "missing_lines": 25, "excluded_lines": 0}, "missing_lines": [51, 55, 61, 63, 64, 67, 68, 69, 71, 72, 73, 74, 75, 78, 79, 80, 81, 82, 84, 85, 88, 95, 96, 101, 103], "excluded_lines": []}, "PhysicalControlsManager.initialize": {"executed_lines": [], "summary": {"covered_lines": 0, "num_statements": 27, "percent_covered": 0.0, "percent_covered_display": "0", "missing_lines": 27, "excluded_lines": 0}, "missing_lines": [112, 114, 115, 116, 117, 118, 121, 122, 123, 124, 125, 127, 128, 130, 131, 132, 135, 136, 137, 138, 141, 143, 144, 145, 147, 148, 149], "excluded_lines": []}, "PhysicalControlsManager._setup_event_handlers": {"executed_lines": [], "summary": {"covered_lines": 0, "num_statements": 11, "percent_covered": 0.0, "percent_covered_display": "0", "missing_lines": 11, "excluded_lines": 0}, "missing_lines": [153, 154, 157, 158, 159, 160, 164, 167, 172, 178, 183], "excluded_lines": []}, "PhysicalControlsManager.cleanup": {"executed_lines": [], "summary": {"covered_lines": 0, "num_statements": 8, "percent_covered": 0.0, "percent_covered_display": "0", "missing_lines": 8, "excluded_lines": 0}, "missing_lines": [188, 189, 190, 191, 192, 193, 194, 196], "excluded_lines": []}, "PhysicalControlsManager.is_initialized": {"executed_lines": [], "summary": {"covered_lines": 0, "num_statements": 1, "percent_covered": 0.0, "percent_covered_display": "0", "missing_lines": 1, "excluded_lines": 0}, "missing_lines": [204], "excluded_lines": []}, "PhysicalControlsManager._handle_configurable_button": {"executed_lines": [], "summary": {"covered_lines": 0, "num_statements": 14, "percent_covered": 0.0, "percent_covered_display": "0", "missing_lines": 14, "excluded_lines": 0}, "missing_lines": [212, 214, 215, 216, 219, 220, 221, 223, 224, 227, 228, 230, 231, 233], "excluded_lines": []}, "PhysicalControlsManager._async_set_volume": {"executed_lines": [], "summary": {"covered_lines": 0, "num_statements": 7, "percent_covered": 0.0, "percent_covered_display": "0", "missing_lines": 7, "excluded_lines": 0}, "missing_lines": [242, 243, 244, 245, 247, 248, 249], "excluded_lines": []}, "PhysicalControlsManager.handle_play_pause": {"executed_lines": [], "summary": {"covered_lines": 0, "num_statements": 12, "percent_covered": 0.0, "percent_covered_display": "0", "missing_lines": 12, "excluded_lines": 0}, "missing_lines": [254, 257, 259, 260, 261, 263, 264, 266, 267, 268, 270, 272], "excluded_lines": []}, "PhysicalControlsManager.handle_volume_change": {"executed_lines": [], "summary": {"covered_lines": 0, "num_statements": 25, "percent_covered": 0.0, "percent_covered_display": "0", "missing_lines": 25, "excluded_lines": 0}, "missing_lines": [281, 284, 286, 287, 288, 290, 294, 295, 296, 297, 298, 301, 307, 308, 309, 311, 312, 313, 315, 316, 317, 318, 319, 321, 323], "excluded_lines": []}, "PhysicalControlsManager.handle_next_track": {"executed_lines": [], "summary": {"covered_lines": 0, "num_statements": 14, "percent_covered": 0.0, "percent_covered_display": "0", "missing_lines": 14, "excluded_lines": 0}, "missing_lines": [329, 332, 334, 335, 336, 337, 339, 342, 343, 345, 347, 348, 350, 352], "excluded_lines": []}, "PhysicalControlsManager.handle_previous_track": {"executed_lines": [], "summary": {"covered_lines": 0, "num_statements": 14, "percent_covered": 0.0, "percent_covered_display": "0", "missing_lines": 14, "excluded_lines": 0}, "missing_lines": [357, 360, 362, 363, 364, 365, 367, 370, 371, 373, 375, 376, 378, 380], "excluded_lines": []}, "PhysicalControlsManager.get_status": {"executed_lines": [], "summary": {"covered_lines": 0, "num_statements": 6, "percent_covered": 0.0, "percent_covered_display": "0", "missing_lines": 6, "excluded_lines": 0}, "missing_lines": [388, 398, 399, 402, 403, 405], "excluded_lines": []}, "PhysicalControlsManager.get_physical_controls": {"executed_lines": [], "summary": {"covered_lines": 0, "num_statements": 1, "percent_covered": 0.0, "percent_covered_display": "0", "missing_lines": 1, "excluded_lines": 0}, "missing_lines": [413], "excluded_lines": []}, "": {"executed_lines": [], "summary": {"covered_lines": 0, "num_statements": 30, "percent_covered": 0.0, "percent_covered_display": "0", "missing_lines": 30, "excluded_lines": 0}, "missing_lines": [13, 15, 16, 20, 21, 22, 23, 24, 25, 27, 30, 37, 105, 106, 151, 185, 186, 198, 206, 235, 251, 252, 274, 275, 326, 327, 354, 355, 382, 407], "excluded_lines": []}}, "classes": {"PhysicalControlsManager": {"executed_lines": [], "summary": {"covered_lines": 0, "num_statements": 165, "percent_covered": 0.0, "percent_covered_display": "0", "missing_lines": 165, "excluded_lines": 0}, "missing_lines": [51, 55, 61, 63, 64, 67, 68, 69, 71, 72, 73, 74, 75, 78, 79, 80, 81, 82, 84, 85, 88, 95, 96, 101, 103, 112, 114, 115, 116, 117, 118, 121, 122, 123, 124, 125, 127, 128, 130, 131, 132, 135, 136, 137, 138, 141, 143, 144, 145, 147, 148, 149, 153, 154, 157, 158, 159, 160, 164, 167, 172, 178, 183, 188, 189, 190, 191, 192, 193, 194, 196, 204, 212, 214, 215, 216, 219, 220, 221, 223, 224, 227, 228, 230, 231, 233, 242, 243, 244, 245, 247, 248, 249, 254, 257, 259, 260, 261, 263, 264, 266, 267, 268, 270, 272, 281, 284, 286, 287, 288, 290, 294, 295, 296, 297, 298, 301, 307, 308, 309, 311, 312, 313, 315, 316, 317, 318, 319, 321, 323, 329, 332, 334, 335, 336, 337, 339, 342, 343, 345, 347, 348, 350, 352, 357, 360, 362, 363, 364, 365, 367, 370, 371, 373, 375, 376, 378, 380, 388, 398, 399, 402, 403, 405, 413], "excluded_lines": []}, "": {"executed_lines": [], "summary": {"covered_lines": 0, "num_statements": 30, "percent_covered": 0.0, "percent_covered_display": "0", "missing_lines": 30, "excluded_lines": 0}, "missing_lines": [13, 15, 16, 20, 21, 22, 23, 24, 25, 27, 30, 37, 105, 106, 151, 185, 186, 198, 206, 235, 251, 252, 274, 275, 326, 327, 354, 355, 382, 407], "excluded_lines": []}}}, "app/src/application/controllers/playback_controller.py": {"executed_lines": [], "summary": {"covered_lines": 0, "num_statements": 108, "percent_covered": 0.0, "percent_covered_display": "0", "missing_lines": 108, "excluded_lines": 0}, "missing_lines": [7, 8, 9, 11, 12, 14, 17, 18, 20, 21, 22, 23, 24, 27, 41, 47, 48, 49, 51, 52, 62, 63, 64, 65, 66, 67, 68, 69, 70, 71, 73, 74, 76, 77, 78, 79, 80, 81, 82, 83, 84, 86, 87, 89, 90, 91, 92, 93, 94, 95, 96, 97, 99, 100, 102, 103, 104, 105, 106, 107, 108, 109, 110, 111, 112, 114, 115, 124, 125, 126, 127, 128, 129, 130, 131, 132, 133, 135, 136, 145, 146, 147, 148, 149, 150, 151, 152, 153, 155, 161, 169, 170, 176, 177, 179, 180, 181, 182, 183, 184, 185, 186, 188, 194, 195, 197, 199, 200], "excluded_lines": [], "functions": {"PlaybackController.__init__": {"executed_lines": [], "summary": {"covered_lines": 0, "num_statements": 3, "percent_covered": 0.0, "percent_covered_display": "0", "missing_lines": 3, "excluded_lines": 0}, "missing_lines": [47, 48, 49], "excluded_lines": []}, "PlaybackController.play_track": {"executed_lines": [], "summary": {"covered_lines": 0, "num_statements": 10, "percent_covered": 0.0, "percent_covered_display": "0", "missing_lines": 10, "excluded_lines": 0}, "missing_lines": [62, 63, 64, 65, 66, 67, 68, 69, 70, 71], "excluded_lines": []}, "PlaybackController.pause": {"executed_lines": [], "summary": {"covered_lines": 0, "num_statements": 9, "percent_covered": 0.0, "percent_covered_display": "0", "missing_lines": 9, "excluded_lines": 0}, "missing_lines": [76, 77, 78, 79, 80, 81, 82, 83, 84], "excluded_lines": []}, "PlaybackController.resume": {"executed_lines": [], "summary": {"covered_lines": 0, "num_statements": 9, "percent_covered": 0.0, "percent_covered_display": "0", "missing_lines": 9, "excluded_lines": 0}, "missing_lines": [89, 90, 91, 92, 93, 94, 95, 96, 97], "excluded_lines": []}, "PlaybackController.stop": {"executed_lines": [], "summary": {"covered_lines": 0, "num_statements": 11, "percent_covered": 0.0, "percent_covered_display": "0", "missing_lines": 11, "excluded_lines": 0}, "missing_lines": [102, 103, 104, 105, 106, 107, 108, 109, 110, 111, 112], "excluded_lines": []}, "PlaybackController.set_volume": {"executed_lines": [], "summary": {"covered_lines": 0, "num_statements": 10, "percent_covered": 0.0, "percent_covered_display": "0", "missing_lines": 10, "excluded_lines": 0}, "missing_lines": [124, 125, 126, 127, 128, 129, 130, 131, 132, 133], "excluded_lines": []}, "PlaybackController.seek": {"executed_lines": [], "summary": {"covered_lines": 0, "num_statements": 9, "percent_covered": 0.0, "percent_covered_display": "0", "missing_lines": 9, "excluded_lines": 0}, "missing_lines": [145, 146, 147, 148, 149, 150, 151, 152, 153], "excluded_lines": []}, "PlaybackController.get_playback_state": {"executed_lines": [], "summary": {"covered_lines": 0, "num_statements": 1, "percent_covered": 0.0, "percent_covered_display": "0", "missing_lines": 1, "excluded_lines": 0}, "missing_lines": [161], "excluded_lines": []}, "PlaybackController.update_position": {"executed_lines": [], "summary": {"covered_lines": 0, "num_statements": 10, "percent_covered": 0.0, "percent_covered_display": "0", "missing_lines": 10, "excluded_lines": 0}, "missing_lines": [176, 177, 179, 180, 181, 182, 183, 184, 185, 186], "excluded_lines": []}, "PlaybackController.set_playlist_context": {"executed_lines": [], "summary": {"covered_lines": 0, "num_statements": 2, "percent_covered": 0.0, "percent_covered_display": "0", "missing_lines": 2, "excluded_lines": 0}, "missing_lines": [194, 195], "excluded_lines": []}, "PlaybackController.clear_playlist_context": {"executed_lines": [], "summary": {"covered_lines": 0, "num_statements": 2, "percent_covered": 0.0, "percent_covered_display": "0", "missing_lines": 2, "excluded_lines": 0}, "missing_lines": [199, 200], "excluded_lines": []}, "": {"executed_lines": [], "summary": {"covered_lines": 0, "num_statements": 32, "percent_covered": 0.0, "percent_covered_display": "0", "missing_lines": 32, "excluded_lines": 0}, "missing_lines": [7, 8, 9, 11, 12, 14, 17, 18, 20, 21, 22, 23, 24, 27, 41, 51, 52, 73, 74, 86, 87, 99, 100, 114, 115, 135, 136, 155, 169, 170, 188, 197], "excluded_lines": []}}, "classes": {"PlaybackState": {"executed_lines": [], "summary": {"covered_lines": 0, "num_statements": 0, "percent_covered": 100.0, "percent_covered_display": "100", "missing_lines": 0, "excluded_lines": 0}, "missing_lines": [], "excluded_lines": []}, "PlaybackController": {"executed_lines": [], "summary": {"covered_lines": 0, "num_statements": 76, "percent_covered": 0.0, "percent_covered_display": "0", "missing_lines": 76, "excluded_lines": 0}, "missing_lines": [47, 48, 49, 62, 63, 64, 65, 66, 67, 68, 69, 70, 71, 76, 77, 78, 79, 80, 81, 82, 83, 84, 89, 90, 91, 92, 93, 94, 95, 96, 97, 102, 103, 104, 105, 106, 107, 108, 109, 110, 111, 112, 124, 125, 126, 127, 128, 129, 130, 131, 132, 133, 145, 146, 147, 148, 149, 150, 151, 152, 153, 161, 176, 177, 179, 180, 181, 182, 183, 184, 185, 186, 194, 195, 199, 200], "excluded_lines": []}, "": {"executed_lines": [], "summary": {"covered_lines": 0, "num_statements": 32, "percent_covered": 0.0, "percent_covered_display": "0", "missing_lines": 32, "excluded_lines": 0}, "missing_lines": [7, 8, 9, 11, 12, 14, 17, 18, 20, 21, 22, 23, 24, 27, 41, 51, 52, 73, 74, 86, 87, 99, 100, 114, 115, 135, 136, 155, 169, 170, 188, 197], "excluded_lines": []}}}, "app/src/application/controllers/playback_coordinator_controller.py": {"executed_lines": [], "summary": {"covered_lines": 0, "num_statements": 233, "percent_covered": 0.0, "percent_covered_display": "0", "missing_lines": 233, "excluded_lines": 0}, "missing_lines": [12, 13, 14, 15, 16, 18, 21, 34, 47, 50, 51, 53, 54, 57, 58, 61, 64, 67, 69, 73, 83, 85, 86, 87, 90, 91, 92, 94, 95, 97, 98, 101, 102, 103, 104, 107, 108, 109, 110, 112, 113, 114, 116, 117, 118, 119, 120, 122, 123, 125, 126, 127, 129, 131, 132, 134, 135, 136, 137, 138, 139, 140, 141, 143, 145, 146, 148, 149, 150, 151, 152, 153, 154, 155, 157, 159, 160, 162, 163, 164, 165, 166, 167, 168, 169, 171, 174, 176, 179, 180, 184, 194, 196, 206, 207, 208, 211, 212, 213, 214, 217, 219, 226, 227, 228, 230, 231, 232, 234, 241, 242, 243, 245, 246, 248, 258, 259, 260, 262, 263, 267, 269, 271, 273, 277, 279, 281, 283, 284, 288, 290, 292, 294, 296, 298, 299, 303, 311, 312, 315, 316, 319, 322, 347, 349, 350, 354, 360, 361, 363, 365, 366, 368, 369, 372, 374, 376, 379, 381, 382, 386, 388, 389, 390, 392, 393, 395, 396, 404, 408, 409, 411, 413, 414, 416, 420, 427, 428, 431, 434, 435, 436, 439, 441, 443, 444, 445, 447, 450, 451, 452, 453, 455, 456, 457, 458, 459, 460, 461, 462, 465, 466, 468, 469, 470, 474, 476, 478, 480, 482, 483, 484, 486, 488, 489, 491, 500, 501, 502, 504, 506, 507, 510, 513, 520, 523, 524, 532, 534, 535, 537, 539, 540], "excluded_lines": [], "functions": {"PlaybackCoordinator.__init__": {"executed_lines": [], "summary": {"covered_lines": 0, "num_statements": 11, "percent_covered": 0.0, "percent_covered_display": "0", "missing_lines": 11, "excluded_lines": 0}, "missing_lines": [47, 50, 51, 53, 54, 57, 58, 61, 64, 67, 69], "excluded_lines": []}, "PlaybackCoordinator.play": {"executed_lines": [], "summary": {"covered_lines": 0, "num_statements": 32, "percent_covered": 0.0, "percent_covered_display": "0", "missing_lines": 32, "excluded_lines": 0}, "missing_lines": [83, 85, 86, 87, 90, 91, 92, 94, 95, 97, 98, 101, 102, 103, 104, 107, 108, 109, 110, 112, 113, 114, 116, 117, 118, 119, 120, 122, 123, 125, 126, 127], "excluded_lines": []}, "PlaybackCoordinator.pause": {"executed_lines": [], "summary": {"covered_lines": 0, "num_statements": 10, "percent_covered": 0.0, "percent_covered_display": "0", "missing_lines": 10, "excluded_lines": 0}, "missing_lines": [131, 132, 134, 135, 136, 137, 138, 139, 140, 141], "excluded_lines": []}, "PlaybackCoordinator.resume": {"executed_lines": [], "summary": {"covered_lines": 0, "num_statements": 10, "percent_covered": 0.0, "percent_covered_display": "0", "missing_lines": 10, "excluded_lines": 0}, "missing_lines": [145, 146, 148, 149, 150, 151, 152, 153, 154, 155], "excluded_lines": []}, "PlaybackCoordinator.stop": {"executed_lines": [], "summary": {"covered_lines": 0, "num_statements": 10, "percent_covered": 0.0, "percent_covered_display": "0", "missing_lines": 10, "excluded_lines": 0}, "missing_lines": [159, 160, 162, 163, 164, 165, 166, 167, 168, 169], "excluded_lines": []}, "PlaybackCoordinator.toggle_pause": {"executed_lines": [], "summary": {"covered_lines": 0, "num_statements": 4, "percent_covered": 0.0, "percent_covered_display": "0", "missing_lines": 4, "excluded_lines": 0}, "missing_lines": [174, 176, 179, 180], "excluded_lines": []}, "PlaybackCoordinator.load_playlist": {"executed_lines": [], "summary": {"covered_lines": 0, "num_statements": 1, "percent_covered": 0.0, "percent_covered_display": "0", "missing_lines": 1, "excluded_lines": 0}, "missing_lines": [194], "excluded_lines": []}, "PlaybackCoordinator.start_playlist": {"executed_lines": [], "summary": {"covered_lines": 0, "num_statements": 8, "percent_covered": 0.0, "percent_covered_display": "0", "missing_lines": 8, "excluded_lines": 0}, "missing_lines": [206, 207, 208, 211, 212, 213, 214, 217], "excluded_lines": []}, "PlaybackCoordinator.next_track": {"executed_lines": [], "summary": {"covered_lines": 0, "num_statements": 6, "percent_covered": 0.0, "percent_covered_display": "0", "missing_lines": 6, "excluded_lines": 0}, "missing_lines": [226, 227, 228, 230, 231, 232], "excluded_lines": []}, "PlaybackCoordinator.previous_track": {"executed_lines": [], "summary": {"covered_lines": 0, "num_statements": 5, "percent_covered": 0.0, "percent_covered_display": "0", "missing_lines": 5, "excluded_lines": 0}, "missing_lines": [241, 242, 243, 245, 246], "excluded_lines": []}, "PlaybackCoordinator.goto_track": {"executed_lines": [], "summary": {"covered_lines": 0, "num_statements": 5, "percent_covered": 0.0, "percent_covered_display": "0", "missing_lines": 5, "excluded_lines": 0}, "missing_lines": [258, 259, 260, 262, 263], "excluded_lines": []}, "PlaybackCoordinator.set_volume": {"executed_lines": [], "summary": {"covered_lines": 0, "num_statements": 1, "percent_covered": 0.0, "percent_covered_display": "0", "missing_lines": 1, "excluded_lines": 0}, "missing_lines": [269], "excluded_lines": []}, "PlaybackCoordinator.get_volume": {"executed_lines": [], "summary": {"covered_lines": 0, "num_statements": 1, "percent_covered": 0.0, "percent_covered_display": "0", "missing_lines": 1, "excluded_lines": 0}, "missing_lines": [273], "excluded_lines": []}, "PlaybackCoordinator.seek": {"executed_lines": [], "summary": {"covered_lines": 0, "num_statements": 1, "percent_covered": 0.0, "percent_covered_display": "0", "missing_lines": 1, "excluded_lines": 0}, "missing_lines": [279], "excluded_lines": []}, "PlaybackCoordinator.seek_to_position": {"executed_lines": [], "summary": {"covered_lines": 0, "num_statements": 2, "percent_covered": 0.0, "percent_covered_display": "0", "missing_lines": 2, "excluded_lines": 0}, "missing_lines": [283, 284], "excluded_lines": []}, "PlaybackCoordinator.set_repeat_mode": {"executed_lines": [], "summary": {"covered_lines": 0, "num_statements": 1, "percent_covered": 0.0, "percent_covered_display": "0", "missing_lines": 1, "excluded_lines": 0}, "missing_lines": [290], "excluded_lines": []}, "PlaybackCoordinator.set_shuffle": {"executed_lines": [], "summary": {"covered_lines": 0, "num_statements": 1, "percent_covered": 0.0, "percent_covered_display": "0", "missing_lines": 1, "excluded_lines": 0}, "missing_lines": [294], "excluded_lines": []}, "PlaybackCoordinator.set_auto_advance": {"executed_lines": [], "summary": {"covered_lines": 0, "num_statements": 2, "percent_covered": 0.0, "percent_covered_display": "0", "missing_lines": 2, "excluded_lines": 0}, "missing_lines": [298, 299], "excluded_lines": []}, "PlaybackCoordinator.get_playback_status": {"executed_lines": [], "summary": {"covered_lines": 0, "num_statements": 6, "percent_covered": 0.0, "percent_covered_display": "0", "missing_lines": 6, "excluded_lines": 0}, "missing_lines": [311, 312, 315, 316, 319, 322], "excluded_lines": []}, "PlaybackCoordinator.get_current_track": {"executed_lines": [], "summary": {"covered_lines": 0, "num_statements": 2, "percent_covered": 0.0, "percent_covered_display": "0", "missing_lines": 2, "excluded_lines": 0}, "missing_lines": [349, 350], "excluded_lines": []}, "PlaybackCoordinator.update_auto_advance": {"executed_lines": [], "summary": {"covered_lines": 0, "num_statements": 2, "percent_covered": 0.0, "percent_covered_display": "0", "missing_lines": 2, "excluded_lines": 0}, "missing_lines": [360, 361], "excluded_lines": []}, "PlaybackCoordinator._should_auto_advance": {"executed_lines": [], "summary": {"covered_lines": 0, "num_statements": 5, "percent_covered": 0.0, "percent_covered_display": "0", "missing_lines": 5, "excluded_lines": 0}, "missing_lines": [365, 366, 368, 369, 372], "excluded_lines": []}, "PlaybackCoordinator._handle_auto_advance": {"executed_lines": [], "summary": {"covered_lines": 0, "num_statements": 4, "percent_covered": 0.0, "percent_covered_display": "0", "missing_lines": 4, "excluded_lines": 0}, "missing_lines": [376, 379, 381, 382], "excluded_lines": []}, "PlaybackCoordinator._find_track_by_id": {"executed_lines": [], "summary": {"covered_lines": 0, "num_statements": 8, "percent_covered": 0.0, "percent_covered_display": "0", "missing_lines": 8, "excluded_lines": 0}, "missing_lines": [388, 389, 390, 392, 393, 395, 396, 404], "excluded_lines": []}, "PlaybackCoordinator.playlist_controller": {"executed_lines": [], "summary": {"covered_lines": 0, "num_statements": 1, "percent_covered": 0.0, "percent_covered_display": "0", "missing_lines": 1, "excluded_lines": 0}, "missing_lines": [411], "excluded_lines": []}, "PlaybackCoordinator.audio_player": {"executed_lines": [], "summary": {"covered_lines": 0, "num_statements": 1, "percent_covered": 0.0, "percent_covered_display": "0", "missing_lines": 1, "excluded_lines": 0}, "missing_lines": [416], "excluded_lines": []}, "PlaybackCoordinator.handle_tag_scanned": {"executed_lines": [], "summary": {"covered_lines": 0, "num_statements": 39, "percent_covered": 0.0, "percent_covered_display": "0", "missing_lines": 39, "excluded_lines": 0}, "missing_lines": [427, 428, 431, 434, 435, 436, 439, 441, 443, 444, 445, 447, 450, 451, 452, 453, 455, 456, 457, 458, 459, 460, 461, 462, 465, 466, 468, 469, 470, 474, 476, 478, 480, 482, 483, 484, 486, 488, 489], "excluded_lines": []}, "PlaybackCoordinator._broadcast_playlist_started": {"executed_lines": [], "summary": {"covered_lines": 0, "num_statements": 14, "percent_covered": 0.0, "percent_covered_display": "0", "missing_lines": 14, "excluded_lines": 0}, "missing_lines": [500, 501, 502, 504, 506, 507, 510, 513, 520, 523, 524, 532, 534, 535], "excluded_lines": []}, "PlaybackCoordinator.cleanup": {"executed_lines": [], "summary": {"covered_lines": 0, "num_statements": 2, "percent_covered": 0.0, "percent_covered_display": "0", "missing_lines": 2, "excluded_lines": 0}, "missing_lines": [539, 540], "excluded_lines": []}, "": {"executed_lines": [], "summary": {"covered_lines": 0, "num_statements": 38, "percent_covered": 0.0, "percent_covered_display": "0", "missing_lines": 38, "excluded_lines": 0}, "missing_lines": [12, 13, 14, 15, 16, 18, 21, 34, 73, 129, 143, 157, 171, 184, 196, 219, 234, 248, 267, 271, 277, 281, 288, 292, 296, 303, 347, 354, 363, 374, 386, 408, 409, 413, 414, 420, 491, 537], "excluded_lines": []}}, "classes": {"PlaybackCoordinator": {"executed_lines": [], "summary": {"covered_lines": 0, "num_statements": 195, "percent_covered": 0.0, "percent_covered_display": "0", "missing_lines": 195, "excluded_lines": 0}, "missing_lines": [47, 50, 51, 53, 54, 57, 58, 61, 64, 67, 69, 83, 85, 86, 87, 90, 91, 92, 94, 95, 97, 98, 101, 102, 103, 104, 107, 108, 109, 110, 112, 113, 114, 116, 117, 118, 119, 120, 122, 123, 125, 126, 127, 131, 132, 134, 135, 136, 137, 138, 139, 140, 141, 145, 146, 148, 149, 150, 151, 152, 153, 154, 155, 159, 160, 162, 163, 164, 165, 166, 167, 168, 169, 174, 176, 179, 180, 194, 206, 207, 208, 211, 212, 213, 214, 217, 226, 227, 228, 230, 231, 232, 241, 242, 243, 245, 246, 258, 259, 260, 262, 263, 269, 273, 279, 283, 284, 290, 294, 298, 299, 311, 312, 315, 316, 319, 322, 349, 350, 360, 361, 365, 366, 368, 369, 372, 376, 379, 381, 382, 388, 389, 390, 392, 393, 395, 396, 404, 411, 416, 427, 428, 431, 434, 435, 436, 439, 441, 443, 444, 445, 447, 450, 451, 452, 453, 455, 456, 457, 458, 459, 460, 461, 462, 465, 466, 468, 469, 470, 474, 476, 478, 480, 482, 483, 484, 486, 488, 489, 500, 501, 502, 504, 506, 507, 510, 513, 520, 523, 524, 532, 534, 535, 539, 540], "excluded_lines": []}, "": {"executed_lines": [], "summary": {"covered_lines": 0, "num_statements": 38, "percent_covered": 0.0, "percent_covered_display": "0", "missing_lines": 38, "excluded_lines": 0}, "missing_lines": [12, 13, 14, 15, 16, 18, 21, 34, 73, 129, 143, 157, 171, 184, 196, 219, 234, 248, 267, 271, 277, 281, 288, 292, 296, 303, 347, 354, 363, 374, 386, 408, 409, 413, 414, 420, 491, 537], "excluded_lines": []}}}, "app/src/application/controllers/playlist_controller.py": {"executed_lines": [], "summary": {"covered_lines": 0, "num_statements": 121, "percent_covered": 0.0, "percent_covered_display": "0", "missing_lines": 121, "excluded_lines": 0}, "missing_lines": [16, 17, 18, 19, 21, 24, 40, 48, 49, 52, 53, 54, 55, 57, 58, 60, 61, 63, 67, 77, 79, 80, 81, 82, 85, 86, 87, 88, 91, 92, 93, 94, 97, 100, 101, 102, 106, 108, 109, 110, 112, 122, 124, 125, 126, 127, 128, 130, 140, 141, 143, 144, 146, 147, 148, 151, 152, 153, 154, 155, 157, 163, 164, 165, 167, 177, 178, 179, 180, 181, 182, 184, 185, 186, 188, 196, 197, 198, 200, 210, 212, 213, 214, 215, 217, 219, 223, 225, 227, 229, 231, 233, 235, 245, 246, 248, 250, 254, 264, 265, 266, 267, 269, 279, 280, 284, 291, 293, 300, 302, 315, 317, 319, 321, 322, 324, 334, 335, 336, 337, 338], "excluded_lines": [], "functions": {"PlaylistController.__init__": {"executed_lines": [], "summary": {"covered_lines": 0, "num_statements": 8, "percent_covered": 0.0, "percent_covered_display": "0", "missing_lines": 8, "excluded_lines": 0}, "missing_lines": [48, 49, 52, 53, 54, 55, 57, 58], "excluded_lines": []}, "PlaylistController.state_manager": {"executed_lines": [], "summary": {"covered_lines": 0, "num_statements": 1, "percent_covered": 0.0, "percent_covered_display": "0", "missing_lines": 1, "excluded_lines": 0}, "missing_lines": [63], "excluded_lines": []}, "PlaylistController.load_playlist": {"executed_lines": [], "summary": {"covered_lines": 0, "num_statements": 21, "percent_covered": 0.0, "percent_covered_display": "0", "missing_lines": 21, "excluded_lines": 0}, "missing_lines": [77, 79, 80, 81, 82, 85, 86, 87, 88, 91, 92, 93, 94, 97, 100, 101, 102, 106, 108, 109, 110], "excluded_lines": []}, "PlaylistController._get_playlist_data": {"executed_lines": [], "summary": {"covered_lines": 0, "num_statements": 6, "percent_covered": 0.0, "percent_covered_display": "0", "missing_lines": 6, "excluded_lines": 0}, "missing_lines": [122, 124, 125, 126, 127, 128], "excluded_lines": []}, "PlaylistController._convert_to_domain_playlist": {"executed_lines": [], "summary": {"covered_lines": 0, "num_statements": 16, "percent_covered": 0.0, "percent_covered_display": "0", "missing_lines": 16, "excluded_lines": 0}, "missing_lines": [140, 141, 143, 144, 146, 147, 148, 151, 152, 153, 154, 155, 157, 163, 164, 165], "excluded_lines": []}, "PlaylistController._convert_to_domain_track": {"executed_lines": [], "summary": {"covered_lines": 0, "num_statements": 13, "percent_covered": 0.0, "percent_covered_display": "0", "missing_lines": 13, "excluded_lines": 0}, "missing_lines": [177, 178, 179, 180, 181, 182, 184, 185, 186, 188, 196, 197, 198], "excluded_lines": []}, "PlaylistController._validate_tracks": {"executed_lines": [], "summary": {"covered_lines": 0, "num_statements": 7, "percent_covered": 0.0, "percent_covered_display": "0", "missing_lines": 7, "excluded_lines": 0}, "missing_lines": [210, 212, 213, 214, 215, 217, 219], "excluded_lines": []}, "PlaylistController.get_current_track": {"executed_lines": [], "summary": {"covered_lines": 0, "num_statements": 1, "percent_covered": 0.0, "percent_covered_display": "0", "missing_lines": 1, "excluded_lines": 0}, "missing_lines": [225], "excluded_lines": []}, "PlaylistController.next_track": {"executed_lines": [], "summary": {"covered_lines": 0, "num_statements": 1, "percent_covered": 0.0, "percent_covered_display": "0", "missing_lines": 1, "excluded_lines": 0}, "missing_lines": [229], "excluded_lines": []}, "PlaylistController.previous_track": {"executed_lines": [], "summary": {"covered_lines": 0, "num_statements": 1, "percent_covered": 0.0, "percent_covered_display": "0", "missing_lines": 1, "excluded_lines": 0}, "missing_lines": [233], "excluded_lines": []}, "PlaylistController.goto_track": {"executed_lines": [], "summary": {"covered_lines": 0, "num_statements": 2, "percent_covered": 0.0, "percent_covered_display": "0", "missing_lines": 2, "excluded_lines": 0}, "missing_lines": [245, 246], "excluded_lines": []}, "PlaylistController.clear_playlist": {"executed_lines": [], "summary": {"covered_lines": 0, "num_statements": 1, "percent_covered": 0.0, "percent_covered_display": "0", "missing_lines": 1, "excluded_lines": 0}, "missing_lines": [250], "excluded_lines": []}, "PlaylistController.set_repeat_mode": {"executed_lines": [], "summary": {"covered_lines": 0, "num_statements": 4, "percent_covered": 0.0, "percent_covered_display": "0", "missing_lines": 4, "excluded_lines": 0}, "missing_lines": [264, 265, 266, 267], "excluded_lines": []}, "PlaylistController.set_shuffle": {"executed_lines": [], "summary": {"covered_lines": 0, "num_statements": 2, "percent_covered": 0.0, "percent_covered_display": "0", "missing_lines": 2, "excluded_lines": 0}, "missing_lines": [279, 280], "excluded_lines": []}, "PlaylistController.get_state": {"executed_lines": [], "summary": {"covered_lines": 0, "num_statements": 1, "percent_covered": 0.0, "percent_covered_display": "0", "missing_lines": 1, "excluded_lines": 0}, "missing_lines": [291], "excluded_lines": []}, "PlaylistController.get_playlist_info": {"executed_lines": [], "summary": {"covered_lines": 0, "num_statements": 2, "percent_covered": 0.0, "percent_covered_display": "0", "missing_lines": 2, "excluded_lines": 0}, "missing_lines": [300, 302], "excluded_lines": []}, "PlaylistController.has_playlist": {"executed_lines": [], "summary": {"covered_lines": 0, "num_statements": 1, "percent_covered": 0.0, "percent_covered_display": "0", "missing_lines": 1, "excluded_lines": 0}, "missing_lines": [317], "excluded_lines": []}, "PlaylistController.has_tracks": {"executed_lines": [], "summary": {"covered_lines": 0, "num_statements": 2, "percent_covered": 0.0, "percent_covered_display": "0", "missing_lines": 2, "excluded_lines": 0}, "missing_lines": [321, 322], "excluded_lines": []}, "PlaylistController.load_playlist_data": {"executed_lines": [], "summary": {"covered_lines": 0, "num_statements": 5, "percent_covered": 0.0, "percent_covered_display": "0", "missing_lines": 5, "excluded_lines": 0}, "missing_lines": [334, 335, 336, 337, 338], "excluded_lines": []}, "": {"executed_lines": [], "summary": {"covered_lines": 0, "num_statements": 26, "percent_covered": 0.0, "percent_covered_display": "0", "missing_lines": 26, "excluded_lines": 0}, "missing_lines": [16, 17, 18, 19, 21, 24, 40, 60, 61, 67, 112, 130, 167, 200, 223, 227, 231, 235, 248, 254, 269, 284, 293, 315, 319, 324], "excluded_lines": []}}, "classes": {"PlaylistController": {"executed_lines": [], "summary": {"covered_lines": 0, "num_statements": 95, "percent_covered": 0.0, "percent_covered_display": "0", "missing_lines": 95, "excluded_lines": 0}, "missing_lines": [48, 49, 52, 53, 54, 55, 57, 58, 63, 77, 79, 80, 81, 82, 85, 86, 87, 88, 91, 92, 93, 94, 97, 100, 101, 102, 106, 108, 109, 110, 122, 124, 125, 126, 127, 128, 140, 141, 143, 144, 146, 147, 148, 151, 152, 153, 154, 155, 157, 163, 164, 165, 177, 178, 179, 180, 181, 182, 184, 185, 186, 188, 196, 197, 198, 210, 212, 213, 214, 215, 217, 219, 225, 229, 233, 245, 246, 250, 264, 265, 266, 267, 279, 280, 291, 300, 302, 317, 321, 322, 334, 335, 336, 337, 338], "excluded_lines": []}, "": {"executed_lines": [], "summary": {"covered_lines": 0, "num_statements": 26, "percent_covered": 0.0, "percent_covered_display": "0", "missing_lines": 26, "excluded_lines": 0}, "missing_lines": [16, 17, 18, 19, 21, 24, 40, 60, 61, 67, 112, 130, 167, 200, 223, 227, 231, 235, 248, 254, 269, 284, 293, 315, 319, 324], "excluded_lines": []}}}, "app/src/application/controllers/playlist_state_manager_controller.py": {"executed_lines": [], "summary": {"covered_lines": 0, "num_statements": 144, "percent_covered": 0.0, "percent_covered_display": "0", "missing_lines": 144, "excluded_lines": 0}, "missing_lines": [12, 13, 14, 16, 19, 20, 22, 23, 24, 25, 26, 28, 30, 39, 40, 42, 43, 44, 46, 48, 56, 64, 66, 67, 68, 69, 70, 72, 76, 87, 88, 89, 91, 92, 95, 96, 98, 101, 103, 105, 106, 107, 108, 112, 119, 120, 122, 123, 125, 127, 134, 135, 137, 140, 141, 144, 145, 146, 148, 149, 150, 151, 153, 155, 157, 158, 159, 160, 162, 164, 165, 166, 168, 170, 177, 178, 180, 183, 184, 187, 188, 189, 191, 192, 193, 194, 196, 198, 200, 201, 202, 203, 205, 207, 208, 209, 211, 213, 223, 224, 226, 227, 228, 229, 230, 231, 233, 234, 238, 245, 247, 259, 261, 262, 264, 265, 267, 269, 271, 272, 274, 275, 277, 281, 288, 289, 290, 292, 299, 300, 301, 303, 305, 307, 309, 310, 312, 313, 316, 317, 318, 319, 321, 322], "excluded_lines": [], "functions": {"Track.to_dict": {"executed_lines": [], "summary": {"covered_lines": 0, "num_statements": 1, "percent_covered": 0.0, "percent_covered_display": "0", "missing_lines": 1, "excluded_lines": 0}, "missing_lines": [30], "excluded_lines": []}, "Playlist.to_dict": {"executed_lines": [], "summary": {"covered_lines": 0, "num_statements": 1, "percent_covered": 0.0, "percent_covered_display": "0", "missing_lines": 1, "excluded_lines": 0}, "missing_lines": [48], "excluded_lines": []}, "PlaylistStateManager.__init__": {"executed_lines": [], "summary": {"covered_lines": 0, "num_statements": 6, "percent_covered": 0.0, "percent_covered_display": "0", "missing_lines": 6, "excluded_lines": 0}, "missing_lines": [66, 67, 68, 69, 70, 72], "excluded_lines": []}, "PlaylistStateManager.set_playlist": {"executed_lines": [], "summary": {"covered_lines": 0, "num_statements": 9, "percent_covered": 0.0, "percent_covered_display": "0", "missing_lines": 9, "excluded_lines": 0}, "missing_lines": [87, 88, 89, 91, 92, 95, 96, 98, 101], "excluded_lines": []}, "PlaylistStateManager.clear_playlist": {"executed_lines": [], "summary": {"covered_lines": 0, "num_statements": 4, "percent_covered": 0.0, "percent_covered_display": "0", "missing_lines": 4, "excluded_lines": 0}, "missing_lines": [105, 106, 107, 108], "excluded_lines": []}, "PlaylistStateManager.get_current_track": {"executed_lines": [], "summary": {"covered_lines": 0, "num_statements": 5, "percent_covered": 0.0, "percent_covered_display": "0", "missing_lines": 5, "excluded_lines": 0}, "missing_lines": [119, 120, 122, 123, 125], "excluded_lines": []}, "PlaylistStateManager.move_to_next": {"executed_lines": [], "summary": {"covered_lines": 0, "num_statements": 23, "percent_covered": 0.0, "percent_covered_display": "0", "missing_lines": 23, "excluded_lines": 0}, "missing_lines": [134, 135, 137, 140, 141, 144, 145, 146, 148, 149, 150, 151, 153, 155, 157, 158, 159, 160, 162, 164, 165, 166, 168], "excluded_lines": []}, "PlaylistStateManager.move_to_previous": {"executed_lines": [], "summary": {"covered_lines": 0, "num_statements": 23, "percent_covered": 0.0, "percent_covered_display": "0", "missing_lines": 23, "excluded_lines": 0}, "missing_lines": [177, 178, 180, 183, 184, 187, 188, 189, 191, 192, 193, 194, 196, 198, 200, 201, 202, 203, 205, 207, 208, 209, 211], "excluded_lines": []}, "PlaylistStateManager.move_to_track": {"executed_lines": [], "summary": {"covered_lines": 0, "num_statements": 10, "percent_covered": 0.0, "percent_covered_display": "0", "missing_lines": 10, "excluded_lines": 0}, "missing_lines": [223, 224, 226, 227, 228, 229, 230, 231, 233, 234], "excluded_lines": []}, "PlaylistStateManager.get_state": {"executed_lines": [], "summary": {"covered_lines": 0, "num_statements": 2, "percent_covered": 0.0, "percent_covered_display": "0", "missing_lines": 2, "excluded_lines": 0}, "missing_lines": [245, 247], "excluded_lines": []}, "PlaylistStateManager.can_go_next": {"executed_lines": [], "summary": {"covered_lines": 0, "num_statements": 5, "percent_covered": 0.0, "percent_covered_display": "0", "missing_lines": 5, "excluded_lines": 0}, "missing_lines": [261, 262, 264, 265, 267], "excluded_lines": []}, "PlaylistStateManager.can_go_previous": {"executed_lines": [], "summary": {"covered_lines": 0, "num_statements": 5, "percent_covered": 0.0, "percent_covered_display": "0", "missing_lines": 5, "excluded_lines": 0}, "missing_lines": [271, 272, 274, 275, 277], "excluded_lines": []}, "PlaylistStateManager.set_repeat_mode": {"executed_lines": [], "summary": {"covered_lines": 0, "num_statements": 3, "percent_covered": 0.0, "percent_covered_display": "0", "missing_lines": 3, "excluded_lines": 0}, "missing_lines": [288, 289, 290], "excluded_lines": []}, "PlaylistStateManager.set_shuffle": {"executed_lines": [], "summary": {"covered_lines": 0, "num_statements": 5, "percent_covered": 0.0, "percent_covered_display": "0", "missing_lines": 5, "excluded_lines": 0}, "missing_lines": [299, 300, 301, 303, 305], "excluded_lines": []}, "PlaylistStateManager._generate_shuffle_order": {"executed_lines": [], "summary": {"covered_lines": 0, "num_statements": 10, "percent_covered": 0.0, "percent_covered_display": "0", "missing_lines": 10, "excluded_lines": 0}, "missing_lines": [309, 310, 312, 313, 316, 317, 318, 319, 321, 322], "excluded_lines": []}, "": {"executed_lines": [], "summary": {"covered_lines": 0, "num_statements": 32, "percent_covered": 0.0, "percent_covered_display": "0", "missing_lines": 32, "excluded_lines": 0}, "missing_lines": [12, 13, 14, 16, 19, 20, 22, 23, 24, 25, 26, 28, 39, 40, 42, 43, 44, 46, 56, 64, 76, 103, 112, 127, 170, 213, 238, 259, 269, 281, 292, 307], "excluded_lines": []}}, "classes": {"Track": {"executed_lines": [], "summary": {"covered_lines": 0, "num_statements": 1, "percent_covered": 0.0, "percent_covered_display": "0", "missing_lines": 1, "excluded_lines": 0}, "missing_lines": [30], "excluded_lines": []}, "Playlist": {"executed_lines": [], "summary": {"covered_lines": 0, "num_statements": 1, "percent_covered": 0.0, "percent_covered_display": "0", "missing_lines": 1, "excluded_lines": 0}, "missing_lines": [48], "excluded_lines": []}, "PlaylistStateManager": {"executed_lines": [], "summary": {"covered_lines": 0, "num_statements": 110, "percent_covered": 0.0, "percent_covered_display": "0", "missing_lines": 110, "excluded_lines": 0}, "missing_lines": [66, 67, 68, 69, 70, 72, 87, 88, 89, 91, 92, 95, 96, 98, 101, 105, 106, 107, 108, 119, 120, 122, 123, 125, 134, 135, 137, 140, 141, 144, 145, 146, 148, 149, 150, 151, 153, 155, 157, 158, 159, 160, 162, 164, 165, 166, 168, 177, 178, 180, 183, 184, 187, 188, 189, 191, 192, 193, 194, 196, 198, 200, 201, 202, 203, 205, 207, 208, 209, 211, 223, 224, 226, 227, 228, 229, 230, 231, 233, 234, 245, 247, 261, 262, 264, 265, 267, 271, 272, 274, 275, 277, 288, 289, 290, 299, 300, 301, 303, 305, 309, 310, 312, 313, 316, 317, 318, 319, 321, 322], "excluded_lines": []}, "": {"executed_lines": [], "summary": {"covered_lines": 0, "num_statements": 32, "percent_covered": 0.0, "percent_covered_display": "0", "missing_lines": 32, "excluded_lines": 0}, "missing_lines": [12, 13, 14, 16, 19, 20, 22, 23, 24, 25, 26, 28, 39, 40, 42, 43, 44, 46, 56, 64, 76, 103, 112, 127, 170, 213, 238, 259, 269, 281, 292, 307], "excluded_lines": []}}}, "app/src/application/controllers/track_resolver_controller.py": {"executed_lines": [], "summary": {"covered_lines": 0, "num_statements": 90, "percent_covered": 0.0, "percent_covered_display": "0", "missing_lines": 90, "excluded_lines": 0}, "missing_lines": [11, 12, 13, 14, 15, 17, 20, 30, 37, 38, 40, 50, 51, 52, 55, 56, 57, 58, 60, 61, 64, 66, 67, 68, 71, 72, 73, 74, 77, 78, 79, 80, 83, 84, 85, 86, 87, 88, 90, 91, 93, 103, 104, 106, 107, 108, 110, 111, 112, 114, 115, 116, 118, 120, 130, 131, 134, 135, 136, 137, 140, 141, 142, 143, 144, 146, 147, 149, 151, 161, 163, 173, 174, 175, 177, 178, 179, 180, 181, 182, 184, 185, 187, 188, 189, 191, 201, 202, 203, 205], "excluded_lines": [], "functions": {"TrackResolver.__init__": {"executed_lines": [], "summary": {"covered_lines": 0, "num_statements": 2, "percent_covered": 0.0, "percent_covered_display": "0", "missing_lines": 2, "excluded_lines": 0}, "missing_lines": [37, 38], "excluded_lines": []}, "TrackResolver.resolve_path": {"executed_lines": [], "summary": {"covered_lines": 0, "num_statements": 29, "percent_covered": 0.0, "percent_covered_display": "0", "missing_lines": 29, "excluded_lines": 0}, "missing_lines": [50, 51, 52, 55, 56, 57, 58, 60, 61, 64, 66, 67, 68, 71, 72, 73, 74, 77, 78, 79, 80, 83, 84, 85, 86, 87, 88, 90, 91], "excluded_lines": []}, "TrackResolver.validate_path": {"executed_lines": [], "summary": {"covered_lines": 0, "num_statements": 12, "percent_covered": 0.0, "percent_covered_display": "0", "missing_lines": 12, "excluded_lines": 0}, "missing_lines": [103, 104, 106, 107, 108, 110, 111, 112, 114, 115, 116, 118], "excluded_lines": []}, "TrackResolver._search_recursive": {"executed_lines": [], "summary": {"covered_lines": 0, "num_statements": 14, "percent_covered": 0.0, "percent_covered_display": "0", "missing_lines": 14, "excluded_lines": 0}, "missing_lines": [130, 131, 134, 135, 136, 137, 140, 141, 142, 143, 144, 146, 147, 149], "excluded_lines": []}, "TrackResolver.resolve_multiple": {"executed_lines": [], "summary": {"covered_lines": 0, "num_statements": 1, "percent_covered": 0.0, "percent_covered_display": "0", "missing_lines": 1, "excluded_lines": 0}, "missing_lines": [161], "excluded_lines": []}, "TrackResolver.find_tracks_in_directory": {"executed_lines": [], "summary": {"covered_lines": 0, "num_statements": 14, "percent_covered": 0.0, "percent_covered_display": "0", "missing_lines": 14, "excluded_lines": 0}, "missing_lines": [173, 174, 175, 177, 178, 179, 180, 181, 182, 184, 185, 187, 188, 189], "excluded_lines": []}, "TrackResolver.get_relative_path": {"executed_lines": [], "summary": {"covered_lines": 0, "num_statements": 4, "percent_covered": 0.0, "percent_covered_display": "0", "missing_lines": 4, "excluded_lines": 0}, "missing_lines": [201, 202, 203, 205], "excluded_lines": []}, "": {"executed_lines": [], "summary": {"covered_lines": 0, "num_statements": 14, "percent_covered": 0.0, "percent_covered_display": "0", "missing_lines": 14, "excluded_lines": 0}, "missing_lines": [11, 12, 13, 14, 15, 17, 20, 30, 40, 93, 120, 151, 163, 191], "excluded_lines": []}}, "classes": {"TrackResolver": {"executed_lines": [], "summary": {"covered_lines": 0, "num_statements": 76, "percent_covered": 0.0, "percent_covered_display": "0", "missing_lines": 76, "excluded_lines": 0}, "missing_lines": [37, 38, 50, 51, 52, 55, 56, 57, 58, 60, 61, 64, 66, 67, 68, 71, 72, 73, 74, 77, 78, 79, 80, 83, 84, 85, 86, 87, 88, 90, 91, 103, 104, 106, 107, 108, 110, 111, 112, 114, 115, 116, 118, 130, 131, 134, 135, 136, 137, 140, 141, 142, 143, 144, 146, 147, 149, 161, 173, 174, 175, 177, 178, 179, 180, 181, 182, 184, 185, 187, 188, 189, 201, 202, 203, 205], "excluded_lines": []}, "": {"executed_lines": [], "summary": {"covered_lines": 0, "num_statements": 14, "percent_covered": 0.0, "percent_covered_display": "0", "missing_lines": 14, "excluded_lines": 0}, "missing_lines": [11, 12, 13, 14, 15, 17, 20, 30, 40, 93, 120, 151, 163, 191], "excluded_lines": []}}}, "app/src/application/controllers/upload_controller.py": {"executed_lines": [], "summary": {"covered_lines": 0, "num_statements": 87, "percent_covered": 0.0, "percent_covered_display": "0", "missing_lines": 87, "excluded_lines": 0}, "missing_lines": [12, 13, 14, 16, 19, 20, 21, 22, 23, 26, 29, 34, 50, 51, 56, 57, 58, 61, 62, 65, 71, 83, 87, 88, 89, 90, 93, 101, 102, 103, 105, 106, 108, 110, 116, 117, 124, 128, 129, 130, 131, 134, 135, 146, 148, 152, 153, 154, 156, 158, 159, 160, 171, 173, 174, 176, 177, 178, 180, 181, 183, 184, 186, 189, 190, 193, 194, 195, 197, 198, 199, 202, 203, 204, 205, 208, 209, 211, 213, 226, 230, 242, 244, 245, 246, 247, 252], "excluded_lines": [], "functions": {"UploadController.__init__": {"executed_lines": [], "summary": {"covered_lines": 0, "num_statements": 8, "percent_covered": 0.0, "percent_covered_display": "0", "missing_lines": 8, "excluded_lines": 0}, "missing_lines": [50, 51, 56, 57, 58, 61, 62, 65], "excluded_lines": []}, "UploadController.init_upload_session": {"executed_lines": [], "summary": {"covered_lines": 0, "num_statements": 13, "percent_covered": 0.0, "percent_covered_display": "0", "missing_lines": 13, "excluded_lines": 0}, "missing_lines": [83, 87, 88, 89, 90, 93, 101, 102, 103, 105, 106, 108, 110], "excluded_lines": []}, "UploadController.upload_chunk": {"executed_lines": [], "summary": {"covered_lines": 0, "num_statements": 8, "percent_covered": 0.0, "percent_covered_display": "0", "missing_lines": 8, "excluded_lines": 0}, "missing_lines": [124, 128, 129, 130, 131, 134, 135, 146], "excluded_lines": []}, "UploadController.get_session_status": {"executed_lines": [], "summary": {"covered_lines": 0, "num_statements": 4, "percent_covered": 0.0, "percent_covered_display": "0", "missing_lines": 4, "excluded_lines": 0}, "missing_lines": [152, 153, 154, 156], "excluded_lines": []}, "UploadController.finalize_upload": {"executed_lines": [], "summary": {"covered_lines": 0, "num_statements": 35, "percent_covered": 0.0, "percent_covered_display": "0", "missing_lines": 35, "excluded_lines": 0}, "missing_lines": [171, 173, 174, 176, 177, 178, 180, 181, 183, 184, 186, 189, 190, 193, 194, 195, 197, 198, 199, 202, 203, 204, 205, 208, 209, 211, 213, 226, 230, 242, 244, 245, 246, 247, 252], "excluded_lines": []}, "": {"executed_lines": [], "summary": {"covered_lines": 0, "num_statements": 19, "percent_covered": 0.0, "percent_covered_display": "0", "missing_lines": 19, "excluded_lines": 0}, "missing_lines": [12, 13, 14, 16, 19, 20, 21, 22, 23, 26, 29, 34, 71, 116, 117, 148, 158, 159, 160], "excluded_lines": []}}, "classes": {"UploadController": {"executed_lines": [], "summary": {"covered_lines": 0, "num_statements": 68, "percent_covered": 0.0, "percent_covered_display": "0", "missing_lines": 68, "excluded_lines": 0}, "missing_lines": [50, 51, 56, 57, 58, 61, 62, 65, 83, 87, 88, 89, 90, 93, 101, 102, 103, 105, 106, 108, 110, 124, 128, 129, 130, 131, 134, 135, 146, 152, 153, 154, 156, 171, 173, 174, 176, 177, 178, 180, 181, 183, 184, 186, 189, 190, 193, 194, 195, 197, 198, 199, 202, 203, 204, 205, 208, 209, 211, 213, 226, 230, 242, 244, 245, 246, 247, 252], "excluded_lines": []}, "": {"executed_lines": [], "summary": {"covered_lines": 0, "num_statements": 19, "percent_covered": 0.0, "percent_covered_display": "0", "missing_lines": 19, "excluded_lines": 0}, "missing_lines": [12, 13, 14, 16, 19, 20, 21, 22, 23, 26, 29, 34, 71, 116, 117, 148, 158, 159, 160], "excluded_lines": []}}}, "app/src/application/di/__init__.py": {"executed_lines": [], "summary": {"covered_lines": 0, "num_statements": 2, "percent_covered": 0.0, "percent_covered_display": "0", "missing_lines": 2, "excluded_lines": 0}, "missing_lines": [7, 9], "excluded_lines": [], "functions": {"": {"executed_lines": [], "summary": {"covered_lines": 0, "num_statements": 2, "percent_covered": 0.0, "percent_covered_display": "0", "missing_lines": 2, "excluded_lines": 0}, "missing_lines": [7, 9], "excluded_lines": []}}, "classes": {"": {"executed_lines": [], "summary": {"covered_lines": 0, "num_statements": 2, "percent_covered": 0.0, "percent_covered_display": "0", "missing_lines": 2, "excluded_lines": 0}, "missing_lines": [7, 9], "excluded_lines": []}}}, "app/src/applic
[...]
": 0, "num_statements": 259, "percent_covered": 0.0, "percent_covered_display": "0", "missing_lines": 259, "excluded_lines": 1}, "missing_lines": [12, 13, 14, 15, 17, 18, 19, 20, 21, 23, 26, 34, 44, 45, 46, 47, 48, 49, 50, 51, 52, 53, 54, 57, 58, 60, 62, 64, 65, 67, 68, 70, 72, 74, 75, 76, 78, 79, 80, 83, 84, 86, 87, 88, 90, 91, 93, 94, 95, 96, 97, 101, 102, 103, 104, 106, 107, 109, 112, 113, 115, 116, 119, 121, 122, 125, 126, 129, 130, 131, 134, 135, 136, 139, 140, 144, 146, 147, 149, 151, 152, 154, 156, 157, 159, 161, 162, 163, 166, 167, 168, 171, 172, 173, 177, 178, 181, 184, 185, 186, 188, 189, 190, 192, 193, 196, 197, 199, 200, 203, 204, 207, 210, 213, 214, 215, 217, 219, 224, 225, 226, 227, 228, 232, 233, 236, 237, 238, 240, 241, 244, 245, 247, 251, 252, 254, 255, 262, 263, 264, 265, 267, 268, 269, 270, 271, 273, 275, 278, 279, 280, 283, 284, 286, 287, 289, 290, 292, 294, 295, 296, 298, 300, 301, 303, 305, 306, 308, 310, 311, 313, 315, 317, 318, 319, 320, 322, 326, 327, 328, 329, 331, 335, 342, 354, 355, 356, 357, 358, 360, 362, 368, 369, 370, 371, 373, 374, 375, 377, 378, 380, 381, 383, 384, 385, 387, 388, 389, 392, 393, 395, 397, 403, 406, 408, 410, 411, 415, 416, 419, 420, 423, 424, 427, 429, 430, 431, 433, 434, 438, 440, 441, 444, 445, 449, 451, 452, 454, 457, 458, 461, 463, 465, 467, 468, 470, 471, 477, 479, 480, 482, 484, 485, 486, 490, 496, 497, 499, 500], "excluded_lines": [99], "functions": {"TrackProgressService.__init__": {"executed_lines": [], "summary": {"covered_lines": 0, "num_statements": 14, "percent_covered": 0.0, "percent_covered_display": "0", "missing_lines": 14, "excluded_lines": 0}, "missing_lines": [44, 45, 46, 47, 48, 49, 50, 51, 52, 53, 54, 57, 58, 60], "excluded_lines": []}, "TrackProgressService._detect_controller_type": {"executed_lines": [], "summary": {"covered_lines": 0, "num_statements": 5, "percent_covered": 0.0, "percent_covered_display": "0", "missing_lines": 5, "excluded_lines": 0}, "missing_lines": [64, 65, 67, 68, 70], "excluded_lines": []}, "TrackProgressService.start": {"executed_lines": [], "summary": {"covered_lines": 0, "num_statements": 6, "percent_covered": 0.0, "percent_covered_display": "0", "missing_lines": 6, "excluded_lines": 0}, "missing_lines": [74, 75, 76, 78, 79, 80], "excluded_lines": []}, "TrackProgressService.stop": {"executed_lines": [], "summary": {"covered_lines": 0, "num_statements": 14, "percent_covered": 0.0, "percent_covered_display": "0", "missing_lines": 14, "excluded_lines": 1}, "missing_lines": [86, 87, 88, 90, 91, 93, 94, 95, 96, 97, 101, 102, 103, 104], "excluded_lines": [99]}, "TrackProgressService._progress_loop": {"executed_lines": [], "summary": {"covered_lines": 0, "num_statements": 19, "percent_covered": 0.0, "percent_covered_display": "0", "missing_lines": 19, "excluded_lines": 0}, "missing_lines": [109, 112, 113, 115, 116, 119, 121, 122, 125, 126, 129, 130, 131, 134, 135, 136, 139, 140, 144], "excluded_lines": []}, "TrackProgressService._emit_progress": {"executed_lines": [], "summary": {"covered_lines": 0, "num_statements": 69, "percent_covered": 0.0, "percent_covered_display": "0", "missing_lines": 69, "excluded_lines": 0}, "missing_lines": [149, 151, 152, 154, 156, 157, 159, 161, 162, 163, 166, 167, 168, 171, 172, 173, 177, 178, 181, 184, 185, 186, 188, 189, 190, 192, 193, 196, 197, 199, 200, 203, 204, 207, 210, 213, 214, 215, 217, 219, 224, 225, 226, 227, 228, 232, 233, 236, 237, 238, 240, 241, 244, 245, 247, 251, 252, 254, 255, 262, 263, 264, 265, 267, 268, 269, 270, 271, 273], "excluded_lines": []}, "TrackProgressService._validate_position_data": {"executed_lines": [], "summary": {"covered_lines": 0, "num_statements": 10, "percent_covered": 0.0, "percent_covered_display": "0", "missing_lines": 10, "excluded_lines": 0}, "missing_lines": [278, 279, 280, 283, 284, 286, 287, 289, 290, 292], "excluded_lines": []}, "TrackProgressService._safe_operation_context": {"executed_lines": [], "summary": {"covered_lines": 0, "num_statements": 1, "percent_covered": 0.0, "percent_covered_display": "0", "missing_lines": 1, "excluded_lines": 0}, "missing_lines": [298], "excluded_lines": []}, "TrackProgressService.emit_immediate_position": {"executed_lines": [], "summary": {"covered_lines": 0, "num_statements": 1, "percent_covered": 0.0, "percent_covered_display": "0", "missing_lines": 1, "excluded_lines": 0}, "missing_lines": [303], "excluded_lines": []}, "TrackProgressService.is_running": {"executed_lines": [], "summary": {"covered_lines": 0, "num_statements": 1, "percent_covered": 0.0, "percent_covered_display": "0", "missing_lines": 1, "excluded_lines": 0}, "missing_lines": [308], "excluded_lines": []}, "TrackProgressService.error_count": {"executed_lines": [], "summary": {"covered_lines": 0, "num_statements": 1, "percent_covered": 0.0, "percent_covered_display": "0", "missing_lines": 1, "excluded_lines": 0}, "missing_lines": [313], "excluded_lines": []}, "TrackProgressService.reset_error_count": {"executed_lines": [], "summary": {"covered_lines": 0, "num_statements": 4, "percent_covered": 0.0, "percent_covered_display": "0", "missing_lines": 4, "excluded_lines": 0}, "missing_lines": [317, 318, 319, 320], "excluded_lines": []}, "TrackProgressService.configure_error_handling": {"executed_lines": [], "summary": {"covered_lines": 0, "num_statements": 5, "percent_covered": 0.0, "percent_covered_display": "0", "missing_lines": 5, "excluded_lines": 0}, "missing_lines": [326, 327, 328, 329, 331], "excluded_lines": []}, "TrackProgressService._reset_diagnostic_attributes": {"executed_lines": [], "summary": {"covered_lines": 0, "num_statements": 15, "percent_covered": 0.0, "percent_covered_display": "0", "missing_lines": 15, "excluded_lines": 0}, "missing_lines": [342, 354, 355, 356, 357, 358, 360, 362, 368, 369, 370, 371, 373, 374, 375], "excluded_lines": []}, "TrackProgressService._check_for_track_change": {"executed_lines": [], "summary": {"covered_lines": 0, "num_statements": 13, "percent_covered": 0.0, "percent_covered_display": "0", "missing_lines": 13, "excluded_lines": 0}, "missing_lines": [380, 381, 383, 384, 385, 387, 388, 389, 392, 393, 395, 397, 403], "excluded_lines": []}, "TrackProgressService._check_for_track_end": {"executed_lines": [], "summary": {"covered_lines": 0, "num_statements": 31, "percent_covered": 0.0, "percent_covered_display": "0", "missing_lines": 31, "excluded_lines": 0}, "missing_lines": [408, 410, 411, 415, 416, 419, 420, 423, 424, 427, 429, 430, 431, 433, 434, 438, 440, 441, 444, 445, 449, 451, 452, 454, 457, 458, 461, 463, 465, 467, 468], "excluded_lines": []}, "TrackProgressService._broadcast_player_state_after_auto_advance": {"executed_lines": [], "summary": {"covered_lines": 0, "num_statements": 12, "percent_covered": 0.0, "percent_covered_display": "0", "missing_lines": 12, "excluded_lines": 0}, "missing_lines": [477, 479, 480, 482, 484, 485, 486, 490, 496, 497, 499, 500], "excluded_lines": []}, "": {"executed_lines": [], "summary": {"covered_lines": 0, "num_statements": 38, "percent_covered": 0.0, "percent_covered_display": "0", "missing_lines": 38, "excluded_lines": 0}, "missing_lines": [12, 13, 14, 15, 17, 18, 19, 20, 21, 23, 26, 34, 62, 72, 83, 84, 106, 107, 146, 147, 275, 294, 295, 296, 300, 301, 305, 306, 310, 311, 315, 322, 335, 377, 378, 406, 470, 471], "excluded_lines": []}}, "classes": {"TrackProgressService": {"executed_lines": [], "summary": {"covered_lines": 0, "num_statements": 221, "percent_covered": 0.0, "percent_covered_display": "0", "missing_lines": 221, "excluded_lines": 1}, "missing_lines": [44, 45, 46, 47, 48, 49, 50, 51, 52, 53, 54, 57, 58, 60, 64, 65, 67, 68, 70, 74, 75, 76, 78, 79, 80, 86, 87, 88, 90, 91, 93, 94, 95, 96, 97, 101, 102, 103, 104, 109, 112, 113, 115, 116, 119, 121, 122, 125, 126, 129, 130, 131, 134, 135, 136, 139, 140, 144, 149, 151, 152, 154, 156, 157, 159, 161, 162, 163, 166, 167, 168, 171, 172, 173, 177, 178, 181, 184, 185, 186, 188, 189, 190, 192, 193, 196, 197, 199, 200, 203, 204, 207, 210, 213, 214, 215, 217, 219, 224, 225, 226, 227, 228, 232, 233, 236, 237, 238, 240, 241, 244, 245, 247, 251, 252, 254, 255, 262, 263, 264, 265, 267, 268, 269, 270, 271, 273, 278, 279, 280, 283, 284, 286, 287, 289, 290, 292, 298, 303, 308, 313, 317, 318, 319, 320, 326, 327, 328, 329, 331, 342, 354, 355, 356, 357, 358, 360, 362, 368, 369, 370, 371, 373, 374, 375, 380, 381, 383, 384, 385, 387, 388, 389, 392, 393, 395, 397, 403, 408, 410, 411, 415, 416, 419, 420, 423, 424, 427, 429, 430, 431, 433, 434, 438, 440, 441, 444, 445, 449, 451, 452, 454, 457, 458, 461, 463, 465, 467, 468, 477, 479, 480, 482, 484, 485, 486, 490, 496, 497, 499, 500], "excluded_lines": [99]}, "": {"executed_lines": [], "summary": {"covered_lines": 0, "num_statements": 38, "percent_covered": 0.0, "percent_covered_display": "0", "missing_lines": 38, "excluded_lines": 0}, "missing_lines": [12, 13, 14, 15, 17, 18, 19, 20, 21, 23, 26, 34, 62, 72, 83, 84, 106, 107, 146, 147, 275, 294, 295, 296, 300, 301, 305, 306, 310, 311, 315, 322, 335, 377, 378, 406, 470, 471], "excluded_lines": []}}}, "app/src/services/upload_service.py": {"executed_lines": [], "summary": {"covered_lines": 0, "num_statements": 56, "percent_covered": 0.0, "percent_covered_display": "0", "missing_lines": 56, "excluded_lines": 0}, "missing_lines": [12, 13, 15, 16, 17, 19, 20, 21, 23, 26, 34, 38, 39, 40, 42, 46, 48, 54, 55, 57, 58, 60, 61, 69, 70, 71, 72, 78, 80, 81, 82, 97, 98, 100, 101, 105, 106, 111, 114, 115, 118, 119, 120, 121, 122, 123, 124, 125, 126, 128, 135, 136, 137, 138, 139, 140], "excluded_lines": [], "functions": {"UploadService.__init__": {"executed_lines": [], "summary": {"covered_lines": 0, "num_statements": 3, "percent_covered": 0.0, "percent_covered_display": "0", "missing_lines": 3, "excluded_lines": 0}, "missing_lines": [38, 39, 40], "excluded_lines": []}, "UploadService._allowed_file": {"executed_lines": [], "summary": {"covered_lines": 0, "num_statements": 1, "percent_covered": 0.0, "percent_covered_display": "0", "missing_lines": 1, "excluded_lines": 0}, "missing_lines": [46], "excluded_lines": []}, "UploadService._check_file_size": {"executed_lines": [], "summary": {"covered_lines": 0, "num_statements": 4, "percent_covered": 0.0, "percent_covered_display": "0", "missing_lines": 4, "excluded_lines": 0}, "missing_lines": [54, 55, 57, 58], "excluded_lines": []}, "UploadService.extract_metadata": {"executed_lines": [], "summary": {"covered_lines": 0, "num_statements": 5, "percent_covered": 0.0, "percent_covered_display": "0", "missing_lines": 5, "excluded_lines": 0}, "missing_lines": [69, 70, 71, 72, 78], "excluded_lines": []}, "UploadService.process_upload": {"executed_lines": [], "summary": {"covered_lines": 0, "num_statements": 18, "percent_covered": 0.0, "percent_covered_display": "0", "missing_lines": 18, "excluded_lines": 0}, "missing_lines": [97, 98, 100, 101, 105, 106, 111, 114, 115, 118, 119, 120, 121, 122, 123, 124, 125, 126], "excluded_lines": []}, "UploadService.cleanup_failed_upload": {"executed_lines": [], "summary": {"covered_lines": 0, "num_statements": 6, "percent_covered": 0.0, "percent_covered_display": "0", "missing_lines": 6, "excluded_lines": 0}, "missing_lines": [135, 136, 137, 138, 139, 140], "excluded_lines": []}, "": {"executed_lines": [], "summary": {"covered_lines": 0, "num_statements": 19, "percent_covered": 0.0, "percent_covered_display": "0", "missing_lines": 19, "excluded_lines": 0}, "missing_lines": [12, 13, 15, 16, 17, 19, 20, 21, 23, 26, 34, 42, 48, 60, 61, 80, 81, 82, 128], "excluded_lines": []}}, "classes": {"UploadService": {"executed_lines": [], "summary": {"covered_lines": 0, "num_statements": 37, "percent_covered": 0.0, "percent_covered_display": "0", "missing_lines": 37, "excluded_lines": 0}, "missing_lines": [38, 39, 40, 46, 54, 55, 57, 58, 69, 70, 71, 72, 78, 97, 98, 100, 101, 105, 106, 111, 114, 115, 118, 119, 120, 121, 122, 123, 124, 125, 126, 135, 136, 137, 138, 139, 140], "excluded_lines": []}, "": {"executed_lines": [], "summary": {"covered_lines": 0, "num_statements": 19, "percent_covered": 0.0, "percent_covered_display": "0", "missing_lines": 19, "excluded_lines": 0}, "missing_lines": [12, 13, 15, 16, 17, 19, 20, 21, 23, 26, 34, 42, 48, 60, 61, 80, 81, 82, 128], "excluded_lines": []}}}, "app/src/services/validation/__init__.py": {"executed_lines": [], "summary": {"covered_lines": 0, "num_statements": 2, "percent_covered": 0.0, "percent_covered_display": "0", "missing_lines": 2, "excluded_lines": 0}, "missing_lines": [7, 9], "excluded_lines": [], "functions": {"": {"executed_lines": [], "summary": {"covered_lines": 0, "num_statements": 2, "percent_covered": 0.0, "percent_covered_display": "0", "missing_lines": 2, "excluded_lines": 0}, "missing_lines": [7, 9], "excluded_lines": []}}, "classes": {"": {"executed_lines": [], "summary": {"covered_lines": 0, "num_statements": 2, "percent_covered": 0.0, "percent_covered_display": "0", "missing_lines": 2, "excluded_lines": 0}, "missing_lines": [7, 9], "excluded_lines": []}}}, "app/src/services/validation/unified_validation_service.py": {"executed_lines": [], "summary": {"covered_lines": 0, "num_statements": 203, "percent_covered": 0.0, "percent_covered_display": "0", "missing_lines": 203, "excluded_lines": 1}, "missing_lines": [12, 13, 14, 15, 16, 17, 19, 22, 25, 26, 27, 28, 31, 43, 44, 45, 46, 47, 49, 50, 60, 61, 81, 84, 85, 86, 87, 88, 89, 90, 91, 92, 94, 97, 98, 99, 102, 103, 104, 105, 106, 107, 113, 114, 117, 118, 119, 120, 128, 129, 130, 131, 134, 137, 139, 140, 141, 142, 145, 146, 147, 154, 156, 157, 158, 177, 180, 181, 182, 183, 184, 192, 193, 194, 197, 198, 201, 202, 203, 204, 205, 206, 212, 213, 216, 217, 219, 220, 222, 223, 231, 232, 237, 238, 239, 240, 246, 247, 249, 250, 251, 252, 255, 256, 261, 262, 263, 264, 266, 268, 269, 270, 282, 283, 285, 286, 288, 289, 290, 291, 293, 294, 295, 296, 297, 299, 300, 302, 303, 304, 306, 307, 317, 320, 321, 322, 327, 328, 329, 334, 335, 336, 337, 338, 339, 340, 348, 349, 350, 353, 354, 356, 358, 359, 369, 372, 373, 374, 375, 376, 381, 382, 383, 384, 385, 387, 389, 390, 392, 393, 395, 397, 398, 400, 401, 404, 405, 406, 409, 434, 435, 436, 438, 440, 441, 443, 444, 447, 449, 450, 461, 462, 465, 467, 470, 471, 474, 475, 478, 479, 482, 483, 486], "excluded_lines": [136], "functions": {"ValidationError.__init__": {"executed_lines": [], "summary": {"covered_lines": 0, "num_statements": 3, "percent_covered": 0.0, "percent_covered_display": "0", "missing_lines": 3, "excluded_lines": 0}, "missing_lines": [26, 27, 28], "excluded_lines": []}, "UnifiedValidationService.validate_playlist_data": {"executed_lines": [], "summary": {"covered_lines": 0, "num_statements": 40, "percent_covered": 0.0, "percent_covered_display": "0", "missing_lines": 40, "excluded_lines": 1}, "missing_lines": [81, 84, 85, 86, 87, 88, 89, 90, 91, 92, 94, 97, 98, 99, 102, 103, 104, 105, 106, 107, 113, 114, 117, 118, 119, 120, 128, 129, 130, 131, 134, 137, 139, 140, 141, 142, 145, 146, 147, 154], "excluded_lines": [136]}, "UnifiedValidationService.validate_track_data": {"executed_lines": [], "summary": {"covered_lines": 0, "num_statements": 44, "percent_covered": 0.0, "percent_covered_display": "0", "missing_lines": 44, "excluded_lines": 0}, "missing_lines": [177, 180, 181, 182, 183, 184, 192, 193, 194, 197, 198, 201, 202, 203, 204, 205, 206, 212, 213, 216, 217, 219, 220, 222, 223, 231, 232, 237, 238, 239, 240, 246, 247, 249, 250, 251, 252, 255, 256, 261, 262, 263, 264, 266], "excluded_lines": []}, "UnifiedValidationService.validate_audio_file": {"executed_lines": [], "summary": {"covered_lines": 0, "num_statements": 18, "percent_covered": 0.0, "percent_covered_display": "0", "missing_lines": 18, "excluded_lines": 0}, "missing_lines": [282, 283, 285, 286, 288, 289, 290, 291, 293, 294, 295, 296, 297, 299, 300, 302, 303, 304], "excluded_lines": []}, "UnifiedValidationService.validate_upload_session_data": {"executed_lines": [], "summary": {"covered_lines": 0, "num_statements": 20, "percent_covered": 0.0, "percent_covered_display": "0", "missing_lines": 20, "excluded_lines": 0}, "missing_lines": [317, 320, 321, 322, 327, 328, 329, 334, 335, 336, 337, 338, 339, 340, 348, 349, 350, 353, 354, 356], "excluded_lines": []}, "UnifiedValidationService.validate_nfc_association_data": {"executed_lines": [], "summary": {"covered_lines": 0, "num_statements": 12, "percent_covered": 0.0, "percent_covered_display": "0", "missing_lines": 12, "excluded_lines": 0}, "missing_lines": [369, 372, 373, 374, 375, 376, 381, 382, 383, 384, 385, 387], "excluded_lines": []}, "UnifiedValidationService._is_valid_string": {"executed_lines": [], "summary": {"covered_lines": 0, "num_statements": 3, "percent_covered": 0.0, "percent_covered_display": "0", "missing_lines": 3, "excluded_lines": 0}, "missing_lines": [392, 393, 395], "excluded_lines": []}, "UnifiedValidationService._is_valid_filename": {"executed_lines": [], "summary": {"covered_lines": 0, "num_statements": 10, "percent_covered": 0.0, "percent_covered_display": "0", "missing_lines": 10, "excluded_lines": 0}, "missing_lines": [400, 401, 404, 405, 406, 409, 434, 435, 436, 438], "excluded_lines": []}, "UnifiedValidationService._is_valid_id": {"executed_lines": [], "summary": {"covered_lines": 0, "num_statements": 3, "percent_covered": 0.0, "percent_covered_display": "0", "missing_lines": 3, "excluded_lines": 0}, "missing_lines": [443, 444, 447], "excluded_lines": []}, "UnifiedValidationService._has_audio_signature": {"executed_lines": [], "summary": {"covered_lines": 0, "num_statements": 13, "percent_covered": 0.0, "percent_covered_display": "0", "missing_lines": 13, "excluded_lines": 0}, "missing_lines": [461, 462, 465, 467, 470, 471, 474, 475, 478, 479, 482, 483, 486], "excluded_lines": []}, "": {"executed_lines": [], "summary": {"covered_lines": 0, "num_statements": 37, "percent_covered": 0.0, "percent_covered_display": "0", "missing_lines": 37, "excluded_lines": 0}, "missing_lines": [12, 13, 14, 15, 16, 17, 19, 22, 25, 31, 43, 44, 45, 46, 47, 49, 50, 60, 61, 156, 157, 158, 268, 269, 270, 306, 307, 358, 359, 389, 390, 397, 398, 440, 441, 449, 450], "excluded_lines": []}}, "classes": {"ValidationError": {"executed_lines": [], "summary": {"covered_lines": 0, "num_statements": 3, "percent_covered": 0.0, "percent_covered_display": "0", "missing_lines": 3, "excluded_lines": 0}, "missing_lines": [26, 27, 28], "excluded_lines": []}, "UnifiedValidationService": {"executed_lines": [], "summary": {"covered_lines": 0, "num_statements": 163, "percent_covered": 0.0, "percent_covered_display": "0", "missing_lines": 163, "excluded_lines": 1}, "missing_lines": [81, 84, 85, 86, 87, 88, 89, 90, 91, 92, 94, 97, 98, 99, 102, 103, 104, 105, 106, 107, 113, 114, 117, 118, 119, 120, 128, 129, 130, 131, 134, 137, 139, 140, 141, 142, 145, 146, 147, 154, 177, 180, 181, 182, 183, 184, 192, 193, 194, 197, 198, 201, 202, 203, 204, 205, 206, 212, 213, 216, 217, 219, 220, 222, 223, 231, 232, 237, 238, 239, 240, 246, 247, 249, 250, 251, 252, 255, 256, 261, 262, 263, 264, 266, 282, 283, 285, 286, 288, 289, 290, 291, 293, 294, 295, 296, 297, 299, 300, 302, 303, 304, 317, 320, 321, 322, 327, 328, 329, 334, 335, 336, 337, 338, 339, 340, 348, 349, 350, 353, 354, 356, 369, 372, 373, 374, 375, 376, 381, 382, 383, 384, 385, 387, 392, 393, 395, 400, 401, 404, 405, 406, 409, 434, 435, 436, 438, 443, 444, 447, 461, 462, 465, 467, 470, 471, 474, 475, 478, 479, 482, 483, 486], "excluded_lines": [136]}, "": {"executed_lines": [], "summary": {"covered_lines": 0, "num_statements": 37, "percent_covered": 0.0, "percent_covered_display": "0", "missing_lines": 37, "excluded_lines": 0}, "missing_lines": [12, 13, 14, 15, 16, 17, 19, 22, 25, 31, 43, 44, 45, 46, 47, 49, 50, 60, 61, 156, 157, 158, 268, 269, 270, 306, 307, 358, 359, 389, 390, 397, 398, 440, 441, 449, 450], "excluded_lines": []}}}}, "totals": {"covered_lines": 333, "num_statements": 11253, "percent_covered": 2.9592108770994403, "percent_covered_display": "3", "missing_lines": 10920, "excluded_lines": 132}}